INFO    2025-05-22 11:14:25,186d:\PytestAutoApi\logs\info-2025-05-22.log:mqtt.py:171 当前subscribe主题:plat/general_plat_to_dev/devices/d-f5701968-jmgm9cqp/send/+
INFO    2025-05-22 11:14:25,187d:\PytestAutoApi\logs\info-2025-05-22.log:mqtt.py:171 当前subscribe主题:device/network/devices/d-f5701968-jmgm9cqp/response/+
INFO    2025-05-22 11:14:25,187d:\PytestAutoApi\logs\info-2025-05-22.log:mqtt.py:174 add topic: device/network/devices/d-f5701968-jmgm9cqp/response/+
INFO    2025-05-22 11:14:25,187d:\PytestAutoApi\logs\info-2025-05-22.log:mqtt.py:171 当前subscribe主题:device/ntp/devices/d-f5701968-jmgm9cqp/response/+
INFO    2025-05-22 11:14:25,187d:\PytestAutoApi\logs\info-2025-05-22.log:mqtt.py:174 add topic: device/ntp/devices/d-f5701968-jmgm9cqp/response/+
INFO    2025-05-22 11:14:25,189d:\PytestAutoApi\logs\info-2025-05-22.log:mqtt.py:171 当前subscribe主题:plat/commands/home/+/devices/d-f5701968-jmgm9cqp/send/+
INFO    2025-05-22 11:14:25,189d:\PytestAutoApi\logs\info-2025-05-22.log:mqtt.py:171 当前subscribe主题:plat/properties_get/home/+/devices/d-f5701968-jmgm9cqp/send/+
INFO    2025-05-22 11:14:25,195d:\PytestAutoApi\logs\info-2025-05-22.log:mqtt.py:99 Connected Success
INFO    2025-05-22 11:15:04,881d:\PytestAutoApi\logs\info-2025-05-22.log:mqtt.py:171 当前subscribe主题:plat/general_plat_to_dev/devices/d-f5701968-w3o1q6nf/send/+
INFO    2025-05-22 11:15:04,881d:\PytestAutoApi\logs\info-2025-05-22.log:mqtt.py:171 当前subscribe主题:device/network/devices/d-f5701968-w3o1q6nf/response/+
INFO    2025-05-22 11:15:04,882d:\PytestAutoApi\logs\info-2025-05-22.log:mqtt.py:174 add topic: device/network/devices/d-f5701968-w3o1q6nf/response/+
INFO    2025-05-22 11:15:04,882d:\PytestAutoApi\logs\info-2025-05-22.log:mqtt.py:171 当前subscribe主题:device/ntp/devices/d-f5701968-w3o1q6nf/response/+
INFO    2025-05-22 11:15:04,882d:\PytestAutoApi\logs\info-2025-05-22.log:mqtt.py:174 add topic: device/ntp/devices/d-f5701968-w3o1q6nf/response/+
INFO    2025-05-22 11:15:04,882d:\PytestAutoApi\logs\info-2025-05-22.log:mqtt.py:171 当前subscribe主题:plat/commands/home/+/devices/d-f5701968-w3o1q6nf/send/+
INFO    2025-05-22 11:15:04,883d:\PytestAutoApi\logs\info-2025-05-22.log:mqtt.py:171 当前subscribe主题:plat/properties_get/home/+/devices/d-f5701968-w3o1q6nf/send/+
INFO    2025-05-22 11:15:04,894d:\PytestAutoApi\logs\info-2025-05-22.log:mqtt.py:99 Connected Success
INFO    2025-05-22 11:15:56,400d:\PytestAutoApi\logs\info-2025-05-22.log:mqtt.py:113 接受设备ntp上报的消息: 'b'\x08\xca\xf8\xd3\xbd\xef2\x10\xf0\x96\xf6\xaf\xef2\x18\xf5\x9b\xf6\xaf\xef2'' from topic: device/ntp/devices/d-f5701968-w3o1q6nf/response/requestId=
INFO    2025-05-22 11:15:56,404d:\PytestAutoApi\logs\info-2025-05-22.log:mqtt.py:135 服务器响ntp反序列化后数据:{'deviceSendTime': 1747912555594, 'serverRecvTime': 1747883756400, 'serverSendTime': 1747883757045}
INFO    2025-05-22 11:15:56,406d:\PytestAutoApi\logs\info-2025-05-22.log:mqtt.py:136 服务端unix时间: 1747869357126.0
INFO    2025-05-22 11:15:57,040d:\PytestAutoApi\logs\info-2025-05-22.log:mqtt.py:107 Received message: b'\n\tStartPlay\x12(ChNkLWY1NzAxOTY4LXczbzFxNm5mEPSg9q/vMg==\x18\xf5\xa0\xf6\xaf\xef2"\x14684-ed962e68-mi787uu' on topic plat/general_plat_to_dev/devices/d-f5701968-w3o1q6nf/send/requestId=
INFO    2025-05-22 11:16:34,406d:\PytestAutoApi\logs\info-2025-05-22.log:mqtt.py:113 接受设备ntp上报的消息: 'b'\x08\x98\xa5\xd6\xbd\xef2\x10\xd8\xc3\xf8\xaf\xef2\x18\xec\xc4\xf8\xaf\xef2'' from topic: device/ntp/devices/d-f5701968-w3o1q6nf/response/requestId=
INFO    2025-05-22 11:16:34,406d:\PytestAutoApi\logs\info-2025-05-22.log:mqtt.py:135 服务器响ntp反序列化后数据:{'deviceSendTime': 1747912594072, 'serverRecvTime': 1747883794904, 'serverSendTime': 1747883795052}
INFO    2025-05-22 11:16:34,406d:\PytestAutoApi\logs\info-2025-05-22.log:mqtt.py:136 服务端unix时间: 1747869395145.0
INFO    2025-05-22 11:17:07,412d:\PytestAutoApi\logs\info-2025-05-22.log:mqtt.py:113 接受设备ntp上报的消息: 'b'\x08\xa0\xa7\xd8\xbd\xef2\x10\xd0\xc2\xfa\xaf\xef2\x18\xda\xc6\xfa\xaf\xef2'' from topic: device/ntp/devices/d-f5701968-w3o1q6nf/response/requestId=
INFO    2025-05-22 11:17:07,413d:\PytestAutoApi\logs\info-2025-05-22.log:mqtt.py:135 服务器响ntp反序列化后数据:{'deviceSendTime': 1747912627104, 'serverRecvTime': 1747883827536, 'serverSendTime': 1747883828058}
INFO    2025-05-22 11:17:07,414d:\PytestAutoApi\logs\info-2025-05-22.log:mqtt.py:136 服务端unix时间: 1747869427951.5
INFO    2025-05-22 11:17:36,416d:\PytestAutoApi\logs\info-2025-05-22.log:mqtt.py:113 接受设备ntp上报的消息: 'b'\x08\xb8\x81\xda\xbd\xef2\x10\xff\xa2\xfc\xaf\xef2\x18\xa7\xa9\xfc\xaf\xef2'' from topic: device/ntp/devices/d-f5701968-w3o1q6nf/response/requestId=
INFO    2025-05-22 11:17:36,417d:\PytestAutoApi\logs\info-2025-05-22.log:mqtt.py:135 服务器响ntp反序列化后数据:{'deviceSendTime': 1747912655032, 'serverRecvTime': 1747883856255, 'serverSendTime': 1747883857063}
INFO    2025-05-22 11:17:36,417d:\PytestAutoApi\logs\info-2025-05-22.log:mqtt.py:136 服务端unix时间: 1747869457351.5
INFO    2025-05-22 11:18:06,420d:\PytestAutoApi\logs\info-2025-05-22.log:mqtt.py:113 接受设备ntp上报的消息: 'b'\x08\xb5\xf4\xdb\xbd\xef2\x10\xd5\x90\xfe\xaf\xef2\x18\xdc\x93\xfe\xaf\xef2'' from topic: device/ntp/devices/d-f5701968-w3o1q6nf/response/requestId=
INFO    2025-05-22 11:18:06,420d:\PytestAutoApi\logs\info-2025-05-22.log:mqtt.py:135 服务器响ntp反序列化后数据:{'deviceSendTime': 1747912686133, 'serverRecvTime': 1747883886677, 'serverSendTime': 1747883887068}
INFO    2025-05-22 11:18:06,421d:\PytestAutoApi\logs\info-2025-05-22.log:mqtt.py:136 服务端unix时间: 1747869487016.0
INFO    2025-05-22 11:18:41,426d:\PytestAutoApi\logs\info-2025-05-22.log:mqtt.py:113 接受设备ntp上报的消息: 'b'\x08\xe1\xfc\xdd\xbd\xef2\x10\xec\x9d\x80\xb0\xef2\x18\x9b\xa5\x80\xb0\xef2'' from topic: device/ntp/devices/d-f5701968-w3o1q6nf/response/requestId=
INFO    2025-05-22 11:18:41,427d:\PytestAutoApi\logs\info-2025-05-22.log:mqtt.py:135 服务器响ntp反序列化后数据:{'deviceSendTime': 1747912719969, 'serverRecvTime': 1747883921132, 'serverSendTime': 1747883922075}
INFO    2025-05-22 11:18:41,428d:\PytestAutoApi\logs\info-2025-05-22.log:mqtt.py:136 服务端unix时间: 1747869522332.5
INFO    2025-05-22 11:19:31,431d:\PytestAutoApi\logs\info-2025-05-22.log:mqtt.py:113 接受设备ntp上报的消息: 'b'\x08\xd3\x8b\xe1\xbd\xef2\x10\x8c\xa7\x83\xb0\xef2\x18\xf2\xab\x83\xb0\xef2'' from topic: device/ntp/devices/d-f5701968-w3o1q6nf/response/requestId=
INFO    2025-05-22 11:19:31,432d:\PytestAutoApi\logs\info-2025-05-22.log:mqtt.py:135 服务器响ntp反序列化后数据:{'deviceSendTime': 1747912771027, 'serverRecvTime': 1747883971468, 'serverSendTime': 1747883972082}
INFO    2025-05-22 11:19:31,432d:\PytestAutoApi\logs\info-2025-05-22.log:mqtt.py:136 服务端unix时间: 1747869571977.0
INFO    2025-05-22 11:20:08,435d:\PytestAutoApi\logs\info-2025-05-22.log:mqtt.py:113 接受设备ntp上报的消息: 'b'\x08\xb9\xa5\xe3\xbd\xef2\x10\x8c\xc8\x85\xb0\xef2\x18\x80\xcd\x85\xb0\xef2'' from topic: device/ntp/devices/d-f5701968-w3o1q6nf/response/requestId=
INFO    2025-05-22 11:20:08,435d:\PytestAutoApi\logs\info-2025-05-22.log:mqtt.py:135 服务器响ntp反序列化后数据:{'deviceSendTime': 1747912807097, 'serverRecvTime': 1747884008460, 'serverSendTime': 1747884009088}
INFO    2025-05-22 11:20:08,436d:\PytestAutoApi\logs\info-2025-05-22.log:mqtt.py:136 服务端unix时间: 1747869609443.0
INFO    2025-05-22 11:20:38,449d:\PytestAutoApi\logs\info-2025-05-22.log:mqtt.py:113 接受设备ntp上报的消息: 'b'\x08\xf9\x8f\xe5\xbd\xef2\x10\x81\xb0\x87\xb0\xef2\x18\xbb\xb7\x87\xb0\xef2'' from topic: device/ntp/devices/d-f5701968-w3o1q6nf/response/requestId=
INFO    2025-05-22 11:20:38,450d:\PytestAutoApi\logs\info-2025-05-22.log:mqtt.py:135 服务器响ntp反序列化后数据:{'deviceSendTime': 1747912837113, 'serverRecvTime': 1747884038145, 'serverSendTime': 1747884039099}
INFO    2025-05-22 11:20:38,451d:\PytestAutoApi\logs\info-2025-05-22.log:mqtt.py:136 服务端unix时间: 1747869639290.5
INFO    2025-05-22 11:21:12,449d:\PytestAutoApi\logs\info-2025-05-22.log:mqtt.py:113 接受设备ntp上报的消息: 'b'\x08\x80\xa1\xe7\xbd\xef2\x10\xfe\xbe\x89\xb0\xef2\x18\x8f\xc1\x89\xb0\xef2'' from topic: device/ntp/devices/d-f5701968-w3o1q6nf/response/requestId=
INFO    2025-05-22 11:21:12,449d:\PytestAutoApi\logs\info-2025-05-22.log:mqtt.py:135 服务器响ntp反序列化后数据:{'deviceSendTime': 1747912872064, 'serverRecvTime': 1747884072830, 'serverSendTime': 1747884073103}
INFO    2025-05-22 11:21:12,449d:\PytestAutoApi\logs\info-2025-05-22.log:mqtt.py:136 服务端unix时间: 1747869673159.0
INFO    2025-05-22 11:22:29,461d:\PytestAutoApi\logs\info-2025-05-22.log:mqtt.py:113 接受设备ntp上报的消息: 'b'\x08\xb5\xfa\xeb\xbd\xef2\x10\x98\x98\x8e\xb0\xef2\x18\xe5\x9a\x8e\xb0\xef2'' from topic: device/ntp/devices/d-f5701968-w3o1q6nf/response/requestId=
INFO    2025-05-22 11:22:29,461d:\PytestAutoApi\logs\info-2025-05-22.log:mqtt.py:135 服务器响ntp反序列化后数据:{'deviceSendTime': 1747912949045, 'serverRecvTime': 1747884149784, 'serverSendTime': 1747884150117}
INFO    2025-05-22 11:22:29,461d:\PytestAutoApi\logs\info-2025-05-22.log:mqtt.py:136 服务端unix时间: 1747869750158.5
INFO    2025-05-22 11:23:06,465d:\PytestAutoApi\logs\info-2025-05-22.log:mqtt.py:113 接受设备ntp上报的消息: 'b'\x08\xa1\x99\xee\xbd\xef2\x10\xca\xb5\x90\xb0\xef2\x18\xf3\xbb\x90\xb0\xef2'' from topic: device/ntp/devices/d-f5701968-w3o1q6nf/response/requestId=
INFO    2025-05-22 11:23:06,466d:\PytestAutoApi\logs\info-2025-05-22.log:mqtt.py:135 服务器响ntp反序列化后数据:{'deviceSendTime': 1747912985761, 'serverRecvTime': 1747884186314, 'serverSendTime': 1747884187123}
INFO    2025-05-22 11:23:06,466d:\PytestAutoApi\logs\info-2025-05-22.log:mqtt.py:136 服务端unix时间: 1747869787071.0
INFO    2025-05-22 11:24:40,480d:\PytestAutoApi\logs\info-2025-05-22.log:mqtt.py:113 接受设备ntp上报的消息: 'b'\x08\xda\xf6\xf3\xbd\xef2\x10\xd5\x95\x96\xb0\xef2\x18\xb6\x9a\x96\xb0\xef2'' from topic: device/ntp/devices/d-f5701968-w3o1q6nf/response/requestId=
INFO    2025-05-22 11:24:40,480d:\PytestAutoApi\logs\info-2025-05-22.log:mqtt.py:135 服务器响ntp反序列化后数据:{'deviceSendTime': 1747913079642, 'serverRecvTime': 1747884280533, 'serverSendTime': 1747884281142}
INFO    2025-05-22 11:24:40,480d:\PytestAutoApi\logs\info-2025-05-22.log:mqtt.py:136 服务端unix时间: 1747869881256.5
INFO    2025-05-22 11:25:09,484d:\PytestAutoApi\logs\info-2025-05-22.log:mqtt.py:113 接受设备ntp上报的消息: 'b'\x08\xc4\xd4\xf5\xbd\xef2\x10\xd8\xf6\x97\xb0\xef2\x18\x83\xfd\x97\xb0\xef2'' from topic: device/ntp/devices/d-f5701968-w3o1q6nf/response/requestId=
INFO    2025-05-22 11:25:09,486d:\PytestAutoApi\logs\info-2025-05-22.log:mqtt.py:135 服务器响ntp反序列化后数据:{'deviceSendTime': 1747913108036, 'serverRecvTime': 1747884309336, 'serverSendTime': 1747884310147}
INFO    2025-05-22 11:25:09,486d:\PytestAutoApi\logs\info-2025-05-22.log:mqtt.py:136 服务端unix时间: 1747869910466.5
INFO    2025-05-22 11:25:42,487d:\PytestAutoApi\logs\info-2025-05-22.log:mqtt.py:113 接受设备ntp上报的消息: 'b'\x08\xbf\xde\xf7\xbd\xef2\x10\x8b\xfe\x99\xb0\xef2\x18\xef\xfe\x99\xb0\xef2'' from topic: device/ntp/devices/d-f5701968-w3o1q6nf/response/requestId=
INFO    2025-05-22 11:25:42,487d:\PytestAutoApi\logs\info-2025-05-22.log:mqtt.py:135 服务器响ntp反序列化后数据:{'deviceSendTime': 1747913142079, 'serverRecvTime': 1747884343051, 'serverSendTime': 1747884343151}
INFO    2025-05-22 11:25:42,488d:\PytestAutoApi\logs\info-2025-05-22.log:mqtt.py:136 服务端unix时间: 1747869943305.0
