INFO    2025-06-19 15:59:36,381d:\PytestAutoApi\logs\info-2025-06-19.log:mqtt_main.py:22 初始化device
INFO    2025-06-19 15:59:36,420d:\PytestAutoApi\logs\info-2025-06-19.log:mqtt_main.py:46 激活所有设备...
INFO    2025-06-19 15:59:36,420d:\PytestAutoApi\logs\info-2025-06-19.log:device.py:209 [d-8d8b4768-ns6aoiho] Activating...
INFO    2025-06-19 15:59:36,423d:\PytestAutoApi\logs\info-2025-06-19.log:mqtt_client.py:39 Publishing to device/network/devices/d-8d8b4768-ns6aoiho/send/requestId=: b'\n\xa2\x02\n$57e220d2-4ce3-11f0-b061-ac50deed1590\x12$57e220d3-4ce3-11f0-8124-ac50deed1590\x1a\x13d-8d8b4768-ns6aoiho"$57e220d4-4ce3-11f0-ba18-ac50deed1590*\x13p-0c947c67-8ghjjvw32\x12uub197c66706beq0qcB\r192.168.0.200J\x08test_wykR\x06UTC+08r\x0edefault_socVerz\x0edefault_mcuVer\x82\x01\x13default_wirelessVer\x8a\x01\x02CN\x92\x01\x13default_serviceArea\x10\xe4\x9f\xcd\xb9\xf82\x1a\x0fdefault_authKey"\nrequestId='
INFO    2025-06-19 15:59:36,712d:\PytestAutoApi\logs\info-2025-06-19.log:device.py:106 [d-8d8b4768-ns6aoiho] Received message on topic: plat/general_plat_to_dev/devices/d-8d8b4768-ns6aoiho/send/requestId= 
type: "StoreBucket"
buff: "ChNkLThkOGI0NzY4LW5zNmFvaWhvEgNwaWMaA2F3cyIUQUtJQVpPV0xCWldMV1hDTkpNNzUqKHgwNE9VZElMdGFhZktxNFU2WHlwTWNyM1lJUG9zR1FjVTBNL0NxWXg6GnMzLnVzLXdlc3QtMS5hbWF6b25hd3MuY29tQgl1cy13ZXN0LTFKCXVzdmlkZW8zMA=="
time: 1750319977768
requestId: "768-69c35368-y4cl57j"

INFO    2025-06-19 15:59:36,881d:\PytestAutoApi\logs\info-2025-06-19.log:device.py:78 [d-8d8b4768-ns6aoiho] 网络激活响应: result: true

INFO    2025-06-19 15:59:57,986d:\PytestAutoApi\logs\info-2025-06-19.log:device.py:91 [d-8d8b4768-ns6aoiho] Received message on topic: device/general_dev_to_plat/devices/d-8d8b4768-ns6aoiho/response/requestId= 
type: "ShadowGet"
buff: "EhNkLThkOGI0NzY4LW5zNmFvaWhv"
time: 1750319999044
requestId: "d-8d8b4768-ns6aoiho"

INFO    2025-06-19 15:59:57,989d:\PytestAutoApi\logs\info-2025-06-19.log:device.py:98 [d-8d8b4768-ns6aoiho] 收到平台获取影子数据响应: 
objDevId: "d-8d8b4768-ns6aoiho"

INFO    2025-06-19 15:59:58,013d:\PytestAutoApi\logs\info-2025-06-19.log:device.py:106 [d-8d8b4768-ns6aoiho] Received message on topic: plat/general_plat_to_dev/devices/d-8d8b4768-ns6aoiho/send/requestId= 
type: "CloudPackage"
buff: "ChNkLThkOGI0NzY4LW5zNmFvaWhvEgExIPuqzbn4Mij8usiNgjMwATgeQhRBS0lBWk9XTEJaV0xXWENOSk03NUooeDA0T1VkSUx0YWFmS3E0VTZYeXBNY3IzWUlQb3NHUWNVME0vQ3FZeFIaczMudXMtd2VzdC0xLmFtYXpvbmF3cy5jb21aCXVzLXdlc3QtMWIJdXN2aWRlbzMwagNhd3M="
time: 1750319999071
requestId: "71-7fc35368-whqy799"

INFO    2025-06-19 15:59:58,013d:\PytestAutoApi\logs\info-2025-06-19.log:device.py:111 [d-8d8b4768-ns6aoiho] 收到云端下发数据: b'\n\x13d-8d8b4768-ns6aoiho\x12\x011 \xfb\xaa\xcd\xb9\xf82(\xfc\xba\xc8\x8d\x8230\x018\x1eB\x14AKIAZOWLBZWLWXCNJM75J(x04OUdILtaafKq4U6XypMcr3YIPosGQcU0M/CqYxR\x1as3.us-west-1.amazonaws.comZ\tus-west-1b\tusvideo30j\x03aws'
INFO    2025-06-19 15:59:58,013d:\PytestAutoApi\logs\info-2025-06-19.log:device.py:114 [d-8d8b4768-ns6aoiho] Received message on topic: plat/general_plat_to_dev/devices/d-8d8b4768-ns6aoiho/send/requestId= 
objDevId: "1"
requestId: "AKIAZOWLBZWLWXCNJM75"

INFO    2025-06-19 15:59:58,039d:\PytestAutoApi\logs\info-2025-06-19.log:device.py:159 服务器响ntp反序列化后数据:{'deviceSendTime': 1750348799247, 'serverRecvTime': 1750319998846, 'serverSendTime': 1750319999094}
INFO    2025-06-19 15:59:58,040d:\PytestAutoApi\logs\info-2025-06-19.log:device.py:160 服务端unix时间: 1750305598366.0
INFO    2025-06-19 16:00:30,494d:\PytestAutoApi\logs\info-2025-06-19.log:device.py:91 [d-8d8b4768-ns6aoiho] Received message on topic: device/general_dev_to_plat/devices/d-8d8b4768-ns6aoiho/response/requestId= 
type: "ShadowGet"
buff: "EhNkLThkOGI0NzY4LW5zNmFvaWhv"
time: 1750320031553
requestId: "d-8d8b4768-ns6aoiho"

INFO    2025-06-19 16:00:30,494d:\PytestAutoApi\logs\info-2025-06-19.log:device.py:98 [d-8d8b4768-ns6aoiho] 收到平台获取影子数据响应: 
objDevId: "d-8d8b4768-ns6aoiho"

INFO    2025-06-19 16:00:31,040d:\PytestAutoApi\logs\info-2025-06-19.log:device.py:159 服务器响ntp反序列化后数据:{'deviceSendTime': 1750348831617, 'serverRecvTime': 1750320031478, 'serverSendTime': 1750320032099}
INFO    2025-06-19 16:00:31,040d:\PytestAutoApi\logs\info-2025-06-19.log:device.py:160 服务端unix时间: 1750305631500.0
INFO    2025-06-19 16:02:58,036d:\PytestAutoApi\logs\info-2025-06-19.log:device.py:91 [d-8d8b4768-ns6aoiho] Received message on topic: device/general_dev_to_plat/devices/d-8d8b4768-ns6aoiho/response/requestId= 
type: "ShadowGet"
buff: "EhNkLThkOGI0NzY4LW5zNmFvaWhv"
time: 1750320179097
requestId: "d-8d8b4768-ns6aoiho"

INFO    2025-06-19 16:02:58,036d:\PytestAutoApi\logs\info-2025-06-19.log:device.py:98 [d-8d8b4768-ns6aoiho] 收到平台获取影子数据响应: 
objDevId: "d-8d8b4768-ns6aoiho"

INFO    2025-06-19 16:02:58,072d:\PytestAutoApi\logs\info-2025-06-19.log:device.py:159 服务器响ntp反序列化后数据:{'deviceSendTime': 1750348978942, 'serverRecvTime': 1750320178962, 'serverSendTime': 1750320179131}
INFO    2025-06-19 16:02:58,072d:\PytestAutoApi\logs\info-2025-06-19.log:device.py:160 服务端unix时间: 1750305778611.5
INFO    2025-06-19 16:07:46,117d:\PytestAutoApi\logs\info-2025-06-19.log:device.py:159 服务器响ntp反序列化后数据:{'deviceSendTime': 1750349266821, 'serverRecvTime': 1750320466739, 'serverSendTime': 1750320467188}
INFO    2025-06-19 16:07:46,118d:\PytestAutoApi\logs\info-2025-06-19.log:device.py:160 服务端unix时间: 1750306066611.5
INFO    2025-06-19 16:07:46,125d:\PytestAutoApi\logs\info-2025-06-19.log:device.py:91 [d-8d8b4768-ns6aoiho] Received message on topic: device/general_dev_to_plat/devices/d-8d8b4768-ns6aoiho/response/requestId= 
type: "ShadowGet"
buff: "EhNkLThkOGI0NzY4LW5zNmFvaWhv"
time: 1750320467198
requestId: "d-8d8b4768-ns6aoiho"

INFO    2025-06-19 16:07:46,126d:\PytestAutoApi\logs\info-2025-06-19.log:device.py:98 [d-8d8b4768-ns6aoiho] 收到平台获取影子数据响应: 
objDevId: "d-8d8b4768-ns6aoiho"

INFO    2025-06-19 16:07:46,138d:\PytestAutoApi\logs\info-2025-06-19.log:device.py:106 [d-8d8b4768-ns6aoiho] Received message on topic: plat/general_plat_to_dev/devices/d-8d8b4768-ns6aoiho/send/requestId= 
type: "HistoryUnbind"
buff: "ChNkLThkOGI0NzY4LW5zNmFvaWhvKhJ1dWIxOTdjNjY3MDZiZXEwcWM="
time: 1750320467211
requestId: "211-53c55368-yb82cxe"

INFO    2025-06-19 16:08:10,364d:\PytestAutoApi\logs\info-2025-06-19.log:device.py:106 [d-8d8b4768-ns6aoiho] Received message on topic: plat/general_plat_to_dev/devices/d-8d8b4768-ns6aoiho/send/requestId= 
type: "StoreBucket"
buff: "ChNkLThkOGI0NzY4LW5zNmFvaWhvEgNwaWMaA2F3cyIUQUtJQVpPV0xCWldMV1hDTkpNNzUqKHgwNE9VZElMdGFhZktxNFU2WHlwTWNyM1lJUG9zR1FjVTBNL0NxWXg6GnMzLnVzLXdlc3QtMS5hbWF6b25hd3MuY29tQgl1cy13ZXN0LTFKCXVzdmlkZW8zMA=="
time: 1750320491438
requestId: "438-6bc55368-ej6l7i3"

INFO    2025-06-19 16:08:10,465d:\PytestAutoApi\logs\info-2025-06-19.log:device.py:106 [d-8d8b4768-ns6aoiho] Received message on topic: plat/general_plat_to_dev/devices/d-8d8b4768-ns6aoiho/send/requestId= 
type: "CloudPackage"
buff: "ChNkLThkOGI0NzY4LW5zNmFvaWhvEgExIPvX7Ln4Mij85+eNgjMwATgeQhRBS0lBWk9XTEJaV0xXWENOSk03NUooeDA0T1VkSUx0YWFmS3E0VTZYeXBNY3IzWUlQb3NHUWNVME0vQ3FZeFIaczMudXMtd2VzdC0xLmFtYXpvbmF3cy5jb21aCXVzLXdlc3QtMWIJdXN2aWRlbzMwagNhd3M="
time: 1750320491540
requestId: "540-6bc55368-thwz3h0"

INFO    2025-06-19 16:08:10,465d:\PytestAutoApi\logs\info-2025-06-19.log:device.py:111 [d-8d8b4768-ns6aoiho] 收到云端下发数据: b'\n\x13d-8d8b4768-ns6aoiho\x12\x011 \xfb\xd7\xec\xb9\xf82(\xfc\xe7\xe7\x8d\x8230\x018\x1eB\x14AKIAZOWLBZWLWXCNJM75J(x04OUdILtaafKq4U6XypMcr3YIPosGQcU0M/CqYxR\x1as3.us-west-1.amazonaws.comZ\tus-west-1b\tusvideo30j\x03aws'
INFO    2025-06-19 16:08:10,465d:\PytestAutoApi\logs\info-2025-06-19.log:device.py:114 [d-8d8b4768-ns6aoiho] Received message on topic: plat/general_plat_to_dev/devices/d-8d8b4768-ns6aoiho/send/requestId= 
objDevId: "1"
requestId: "AKIAZOWLBZWLWXCNJM75"

INFO    2025-06-19 16:08:10,603d:\PytestAutoApi\logs\info-2025-06-19.log:device.py:78 [d-8d8b4768-ns6aoiho] 网络激活响应: result: true

INFO    2025-06-19 16:08:14,635d:\PytestAutoApi\logs\info-2025-06-19.log:device.py:91 [d-8d8b4768-ns6aoiho] Received message on topic: device/general_dev_to_plat/devices/d-8d8b4768-ns6aoiho/response/requestId= 
type: "ShadowGet"
buff: "EhNkLThkOGI0NzY4LW5zNmFvaWhv"
time: 1750320495712
requestId: "d-8d8b4768-ns6aoiho"

INFO    2025-06-19 16:08:14,635d:\PytestAutoApi\logs\info-2025-06-19.log:device.py:98 [d-8d8b4768-ns6aoiho] 收到平台获取影子数据响应: 
objDevId: "d-8d8b4768-ns6aoiho"

INFO    2025-06-19 16:08:15,115d:\PytestAutoApi\logs\info-2025-06-19.log:device.py:159 服务器响ntp反序列化后数据:{'deviceSendTime': 1750349295741, 'serverRecvTime': 1750320495356, 'serverSendTime': 1750320496192}
INFO    2025-06-19 16:08:15,115d:\PytestAutoApi\logs\info-2025-06-19.log:device.py:160 服务端unix时间: 1750306095461.0
INFO    2025-06-19 16:09:00,647d:\PytestAutoApi\logs\info-2025-06-19.log:device.py:91 [d-8d8b4768-ns6aoiho] Received message on topic: device/general_dev_to_plat/devices/d-8d8b4768-ns6aoiho/response/requestId= 
type: "ShadowGet"
buff: "EhNkLThkOGI0NzY4LW5zNmFvaWhv"
time: 1750320541724
requestId: "d-8d8b4768-ns6aoiho"

INFO    2025-06-19 16:09:00,647d:\PytestAutoApi\logs\info-2025-06-19.log:device.py:98 [d-8d8b4768-ns6aoiho] 收到平台获取影子数据响应: 
objDevId: "d-8d8b4768-ns6aoiho"

INFO    2025-06-19 16:09:00,647d:\PytestAutoApi\logs\info-2025-06-19.log:device.py:106 [d-8d8b4768-ns6aoiho] Received message on topic: plat/general_plat_to_dev/devices/d-8d8b4768-ns6aoiho/send/requestId= 
type: "HistoryUnbind"
buff: "ChNkLThkOGI0NzY4LW5zNmFvaWhvKhJ1dWIxOTdjNjY3MDZiZXEwcWM="
time: 1750320541735
requestId: "735-9dc55368-b7ausvk"

INFO    2025-06-19 16:09:01,119d:\PytestAutoApi\logs\info-2025-06-19.log:device.py:159 服务器响ntp反序列化后数据:{'deviceSendTime': 1750349341791, 'serverRecvTime': 1750320541484, 'serverSendTime': 1750320542196}
INFO    2025-06-19 16:09:01,119d:\PytestAutoApi\logs\info-2025-06-19.log:device.py:160 服务端unix时间: 1750306141504.0
INFO    2025-06-19 16:10:01,867d:\PytestAutoApi\logs\info-2025-06-19.log:device.py:106 [d-8d8b4768-ns6aoiho] Received message on topic: plat/general_plat_to_dev/devices/d-8d8b4768-ns6aoiho/send/requestId= 
type: "StoreBucket"
buff: "ChNkLThkOGI0NzY4LW5zNmFvaWhvEgNwaWMaA2F3cyIUQUtJQVpPV0xCWldMV1hDTkpNNzUqKHgwNE9VZElMdGFhZktxNFU2WHlwTWNyM1lJUG9zR1FjVTBNL0NxWXg6GnMzLnVzLXdlc3QtMS5hbWF6b25hd3MuY29tQgl1cy13ZXN0LTFKCXVzdmlkZW8zMA=="
time: 1750320602943
requestId: "943-dac55368-mzmj6hz"

INFO    2025-06-19 16:10:01,940d:\PytestAutoApi\logs\info-2025-06-19.log:device.py:106 [d-8d8b4768-ns6aoiho] Received message on topic: plat/general_plat_to_dev/devices/d-8d8b4768-ns6aoiho/send/requestId= 
type: "CloudPackage"
buff: "ChNkLThkOGI0NzY4LW5zNmFvaWhvEgExIPW+87n4Mij2zu6NgjMwATgeQhRBS0lBWk9XTEJaV0xXWENOSk03NUooeDA0T1VkSUx0YWFmS3E0VTZYeXBNY3IzWUlQb3NHUWNVME0vQ3FZeFIaczMudXMtd2VzdC0xLmFtYXpvbmF3cy5jb21aCXVzLXdlc3QtMWIJdXN2aWRlbzMwagNhd3M="
time: 1750320603017
requestId: "17-dbc55368-u85yv37"

INFO    2025-06-19 16:10:01,941d:\PytestAutoApi\logs\info-2025-06-19.log:device.py:111 [d-8d8b4768-ns6aoiho] 收到云端下发数据: b'\n\x13d-8d8b4768-ns6aoiho\x12\x011 \xf5\xbe\xf3\xb9\xf82(\xf6\xce\xee\x8d\x8230\x018\x1eB\x14AKIAZOWLBZWLWXCNJM75J(x04OUdILtaafKq4U6XypMcr3YIPosGQcU0M/CqYxR\x1as3.us-west-1.amazonaws.comZ\tus-west-1b\tusvideo30j\x03aws'
INFO    2025-06-19 16:10:01,942d:\PytestAutoApi\logs\info-2025-06-19.log:device.py:114 [d-8d8b4768-ns6aoiho] Received message on topic: plat/general_plat_to_dev/devices/d-8d8b4768-ns6aoiho/send/requestId= 
objDevId: "1"
requestId: "AKIAZOWLBZWLWXCNJM75"

INFO    2025-06-19 16:10:02,101d:\PytestAutoApi\logs\info-2025-06-19.log:device.py:78 [d-8d8b4768-ns6aoiho] 网络激活响应: result: true

INFO    2025-06-19 16:10:03,124d:\PytestAutoApi\logs\info-2025-06-19.log:device.py:159 服务器响ntp反序列化后数据:{'deviceSendTime': 1750349403920, 'serverRecvTime': 1750320603935, 'serverSendTime': 1750320604201}
INFO    2025-06-19 16:10:03,125d:\PytestAutoApi\logs\info-2025-06-19.log:device.py:160 服务端unix时间: 1750306203670.0
INFO    2025-06-19 16:10:03,167d:\PytestAutoApi\logs\info-2025-06-19.log:device.py:91 [d-8d8b4768-ns6aoiho] Received message on topic: device/general_dev_to_plat/devices/d-8d8b4768-ns6aoiho/response/requestId= 
type: "ShadowGet"
buff: "EhNkLThkOGI0NzY4LW5zNmFvaWhv"
time: 1750320604245
requestId: "d-8d8b4768-ns6aoiho"

INFO    2025-06-19 16:10:03,167d:\PytestAutoApi\logs\info-2025-06-19.log:device.py:98 [d-8d8b4768-ns6aoiho] 收到平台获取影子数据响应: 
objDevId: "d-8d8b4768-ns6aoiho"

INFO    2025-06-19 16:15:27,732d:\PytestAutoApi\logs\info-2025-06-19.log:device.py:91 [d-8d8b4768-ns6aoiho] Received message on topic: device/general_dev_to_plat/devices/d-8d8b4768-ns6aoiho/response/requestId= 
type: "ShadowGet"
buff: "EhNkLThkOGI0NzY4LW5zNmFvaWhv"
time: 1750320928832
requestId: "d-8d8b4768-ns6aoiho"

INFO    2025-06-19 16:15:27,732d:\PytestAutoApi\logs\info-2025-06-19.log:device.py:98 [d-8d8b4768-ns6aoiho] 收到平台获取影子数据响应: 
objDevId: "d-8d8b4768-ns6aoiho"

INFO    2025-06-19 16:15:28,148d:\PytestAutoApi\logs\info-2025-06-19.log:device.py:159 服务器响ntp反序列化后数据:{'deviceSendTime': 1750349729111, 'serverRecvTime': 1750320928767, 'serverSendTime': 1750320929239}
INFO    2025-06-19 16:15:28,148d:\PytestAutoApi\logs\info-2025-06-19.log:device.py:160 服务端unix时间: 1750306528521.5
INFO    2025-06-19 16:20:40,856d:\PytestAutoApi\logs\info-2025-06-19.log:device.py:91 [d-8d8b4768-ns6aoiho] Received message on topic: device/general_dev_to_plat/devices/d-8d8b4768-ns6aoiho/response/requestId= 
type: "ShadowGet"
buff: "EhNkLThkOGI0NzY4LW5zNmFvaWhv"
time: 1750321241955
requestId: "d-8d8b4768-ns6aoiho"

INFO    2025-06-19 16:20:40,857d:\PytestAutoApi\logs\info-2025-06-19.log:device.py:98 [d-8d8b4768-ns6aoiho] 收到平台获取影子数据响应: 
objDevId: "d-8d8b4768-ns6aoiho"

INFO    2025-06-19 16:20:40,868d:\PytestAutoApi\logs\info-2025-06-19.log:device.py:106 [d-8d8b4768-ns6aoiho] Received message on topic: plat/general_plat_to_dev/devices/d-8d8b4768-ns6aoiho/send/requestId= 
type: "HistoryUnbind"
buff: "ChNkLThkOGI0NzY4LW5zNmFvaWhvKhJ1dWIxOTdjNjY3MDZiZXEwcWM="
time: 1750321241968
requestId: "968-59c85368-9j7zz04"

INFO    2025-06-19 16:20:41,193d:\PytestAutoApi\logs\info-2025-06-19.log:device.py:159 服务器响ntp反序列化后数据:{'deviceSendTime': 1750350042483, 'serverRecvTime': 1750321241897, 'serverSendTime': 1750321242292}
INFO    2025-06-19 16:20:41,193d:\PytestAutoApi\logs\info-2025-06-19.log:device.py:160 服务端unix时间: 1750306841449.5
INFO    2025-06-19 16:21:12,082d:\PytestAutoApi\logs\info-2025-06-19.log:device.py:106 [d-8d8b4768-ns6aoiho] Received message on topic: plat/general_plat_to_dev/devices/d-8d8b4768-ns6aoiho/send/requestId= 
type: "StoreBucket"
buff: "ChNkLThkOGI0NzY4LW5zNmFvaWhvEgNwaWMaA2F3cyIUQUtJQVpPV0xCWldMV1hDTkpNNzUqKHgwNE9VZElMdGFhZktxNFU2WHlwTWNyM1lJUG9zR1FjVTBNL0NxWXg6GnMzLnVzLXdlc3QtMS5hbWF6b25hd3MuY29tQgl1cy13ZXN0LTFKCXVzdmlkZW8zMA=="
time: 1750321273181
requestId: "181-79c85368-4ar8fw1"

INFO    2025-06-19 16:21:12,178d:\PytestAutoApi\logs\info-2025-06-19.log:device.py:106 [d-8d8b4768-ns6aoiho] Received message on topic: plat/general_plat_to_dev/devices/d-8d8b4768-ns6aoiho/send/requestId= 
type: "CloudPackage"
buff: "ChNkLThkOGI0NzY4LW5zNmFvaWhvEgExIKaznLr4Miinw5eOgjMwATgeQhRBS0lBWk9XTEJaV0xXWENOSk03NUooeDA0T1VkSUx0YWFmS3E0VTZYeXBNY3IzWUlQb3NHUWNVME0vQ3FZeFIaczMudXMtd2VzdC0xLmFtYXpvbmF3cy5jb21aCXVzLXdlc3QtMWIJdXN2aWRlbzMwagNhd3M="
time: 1750321273278
requestId: "278-79c85368-lvq9gyp"

INFO    2025-06-19 16:21:12,180d:\PytestAutoApi\logs\info-2025-06-19.log:device.py:111 [d-8d8b4768-ns6aoiho] 收到云端下发数据: b'\n\x13d-8d8b4768-ns6aoiho\x12\x011 \xa6\xb3\x9c\xba\xf82(\xa7\xc3\x97\x8e\x8230\x018\x1eB\x14AKIAZOWLBZWLWXCNJM75J(x04OUdILtaafKq4U6XypMcr3YIPosGQcU0M/CqYxR\x1as3.us-west-1.amazonaws.comZ\tus-west-1b\tusvideo30j\x03aws'
INFO    2025-06-19 16:21:12,180d:\PytestAutoApi\logs\info-2025-06-19.log:device.py:114 [d-8d8b4768-ns6aoiho] Received message on topic: plat/general_plat_to_dev/devices/d-8d8b4768-ns6aoiho/send/requestId= 
objDevId: "1"
requestId: "AKIAZOWLBZWLWXCNJM75"

INFO    2025-06-19 16:21:13,940d:\PytestAutoApi\logs\info-2025-06-19.log:device.py:78 [d-8d8b4768-ns6aoiho] 网络激活响应: result: true

INFO    2025-06-19 16:21:14,868d:\PytestAutoApi\logs\info-2025-06-19.log:device.py:91 [d-8d8b4768-ns6aoiho] Received message on topic: device/general_dev_to_plat/devices/d-8d8b4768-ns6aoiho/response/requestId= 
type: "ShadowGet"
buff: "EhNkLThkOGI0NzY4LW5zNmFvaWhv"
time: 1750321275968
requestId: "d-8d8b4768-ns6aoiho"

INFO    2025-06-19 16:21:14,868d:\PytestAutoApi\logs\info-2025-06-19.log:device.py:98 [d-8d8b4768-ns6aoiho] 收到平台获取影子数据响应: 
objDevId: "d-8d8b4768-ns6aoiho"

INFO    2025-06-19 16:21:15,207d:\PytestAutoApi\logs\info-2025-06-19.log:device.py:159 服务器响ntp反序列化后数据:{'deviceSendTime': 1750350076307, 'serverRecvTime': 1750321275741, 'serverSendTime': 1750321276304}
INFO    2025-06-19 16:21:15,208d:\PytestAutoApi\logs\info-2025-06-19.log:device.py:160 服务端unix时间: 1750306875472.5
INFO    2025-06-19 16:21:44,375d:\PytestAutoApi\logs\info-2025-06-19.log:device.py:91 [d-8d8b4768-ns6aoiho] Received message on topic: device/general_dev_to_plat/devices/d-8d8b4768-ns6aoiho/response/requestId= 
type: "ShadowGet"
buff: "EhNkLThkOGI0NzY4LW5zNmFvaWhv"
time: 1750321305476
requestId: "d-8d8b4768-ns6aoiho"

INFO    2025-06-19 16:21:44,376d:\PytestAutoApi\logs\info-2025-06-19.log:device.py:98 [d-8d8b4768-ns6aoiho] 收到平台获取影子数据响应: 
objDevId: "d-8d8b4768-ns6aoiho"

INFO    2025-06-19 16:21:45,209d:\PytestAutoApi\logs\info-2025-06-19.log:device.py:159 服务器响ntp反序列化后数据:{'deviceSendTime': 1750350105741, 'serverRecvTime': 1750321305377, 'serverSendTime': 1750321306306}
INFO    2025-06-19 16:21:45,209d:\PytestAutoApi\logs\info-2025-06-19.log:device.py:160 服务端unix时间: 1750306905575.5
INFO    2025-06-19 16:22:56,216d:\PytestAutoApi\logs\info-2025-06-19.log:device.py:159 服务器响ntp反序列化后数据:{'deviceSendTime': 1750350176692, 'serverRecvTime': 1750321377078, 'serverSendTime': 1750321377317}
INFO    2025-06-19 16:22:56,217d:\PytestAutoApi\logs\info-2025-06-19.log:device.py:160 服务端unix时间: 1750306976959.5
INFO    2025-06-19 16:22:56,396d:\PytestAutoApi\logs\info-2025-06-19.log:device.py:91 [d-8d8b4768-ns6aoiho] Received message on topic: device/general_dev_to_plat/devices/d-8d8b4768-ns6aoiho/response/requestId= 
type: "ShadowGet"
buff: "EhNkLThkOGI0NzY4LW5zNmFvaWhv"
time: 1750321377500
requestId: "d-8d8b4768-ns6aoiho"

INFO    2025-06-19 16:22:56,397d:\PytestAutoApi\logs\info-2025-06-19.log:device.py:98 [d-8d8b4768-ns6aoiho] 收到平台获取影子数据响应: 
objDevId: "d-8d8b4768-ns6aoiho"

INFO    2025-06-19 16:24:05,922d:\PytestAutoApi\logs\info-2025-06-19.log:device.py:91 [d-8d8b4768-ns6aoiho] Received message on topic: device/general_dev_to_plat/devices/d-8d8b4768-ns6aoiho/response/requestId= 
type: "ShadowGet"
buff: "EhNkLThkOGI0NzY4LW5zNmFvaWhv"
time: 1750321447027
requestId: "d-8d8b4768-ns6aoiho"

INFO    2025-06-19 16:24:05,923d:\PytestAutoApi\logs\info-2025-06-19.log:device.py:98 [d-8d8b4768-ns6aoiho] 收到平台获取影子数据响应: 
objDevId: "d-8d8b4768-ns6aoiho"

INFO    2025-06-19 16:24:06,224d:\PytestAutoApi\logs\info-2025-06-19.log:device.py:159 服务器响ntp反序列化后数据:{'deviceSendTime': 1750350246903, 'serverRecvTime': 1750321446708, 'serverSendTime': 1750321447328}
INFO    2025-06-19 16:24:06,225d:\PytestAutoApi\logs\info-2025-06-19.log:device.py:160 服务端unix时间: 1750307046678.5
INFO    2025-06-19 16:27:59,496d:\PytestAutoApi\logs\info-2025-06-19.log:device.py:91 [d-8d8b4768-ns6aoiho] Received message on topic: device/general_dev_to_plat/devices/d-8d8b4768-ns6aoiho/response/requestId= 
type: "ShadowGet"
buff: "EhNkLThkOGI0NzY4LW5zNmFvaWhv"
time: 1750321680603
requestId: "d-8d8b4768-ns6aoiho"

INFO    2025-06-19 16:27:59,497d:\PytestAutoApi\logs\info-2025-06-19.log:device.py:98 [d-8d8b4768-ns6aoiho] 收到平台获取影子数据响应: 
objDevId: "d-8d8b4768-ns6aoiho"

INFO    2025-06-19 16:28:00,241d:\PytestAutoApi\logs\info-2025-06-19.log:device.py:159 服务器响ntp反序列化后数据:{'deviceSendTime': 1750350480311, 'serverRecvTime': 1750321680585, 'serverSendTime': 1750321681354}
INFO    2025-06-19 16:28:00,242d:\PytestAutoApi\logs\info-2025-06-19.log:device.py:160 服务端unix时间: 1750307280934.5
INFO    2025-06-19 16:28:50,509d:\PytestAutoApi\logs\info-2025-06-19.log:device.py:91 [d-8d8b4768-ns6aoiho] Received message on topic: device/general_dev_to_plat/devices/d-8d8b4768-ns6aoiho/response/requestId= 
type: "ShadowGet"
buff: "EhNkLThkOGI0NzY4LW5zNmFvaWhv"
time: 1750321731623
requestId: "d-8d8b4768-ns6aoiho"

INFO    2025-06-19 16:28:50,510d:\PytestAutoApi\logs\info-2025-06-19.log:device.py:98 [d-8d8b4768-ns6aoiho] 收到平台获取影子数据响应: 
objDevId: "d-8d8b4768-ns6aoiho"

INFO    2025-06-19 16:28:51,248d:\PytestAutoApi\logs\info-2025-06-19.log:device.py:159 服务器响ntp反序列化后数据:{'deviceSendTime': 1750350532011, 'serverRecvTime': 1750321731496, 'serverSendTime': 1750321732362}
INFO    2025-06-19 16:28:51,250d:\PytestAutoApi\logs\info-2025-06-19.log:device.py:160 服务端unix时间: 1750307331547.5
INFO    2025-06-19 16:31:24,063d:\PytestAutoApi\logs\info-2025-06-19.log:device.py:91 [d-8d8b4768-ns6aoiho] Received message on topic: device/general_dev_to_plat/devices/d-8d8b4768-ns6aoiho/response/requestId= 
type: "ShadowGet"
buff: "EhNkLThkOGI0NzY4LW5zNmFvaWhv"
time: 1750321885184
requestId: "d-8d8b4768-ns6aoiho"

INFO    2025-06-19 16:31:24,063d:\PytestAutoApi\logs\info-2025-06-19.log:device.py:98 [d-8d8b4768-ns6aoiho] 收到平台获取影子数据响应: 
objDevId: "d-8d8b4768-ns6aoiho"

INFO    2025-06-19 16:31:24,275d:\PytestAutoApi\logs\info-2025-06-19.log:device.py:159 服务器响ntp反序列化后数据:{'deviceSendTime': 1750350684941, 'serverRecvTime': 1750321884999, 'serverSendTime': 1750321885396}
INFO    2025-06-19 16:31:24,275d:\PytestAutoApi\logs\info-2025-06-19.log:device.py:160 服务端unix时间: 1750307484864.5
INFO    2025-06-19 16:31:52,217d:\PytestAutoApi\logs\info-2025-06-19.log:device.py:106 [d-8d8b4768-ns6aoiho] Received message on topic: plat/general_plat_to_dev/devices/d-8d8b4768-ns6aoiho/send/requestId= 
type: "StartPlay"
buff: "ChNkLThkOGI0NzY4LW5zNmFvaWhvEPm7w7r4Mg=="
time: 1750321913337
requestId: "337-f9ca5368-7o2coel"

INFO    2025-06-19 16:31:52,220d:\PytestAutoApi\logs\info-2025-06-19.log:device.py:119 [d-8d8b4768-ns6aoiho] 收到平台下发开始播放指令: b'\n\x13d-8d8b4768-ns6aoiho\x10\xf9\xbb\xc3\xba\xf82'
INFO    2025-06-19 16:46:20,475d:\PytestAutoApi\logs\info-2025-06-19.log:mqtt_main.py:22 初始化device
INFO    2025-06-19 16:46:20,535d:\PytestAutoApi\logs\info-2025-06-19.log:mqtt_main.py:46 激活所有设备...
INFO    2025-06-19 16:46:20,536d:\PytestAutoApi\logs\info-2025-06-19.log:device.py:209 [d-8d8b4768-ns6aoiho] Activating...
INFO    2025-06-19 16:46:20,537d:\PytestAutoApi\logs\info-2025-06-19.log:mqtt_client.py:39 Publishing to device/network/devices/d-8d8b4768-ns6aoiho/send/requestId=: b'\n\xa2\x02\n$df443bf5-4ce9-11f0-a713-ac50deed1590\x12$df44631b-4ce9-11f0-bbf6-ac50deed1590\x1a\x13d-8d8b4768-ns6aoiho"$df44631c-4ce9-11f0-9e6d-ac50deed1590*\x13p-0c947c67-8ghjjvw32\x12uub197c66706beq0qcB\r192.168.0.200J\x08test_wykR\x06UTC+08r\x0edefault_socVerz\x0edefault_mcuVer\x82\x01\x13default_wirelessVer\x8a\x01\x02CN\x92\x01\x13default_serviceArea\x10\xf8\xb2\xf8\xba\xf82\x1a\x0fdefault_authKey"\nrequestId='
INFO    2025-06-19 16:46:20,936d:\PytestAutoApi\logs\info-2025-06-19.log:device.py:106 [d-8d8b4768-ns6aoiho] Received message on topic: plat/general_plat_to_dev/devices/d-8d8b4768-ns6aoiho/send/requestId= 
type: "StoreBucket"
buff: "ChNkLThkOGI0NzY4LW5zNmFvaWhvEgNwaWMaA2F3cyIUQUtJQVpPV0xCWldMV1hDTkpNNzUqKHgwNE9VZElMdGFhZktxNFU2WHlwTWNyM1lJUG9zR1FjVTBNL0NxWXg6GnMzLnVzLXdlc3QtMS5hbWF6b25hd3MuY29tQgl1cy13ZXN0LTFKCXVzdmlkZW8zMA=="
time: 1750322782085
requestId: "85-5ece5368-t0kisk4"

INFO    2025-06-19 16:46:21,110d:\PytestAutoApi\logs\info-2025-06-19.log:device.py:78 [d-8d8b4768-ns6aoiho] 网络激活响应: result: true

INFO    2025-06-19 16:46:27,653d:\PytestAutoApi\logs\info-2025-06-19.log:device.py:106 [d-8d8b4768-ns6aoiho] Received message on topic: plat/general_plat_to_dev/devices/d-8d8b4768-ns6aoiho/send/requestId= 
type: "StartPlay"
buff: "ChNkLThkOGI0NzY4LW5zNmFvaWhvEMLz+Lr4Mg=="
time: 1750322788802
requestId: "802-64ce5368-whyc9ta"

INFO    2025-06-19 16:46:27,654d:\PytestAutoApi\logs\info-2025-06-19.log:device.py:119 [d-8d8b4768-ns6aoiho] 收到平台下发开始播放指令: b'\n\x13d-8d8b4768-ns6aoiho\x10\xc2\xf3\xf8\xba\xf82'
INFO    2025-06-19 16:46:27,656d:\PytestAutoApi\logs\info-2025-06-19.log:device.py:122 [d-8d8b4768-ns6aoiho] Received message on topic: plat/general_plat_to_dev/devices/d-8d8b4768-ns6aoiho/send/requestId= 

INFO    2025-06-19 16:46:45,846d:\PytestAutoApi\logs\info-2025-06-19.log:device.py:91 [d-8d8b4768-ns6aoiho] Received message on topic: device/general_dev_to_plat/devices/d-8d8b4768-ns6aoiho/response/requestId= 
type: "ShadowGet"
buff: "EhNkLThkOGI0NzY4LW5zNmFvaWhv"
time: 1750322806995
requestId: "d-8d8b4768-ns6aoiho"

INFO    2025-06-19 16:46:45,847d:\PytestAutoApi\logs\info-2025-06-19.log:device.py:98 [d-8d8b4768-ns6aoiho] 收到平台获取影子数据响应: 
objDevId: "d-8d8b4768-ns6aoiho"

INFO    2025-06-19 16:46:45,884d:\PytestAutoApi\logs\info-2025-06-19.log:device.py:106 [d-8d8b4768-ns6aoiho] Received message on topic: plat/general_plat_to_dev/devices/d-8d8b4768-ns6aoiho/send/requestId= 
type: "CloudPackage"
buff: "ChNkLThkOGI0NzY4LW5zNmFvaWhvEgExIM6/+Lr4MijPz/OOgjMwATgeQhRBS0lBWk9XTEJaV0xXWENOSk03NUooeDA0T1VkSUx0YWFmS3E0VTZYeXBNY3IzWUlQb3NHUWNVME0vQ3FZeFIaczMudXMtd2VzdC0xLmFtYXpvbmF3cy5jb21aCXVzLXdlc3QtMWIJdXN2aWRlbzMwagNhd3M="
time: 1750322807035
requestId: "35-77ce5368-bddh4if"

INFO    2025-06-19 16:46:45,885d:\PytestAutoApi\logs\info-2025-06-19.log:device.py:111 [d-8d8b4768-ns6aoiho] 收到云端下发数据: b'\n\x13d-8d8b4768-ns6aoiho\x12\x011 \xce\xbf\xf8\xba\xf82(\xcf\xcf\xf3\x8e\x8230\x018\x1eB\x14AKIAZOWLBZWLWXCNJM75J(x04OUdILtaafKq4U6XypMcr3YIPosGQcU0M/CqYxR\x1as3.us-west-1.amazonaws.comZ\tus-west-1b\tusvideo30j\x03aws'
INFO    2025-06-19 16:46:45,885d:\PytestAutoApi\logs\info-2025-06-19.log:device.py:114 [d-8d8b4768-ns6aoiho] Received message on topic: plat/general_plat_to_dev/devices/d-8d8b4768-ns6aoiho/send/requestId= 
objDevId: "1"
requestId: "AKIAZOWLBZWLWXCNJM75"

INFO    2025-06-19 16:46:46,364d:\PytestAutoApi\logs\info-2025-06-19.log:device.py:159 服务器响ntp反序列化后数据:{'deviceSendTime': 1750351606961, 'serverRecvTime': 1750322806579, 'serverSendTime': 1750322807510}
INFO    2025-06-19 16:46:46,365d:\PytestAutoApi\logs\info-2025-06-19.log:device.py:160 服务端unix时间: 1750308406746.0
INFO    2025-06-19 16:46:50,298d:\PytestAutoApi\logs\info-2025-06-19.log:device.py:106 [d-8d8b4768-ns6aoiho] Received message on topic: plat/general_plat_to_dev/devices/d-8d8b4768-ns6aoiho/send/requestId= 
type: "StartPlay"
buff: "ChNkLThkOGI0NzY4LW5zNmFvaWhvELik+rr4Mg=="
time: 1750322811448
requestId: "448-7bce5368-is064wh"

INFO    2025-06-19 16:46:50,299d:\PytestAutoApi\logs\info-2025-06-19.log:device.py:119 [d-8d8b4768-ns6aoiho] 收到平台下发开始播放指令: b'\n\x13d-8d8b4768-ns6aoiho\x10\xb8\xa4\xfa\xba\xf82'
INFO    2025-06-19 16:46:50,300d:\PytestAutoApi\logs\info-2025-06-19.log:device.py:122 [d-8d8b4768-ns6aoiho] Received message on topic: plat/general_plat_to_dev/devices/d-8d8b4768-ns6aoiho/send/requestId= 

INFO    2025-06-19 16:47:40,858d:\PytestAutoApi\logs\info-2025-06-19.log:device.py:91 [d-8d8b4768-ns6aoiho] Received message on topic: device/general_dev_to_plat/devices/d-8d8b4768-ns6aoiho/response/requestId= 
type: "ShadowGet"
buff: "EhNkLThkOGI0NzY4LW5zNmFvaWhv"
time: 1750322862011
requestId: "d-8d8b4768-ns6aoiho"

INFO    2025-06-19 16:47:40,859d:\PytestAutoApi\logs\info-2025-06-19.log:device.py:98 [d-8d8b4768-ns6aoiho] 收到平台获取影子数据响应: 
objDevId: "d-8d8b4768-ns6aoiho"

INFO    2025-06-19 16:47:41,368d:\PytestAutoApi\logs\info-2025-06-19.log:device.py:159 服务器响ntp反序列化后数据:{'deviceSendTime': 1750351662285, 'serverRecvTime': 1750322861906, 'serverSendTime': 1750322862521}
INFO    2025-06-19 16:47:41,369d:\PytestAutoApi\logs\info-2025-06-19.log:device.py:160 服务端unix时间: 1750308461755.0
INFO    2025-06-19 16:47:41,759d:\PytestAutoApi\logs\info-2025-06-19.log:device.py:106 [d-8d8b4768-ns6aoiho] Received message on topic: plat/general_plat_to_dev/devices/d-8d8b4768-ns6aoiho/send/requestId= 
type: "StartPlay"
buff: "ChNkLThkOGI0NzY4LW5zNmFvaWhvEMC2/br4Mg=="
time: 1750322862912
requestId: "912-aece5368-3xgwfga"

INFO    2025-06-19 16:47:41,761d:\PytestAutoApi\logs\info-2025-06-19.log:device.py:119 [d-8d8b4768-ns6aoiho] 收到平台下发开始播放指令: b'\n\x13d-8d8b4768-ns6aoiho\x10\xc0\xb6\xfd\xba\xf82'
INFO    2025-06-19 16:47:41,763d:\PytestAutoApi\logs\info-2025-06-19.log:device.py:122 [d-8d8b4768-ns6aoiho] Received message on topic: plat/general_plat_to_dev/devices/d-8d8b4768-ns6aoiho/send/requestId= 

INFO    2025-06-19 16:52:12,948d:\PytestAutoApi\logs\info-2025-06-19.log:device.py:91 [d-8d8b4768-ns6aoiho] Received message on topic: device/general_dev_to_plat/devices/d-8d8b4768-ns6aoiho/response/requestId= 
type: "ShadowGet"
buff: "EhNkLThkOGI0NzY4LW5zNmFvaWhv"
time: 1750323134111
requestId: "d-8d8b4768-ns6aoiho"

INFO    2025-06-19 16:52:12,949d:\PytestAutoApi\logs\info-2025-06-19.log:device.py:98 [d-8d8b4768-ns6aoiho] 收到平台获取影子数据响应: 
objDevId: "d-8d8b4768-ns6aoiho"

INFO    2025-06-19 16:52:13,397d:\PytestAutoApi\logs\info-2025-06-19.log:device.py:159 服务器响ntp反序列化后数据:{'deviceSendTime': 1750351934119, 'serverRecvTime': 1750323133780, 'serverSendTime': 1750323134558}
INFO    2025-06-19 16:52:13,399d:\PytestAutoApi\logs\info-2025-06-19.log:device.py:160 服务端unix时间: 1750308733808.0
INFO    2025-06-19 16:52:52,398d:\PytestAutoApi\logs\info-2025-06-19.log:device.py:159 服务器响ntp反序列化后数据:{'deviceSendTime': 1750351973384, 'serverRecvTime': 1750323173216, 'serverSendTime': 1750323173563}
INFO    2025-06-19 16:52:52,399d:\PytestAutoApi\logs\info-2025-06-19.log:device.py:160 服务端unix时间: 1750308772896.5
INFO    2025-06-19 16:52:52,454d:\PytestAutoApi\logs\info-2025-06-19.log:device.py:91 [d-8d8b4768-ns6aoiho] Received message on topic: device/general_dev_to_plat/devices/d-8d8b4768-ns6aoiho/response/requestId= 
type: "ShadowGet"
buff: "EhNkLThkOGI0NzY4LW5zNmFvaWhv"
time: 1750323173618
requestId: "d-8d8b4768-ns6aoiho"

INFO    2025-06-19 16:52:52,455d:\PytestAutoApi\logs\info-2025-06-19.log:device.py:98 [d-8d8b4768-ns6aoiho] 收到平台获取影子数据响应: 
objDevId: "d-8d8b4768-ns6aoiho"

INFO    2025-06-19 16:53:49,411d:\PytestAutoApi\logs\info-2025-06-19.log:device.py:159 服务器响ntp反序列化后数据:{'deviceSendTime': 1750352030262, 'serverRecvTime': 1750323230528, 'serverSendTime': 1750323230576}
INFO    2025-06-19 16:53:49,411d:\PytestAutoApi\logs\info-2025-06-19.log:device.py:160 服务端unix时间: 1750308830126.5
INFO    2025-06-19 16:53:49,479d:\PytestAutoApi\logs\info-2025-06-19.log:device.py:91 [d-8d8b4768-ns6aoiho] Received message on topic: device/general_dev_to_plat/devices/d-8d8b4768-ns6aoiho/response/requestId= 
type: "ShadowGet"
buff: "EhNkLThkOGI0NzY4LW5zNmFvaWhv"
time: 1750323230640
requestId: "d-8d8b4768-ns6aoiho"

INFO    2025-06-19 16:53:49,480d:\PytestAutoApi\logs\info-2025-06-19.log:device.py:98 [d-8d8b4768-ns6aoiho] 收到平台获取影子数据响应: 
objDevId: "d-8d8b4768-ns6aoiho"

INFO    2025-06-19 16:53:49,593d:\PytestAutoApi\logs\info-2025-06-19.log:device.py:106 [d-8d8b4768-ns6aoiho] Received message on topic: plat/general_plat_to_dev/devices/d-8d8b4768-ns6aoiho/send/requestId= 
type: "StartPlay"
buff: "ChNkLThkOGI0NzY4LW5zNmFvaWhvEKfwk7v4Mg=="
time: 1750323230759
requestId: "759-1ed05368-ydaw6l0"

INFO    2025-06-19 16:53:49,593d:\PytestAutoApi\logs\info-2025-06-19.log:device.py:119 [d-8d8b4768-ns6aoiho] 收到平台下发开始播放指令: b'\n\x13d-8d8b4768-ns6aoiho\x10\xa7\xf0\x93\xbb\xf82'
INFO    2025-06-19 16:53:49,594d:\PytestAutoApi\logs\info-2025-06-19.log:device.py:122 [d-8d8b4768-ns6aoiho] Received message on topic: plat/general_plat_to_dev/devices/d-8d8b4768-ns6aoiho/send/requestId= 

INFO    2025-06-19 16:59:29,635d:\PytestAutoApi\logs\info-2025-06-19.log:mqtt_main.py:22 初始化device
INFO    2025-06-19 16:59:29,692d:\PytestAutoApi\logs\info-2025-06-19.log:mqtt_main.py:46 激活所有设备...
INFO    2025-06-19 16:59:29,694d:\PytestAutoApi\logs\info-2025-06-19.log:device.py:210 [d-8d8b4768-ns6aoiho] Activating...
INFO    2025-06-19 16:59:29,696d:\PytestAutoApi\logs\info-2025-06-19.log:mqtt_client.py:39 Publishing to device/network/devices/d-8d8b4768-ns6aoiho/send/requestId=: b'\n\xa2\x02\n$b5a42b75-4ceb-11f0-947e-ac50deed1590\x12$b5a453a3-4ceb-11f0-8c2a-ac50deed1590\x1a\x13d-8d8b4768-ns6aoiho"$b5a453a4-4ceb-11f0-b816-ac50deed1590*\x13p-0c947c67-8ghjjvw32\x12uub197c66706beq0qcB\r192.168.0.200J\x08test_wykR\x06UTC+08r\x0edefault_socVerz\x0edefault_mcuVer\x82\x01\x13default_wirelessVer\x8a\x01\x02CN\x92\x01\x13default_serviceArea\x10\x9e\xc8\xa8\xbb\xf82\x1a\x0fdefault_authKey"\nrequestId='
INFO    2025-06-19 16:59:30,161d:\PytestAutoApi\logs\info-2025-06-19.log:device.py:107 [d-8d8b4768-ns6aoiho] Received message on topic: plat/general_plat_to_dev/devices/d-8d8b4768-ns6aoiho/send/requestId= 
type: "StoreBucket"
buff: "ChNkLThkOGI0NzY4LW5zNmFvaWhvEgNwaWMaA2F3cyIUQUtJQVpPV0xCWldMV1hDTkpNNzUqKHgwNE9VZElMdGFhZktxNFU2WHlwTWNyM1lJUG9zR1FjVTBNL0NxWXg6GnMzLnVzLXdlc3QtMS5hbWF6b25hd3MuY29tQgl1cy13ZXN0LTFKCXVzdmlkZW8zMA=="
time: 1750323571330
requestId: "330-73d15368-58mw8cw"

INFO    2025-06-19 16:59:30,326d:\PytestAutoApi\logs\info-2025-06-19.log:device.py:79 [d-8d8b4768-ns6aoiho] 网络激活响应: result: true

INFO    2025-06-19 16:59:50,371d:\PytestAutoApi\logs\info-2025-06-19.log:device.py:107 [d-8d8b4768-ns6aoiho] Received message on topic: plat/general_plat_to_dev/devices/d-8d8b4768-ns6aoiho/send/requestId= 
type: "StartPlay"
buff: "ChNkLThkOGI0NzY4LW5zNmFvaWhvEPvyqbv4Mg=="
time: 1750323591547
requestId: "547-87d15368-x4g5pef"

INFO    2025-06-19 16:59:50,373d:\PytestAutoApi\logs\info-2025-06-19.log:device.py:120 [d-8d8b4768-ns6aoiho] 收到平台下发开始播放指令: b'\n\x13d-8d8b4768-ns6aoiho\x10\xfb\xf2\xa9\xbb\xf82'
INFO    2025-06-19 16:59:50,374d:\PytestAutoApi\logs\info-2025-06-19.log:device.py:123 [d-8d8b4768-ns6aoiho] Received message on topic: plat/general_plat_to_dev/devices/d-8d8b4768-ns6aoiho/send/requestId= 
objDevId: "d-8d8b4768-ns6aoiho"
time: 1750323591547

INFO    2025-06-19 16:59:51,075d:\PytestAutoApi\logs\info-2025-06-19.log:device.py:92 [d-8d8b4768-ns6aoiho] Received message on topic: device/general_dev_to_plat/devices/d-8d8b4768-ns6aoiho/response/requestId= 
type: "ShadowGet"
buff: "EhNkLThkOGI0NzY4LW5zNmFvaWhv"
time: 1750323592253
requestId: "d-8d8b4768-ns6aoiho"

INFO    2025-06-19 16:59:51,076d:\PytestAutoApi\logs\info-2025-06-19.log:device.py:99 [d-8d8b4768-ns6aoiho] 收到平台获取影子数据响应: 
objDevId: "d-8d8b4768-ns6aoiho"

INFO    2025-06-19 16:59:51,099d:\PytestAutoApi\logs\info-2025-06-19.log:device.py:107 [d-8d8b4768-ns6aoiho] Received message on topic: plat/general_plat_to_dev/devices/d-8d8b4768-ns6aoiho/send/requestId= 
type: "CloudPackage"
buff: "ChNkLThkOGI0NzY4LW5zNmFvaWhvEgExINDVqLv4MijR5aOPgjMwATgeQhRBS0lBWk9XTEJaV0xXWENOSk03NUooeDA0T1VkSUx0YWFmS3E0VTZYeXBNY3IzWUlQb3NHUWNVME0vQ3FZeFIaczMudXMtd2VzdC0xLmFtYXpvbmF3cy5jb21aCXVzLXdlc3QtMWIJdXN2aWRlbzMwagNhd3M="
time: 1750323592277
requestId: "277-88d15368-wuvehj4"

INFO    2025-06-19 16:59:51,099d:\PytestAutoApi\logs\info-2025-06-19.log:device.py:112 [d-8d8b4768-ns6aoiho] 收到云端下发数据: b'\n\x13d-8d8b4768-ns6aoiho\x12\x011 \xd0\xd5\xa8\xbb\xf82(\xd1\xe5\xa3\x8f\x8230\x018\x1eB\x14AKIAZOWLBZWLWXCNJM75J(x04OUdILtaafKq4U6XypMcr3YIPosGQcU0M/CqYxR\x1as3.us-west-1.amazonaws.comZ\tus-west-1b\tusvideo30j\x03aws'
INFO    2025-06-19 16:59:51,100d:\PytestAutoApi\logs\info-2025-06-19.log:device.py:115 [d-8d8b4768-ns6aoiho] Received message on topic: plat/general_plat_to_dev/devices/d-8d8b4768-ns6aoiho/send/requestId= 
objDevId: "1"
requestId: "AKIAZOWLBZWLWXCNJM75"

INFO    2025-06-19 16:59:51,451d:\PytestAutoApi\logs\info-2025-06-19.log:device.py:160 服务器响ntp反序列化后数据:{'deviceSendTime': 1750352391593, 'serverRecvTime': 1750323591999, 'serverSendTime': 1750323592628}
INFO    2025-06-19 16:59:51,452d:\PytestAutoApi\logs\info-2025-06-19.log:device.py:161 服务端unix时间: 1750309192242.5
INFO    2025-06-19 17:02:06,928d:\PytestAutoApi\logs\info-2025-06-19.log:mqtt_main.py:22 初始化device
INFO    2025-06-19 17:02:06,990d:\PytestAutoApi\logs\info-2025-06-19.log:mqtt_main.py:46 激活所有设备...
INFO    2025-06-19 17:02:06,992d:\PytestAutoApi\logs\info-2025-06-19.log:device.py:210 [d-8d8b4768-ns6aoiho] Activating...
INFO    2025-06-19 17:02:06,993d:\PytestAutoApi\logs\info-2025-06-19.log:mqtt_client.py:39 Publishing to device/network/devices/d-8d8b4768-ns6aoiho/send/requestId=: b'\n\xa2\x02\n$1365e285-4cec-11f0-8100-ac50deed1590\x12$1365f8a3-4cec-11f0-b3e7-ac50deed1590\x1a\x13d-8d8b4768-ns6aoiho"$1365f8a4-4cec-11f0-8b1d-ac50deed1590*\x13p-0c947c67-8ghjjvw32\x12uub197c66706beq0qcB\r192.168.0.200J\x08test_wykR\x06UTC+08r\x0edefault_socVerz\x0edefault_mcuVer\x82\x01\x13default_wirelessVer\x8a\x01\x02CN\x92\x01\x13default_serviceArea\x10\x90\x95\xb2\xbb\xf82\x1a\x0fdefault_authKey"\nrequestId='
INFO    2025-06-19 17:02:07,190d:\PytestAutoApi\logs\info-2025-06-19.log:device.py:107 [d-8d8b4768-ns6aoiho] Received message on topic: plat/general_plat_to_dev/devices/d-8d8b4768-ns6aoiho/send/requestId= 
type: "StoreBucket"
buff: "ChNkLThkOGI0NzY4LW5zNmFvaWhvEgNwaWMaA2F3cyIUQUtJQVpPV0xCWldMV1hDTkpNNzUqKHgwNE9VZElMdGFhZktxNFU2WHlwTWNyM1lJUG9zR1FjVTBNL0NxWXg6GnMzLnVzLXdlc3QtMS5hbWF6b25hd3MuY29tQgl1cy13ZXN0LTFKCXVzdmlkZW8zMA=="
time: 1750323728364
requestId: "364-10d25368-gw7e65p"

INFO    2025-06-19 17:02:07,334d:\PytestAutoApi\logs\info-2025-06-19.log:device.py:79 [d-8d8b4768-ns6aoiho] 网络激活响应: result: true

INFO    2025-06-19 17:05:38,164d:\PytestAutoApi\logs\info-2025-06-19.log:device.py:92 [d-8d8b4768-ns6aoiho] Received message on topic: device/general_dev_to_plat/devices/d-8d8b4768-ns6aoiho/response/requestId= 
type: "ShadowGet"
buff: "EhNkLThkOGI0NzY4LW5zNmFvaWhv"
time: 1750323939353
requestId: "d-8d8b4768-ns6aoiho"

INFO    2025-06-19 17:05:38,165d:\PytestAutoApi\logs\info-2025-06-19.log:device.py:99 [d-8d8b4768-ns6aoiho] 收到平台获取影子数据响应: 
objDevId: "d-8d8b4768-ns6aoiho"

INFO    2025-06-19 17:05:38,194d:\PytestAutoApi\logs\info-2025-06-19.log:device.py:107 [d-8d8b4768-ns6aoiho] Received message on topic: plat/general_plat_to_dev/devices/d-8d8b4768-ns6aoiho/send/requestId= 
type: "CloudPackage"
buff: "ChNkLThkOGI0NzY4LW5zNmFvaWhvEgExIK6gsrv4MiivsK2PgjMwATgeQhRBS0lBWk9XTEJaV0xXWENOSk03NUooeDA0T1VkSUx0YWFmS3E0VTZYeXBNY3IzWUlQb3NHUWNVME0vQ3FZeFIaczMudXMtd2VzdC0xLmFtYXpvbmF3cy5jb21aCXVzLXdlc3QtMWIJdXN2aWRlbzMwagNhd3M="
time: 1750323939383
requestId: "383-e3d25368-dlsnc88"

INFO    2025-06-19 17:05:38,194d:\PytestAutoApi\logs\info-2025-06-19.log:device.py:112 [d-8d8b4768-ns6aoiho] 收到云端下发数据: b'\n\x13d-8d8b4768-ns6aoiho\x12\x011 \xae\xa0\xb2\xbb\xf82(\xaf\xb0\xad\x8f\x8230\x018\x1eB\x14AKIAZOWLBZWLWXCNJM75J(x04OUdILtaafKq4U6XypMcr3YIPosGQcU0M/CqYxR\x1as3.us-west-1.amazonaws.comZ\tus-west-1b\tusvideo30j\x03aws'
INFO    2025-06-19 17:05:38,194d:\PytestAutoApi\logs\info-2025-06-19.log:device.py:115 [d-8d8b4768-ns6aoiho] Received message on topic: plat/general_plat_to_dev/devices/d-8d8b4768-ns6aoiho/send/requestId= 
objDevId: "d-8d8b4768-ns6aoiho"

INFO    2025-06-19 17:05:38,487d:\PytestAutoApi\logs\info-2025-06-19.log:device.py:160 服务器响ntp反序列化后数据:{'deviceSendTime': 1750352738783, 'serverRecvTime': 1750323939169, 'serverSendTime': 1750323939674}
INFO    2025-06-19 17:05:38,488d:\PytestAutoApi\logs\info-2025-06-19.log:device.py:161 服务端unix时间: 1750309539273.5
INFO    2025-06-19 17:05:40,139d:\PytestAutoApi\logs\info-2025-06-19.log:device.py:107 [d-8d8b4768-ns6aoiho] Received message on topic: plat/general_plat_to_dev/devices/d-8d8b4768-ns6aoiho/send/requestId= 
type: "StartPlay"
buff: "ChNkLThkOGI0NzY4LW5zNmFvaWhvENCfv7v4Mg=="
time: 1750323941328
requestId: "328-e5d25368-vf5pekc"

INFO    2025-06-19 17:05:40,139d:\PytestAutoApi\logs\info-2025-06-19.log:device.py:120 [d-8d8b4768-ns6aoiho] 收到平台下发开始播放指令: b'\n\x13d-8d8b4768-ns6aoiho\x10\xd0\x9f\xbf\xbb\xf82'
INFO    2025-06-19 17:05:40,139d:\PytestAutoApi\logs\info-2025-06-19.log:device.py:123 [d-8d8b4768-ns6aoiho] Received message on topic: plat/general_plat_to_dev/devices/d-8d8b4768-ns6aoiho/send/requestId= 
objDevId: "d-8d8b4768-ns6aoiho"
time: 1750323941328

INFO    2025-06-19 17:11:05,152d:\PytestAutoApi\logs\info-2025-06-19.log:mqtt_main.py:22 初始化device
INFO    2025-06-19 17:11:05,212d:\PytestAutoApi\logs\info-2025-06-19.log:mqtt_main.py:46 激活所有设备...
INFO    2025-06-19 17:11:05,215d:\PytestAutoApi\logs\info-2025-06-19.log:device.py:211 [d-8d8b4768-ns6aoiho] Activating...
INFO    2025-06-19 17:11:05,217d:\PytestAutoApi\logs\info-2025-06-19.log:mqtt_client.py:39 Publishing to device/network/devices/d-8d8b4768-ns6aoiho/send/requestId=: b'\n\xa2\x02\n$543469bb-4ced-11f0-80cc-ac50deed1590\x12$543469bc-4ced-11f0-b73e-ac50deed1590\x1a\x13d-8d8b4768-ns6aoiho"$543469bd-4ced-11f0-8341-ac50deed1590*\x13p-0c947c67-8ghjjvw32\x12uub197c66706beq0qcB\r192.168.0.200J\x08test_wykR\x06UTC+08r\x0edefault_socVerz\x0edefault_mcuVer\x82\x01\x13default_wirelessVer\x8a\x01\x02CN\x92\x01\x13default_serviceArea\x10\xff\x81\xd3\xbb\xf82\x1a\x0fdefault_authKey"\nrequestId='
INFO    2025-06-19 17:11:05,290d:\PytestAutoApi\logs\info-2025-06-19.log:device.py:108 [d-8d8b4768-ns6aoiho] Received message on topic: plat/general_plat_to_dev/devices/d-8d8b4768-ns6aoiho/send/requestId= 
type: "StoreBucket"
buff: "ChNkLThkOGI0NzY4LW5zNmFvaWhvEgNwaWMaA2F3cyIUQUtJQVpPV0xCWldMV1hDTkpNNzUqKHgwNE9VZElMdGFhZktxNFU2WHlwTWNyM1lJUG9zR1FjVTBNL0NxWXg6GnMzLnVzLXdlc3QtMS5hbWF6b25hd3MuY29tQgl1cy13ZXN0LTFKCXVzdmlkZW8zMA=="
time: 1750324266493
requestId: "493-2ad45368-lhjuw9s"

INFO    2025-06-19 17:11:05,444d:\PytestAutoApi\logs\info-2025-06-19.log:device.py:80 [d-8d8b4768-ns6aoiho] 网络激活响应: result: true

INFO    2025-06-19 17:11:18,243d:\PytestAutoApi\logs\info-2025-06-19.log:device.py:93 [d-8d8b4768-ns6aoiho] Received message on topic: device/general_dev_to_plat/devices/d-8d8b4768-ns6aoiho/response/requestId= 
type: "ShadowGet"
buff: "EhNkLThkOGI0NzY4LW5zNmFvaWhv"
time: 1750324279451
requestId: "d-8d8b4768-ns6aoiho"

INFO    2025-06-19 17:11:18,252d:\PytestAutoApi\logs\info-2025-06-19.log:device.py:100 [d-8d8b4768-ns6aoiho] 收到平台获取影子数据响应: 
objDevId: "d-8d8b4768-ns6aoiho"

INFO    2025-06-19 17:11:18,275d:\PytestAutoApi\logs\info-2025-06-19.log:device.py:108 [d-8d8b4768-ns6aoiho] Received message on topic: plat/general_plat_to_dev/devices/d-8d8b4768-ns6aoiho/send/requestId= 
type: "CloudPackage"
buff: "ChNkLThkOGI0NzY4LW5zNmFvaWhvEgExIMKM07v4MijDnM6PgjMwATgeQhRBS0lBWk9XTEJaV0xXWENOSk03NUooeDA0T1VkSUx0YWFmS3E0VTZYeXBNY3IzWUlQb3NHUWNVME0vQ3FZeFIaczMudXMtd2VzdC0xLmFtYXpvbmF3cy5jb21aCXVzLXdlc3QtMWIJdXN2aWRlbzMwagNhd3M="
time: 1750324279475
requestId: "475-37d45368-b4ib07s"

INFO    2025-06-19 17:11:18,275d:\PytestAutoApi\logs\info-2025-06-19.log:device.py:113 [d-8d8b4768-ns6aoiho] 收到云端下发数据: b'\n\x13d-8d8b4768-ns6aoiho\x12\x011 \xc2\x8c\xd3\xbb\xf82(\xc3\x9c\xce\x8f\x8230\x018\x1eB\x14AKIAZOWLBZWLWXCNJM75J(x04OUdILtaafKq4U6XypMcr3YIPosGQcU0M/CqYxR\x1as3.us-west-1.amazonaws.comZ\tus-west-1b\tusvideo30j\x03aws'
INFO    2025-06-19 17:11:18,275d:\PytestAutoApi\logs\info-2025-06-19.log:device.py:116 [d-8d8b4768-ns6aoiho] Received message on topic: plat/general_plat_to_dev/devices/d-8d8b4768-ns6aoiho/send/requestId= 
objDevId: "d-8d8b4768-ns6aoiho"
eventId: "1"
zeroTm: 30
TmZone: "AKIAZOWLBZWLWXCNJM75"
encryptKey: "s3.us-west-1.amazonaws.com"

INFO    2025-06-19 17:11:18,530d:\PytestAutoApi\logs\info-2025-06-19.log:device.py:161 服务器响ntp反序列化后数据:{'deviceSendTime': 1750353078811, 'serverRecvTime': 1750324279120, 'serverSendTime': 1750324279729}
INFO    2025-06-19 17:11:18,530d:\PytestAutoApi\logs\info-2025-06-19.log:device.py:162 服务端unix时间: 1750309879284.0
INFO    2025-06-19 17:11:26,253d:\PytestAutoApi\logs\info-2025-06-19.log:device.py:93 [d-8d8b4768-ns6aoiho] Received message on topic: device/general_dev_to_plat/devices/d-8d8b4768-ns6aoiho/response/requestId= 
type: "ShadowGet"
buff: "EhNkLThkOGI0NzY4LW5zNmFvaWhv"
time: 1750324287454
requestId: "d-8d8b4768-ns6aoiho"

INFO    2025-06-19 17:11:26,253d:\PytestAutoApi\logs\info-2025-06-19.log:device.py:100 [d-8d8b4768-ns6aoiho] 收到平台获取影子数据响应: 
objDevId: "d-8d8b4768-ns6aoiho"

INFO    2025-06-19 17:11:26,531d:\PytestAutoApi\logs\info-2025-06-19.log:device.py:161 服务器响ntp反序列化后数据:{'deviceSendTime': 1750353087722, 'serverRecvTime': 1750324287191, 'serverSendTime': 1750324287731}
INFO    2025-06-19 17:11:26,532d:\PytestAutoApi\logs\info-2025-06-19.log:device.py:162 服务端unix时间: 1750309886865.5
INFO    2025-06-19 17:13:41,680d:\PytestAutoApi\logs\info-2025-06-19.log:mqtt_main.py:22 初始化device
INFO    2025-06-19 17:13:41,774d:\PytestAutoApi\logs\info-2025-06-19.log:mqtt_main.py:46 激活所有设备...
INFO    2025-06-19 17:13:41,774d:\PytestAutoApi\logs\info-2025-06-19.log:device.py:212 [d-8d8b4768-ns6aoiho] Activating...
INFO    2025-06-19 17:13:41,781d:\PytestAutoApi\logs\info-2025-06-19.log:mqtt_client.py:39 Publishing to device/network/devices/d-8d8b4768-ns6aoiho/send/requestId=: b'\n\xa2\x02\n$b186585e-4ced-11f0-914c-ac50deed1590\x12$b186585f-4ced-11f0-89f1-ac50deed1590\x1a\x13d-8d8b4768-ns6aoiho"$b1865860-4ced-11f0-916c-ac50deed1590*\x13p-0c947c67-8ghjjvw32\x12uub197c66706beq0qcB\r192.168.0.200J\x08test_wykR\x06UTC+08r\x0edefault_socVerz\x0edefault_mcuVer\x82\x01\x13default_wirelessVer\x8a\x01\x02CN\x92\x01\x13default_serviceArea\x10\x8e\xc9\xdc\xbb\xf82\x1a\x0fdefault_authKey"\nrequestId='
INFO    2025-06-19 17:13:42,350d:\PytestAutoApi\logs\info-2025-06-19.log:device.py:109 [d-8d8b4768-ns6aoiho] Received message on topic: plat/general_plat_to_dev/devices/d-8d8b4768-ns6aoiho/send/requestId= 
type: "StoreBucket"
buff: "ChNkLThkOGI0NzY4LW5zNmFvaWhvEgNwaWMaA2F3cyIUQUtJQVpPV0xCWldMV1hDTkpNNzUqKHgwNE9VZElMdGFhZktxNFU2WHlwTWNyM1lJUG9zR1FjVTBNL0NxWXg6GnMzLnVzLXdlc3QtMS5hbWF6b25hd3MuY29tQgl1cy13ZXN0LTFKCXVzdmlkZW8zMA=="
time: 1750324423556
requestId: "556-c7d45368-fp5q534"

INFO    2025-06-19 17:13:42,442d:\PytestAutoApi\logs\info-2025-06-19.log:device.py:109 [d-8d8b4768-ns6aoiho] Received message on topic: plat/general_plat_to_dev/devices/d-8d8b4768-ns6aoiho/send/requestId= 
type: "CloudPackage"
buff: "ChNkLThkOGI0NzY4LW5zNmFvaWhvEgExIMnX3Lv4MijK59ePgjMwATgeQhRBS0lBWk9XTEJaV0xXWENOSk03NUooeDA0T1VkSUx0YWFmS3E0VTZYeXBNY3IzWUlQb3NHUWNVME0vQ3FZeFIaczMudXMtd2VzdC0xLmFtYXpvbmF3cy5jb21aCXVzLXdlc3QtMWIJdXN2aWRlbzMwagNhd3M="
time: 1750324423647
requestId: "647-c7d45368-loyvs3d"

INFO    2025-06-19 17:13:42,444d:\PytestAutoApi\logs\info-2025-06-19.log:device.py:114 [d-8d8b4768-ns6aoiho] 收到云端下发数据: b'\n\x13d-8d8b4768-ns6aoiho\x12\x011 \xc9\xd7\xdc\xbb\xf82(\xca\xe7\xd7\x8f\x8230\x018\x1eB\x14AKIAZOWLBZWLWXCNJM75J(x04OUdILtaafKq4U6XypMcr3YIPosGQcU0M/CqYxR\x1as3.us-west-1.amazonaws.comZ\tus-west-1b\tusvideo30j\x03aws'
INFO    2025-06-19 17:27:14,342d:\PytestAutoApi\logs\info-2025-06-19.log:mqtt_main.py:22 初始化device
INFO    2025-06-19 17:27:14,367d:\PytestAutoApi\logs\info-2025-06-19.log:mqtt_main.py:46 激活所有设备...
INFO    2025-06-19 17:27:14,367d:\PytestAutoApi\logs\info-2025-06-19.log:device.py:212 [d-8d8b4768-ns6aoiho] Activating...
INFO    2025-06-19 17:27:14,371d:\PytestAutoApi\logs\info-2025-06-19.log:mqtt_client.py:39 Publishing to device/network/devices/d-8d8b4768-ns6aoiho/send/requestId=: b'\n\xa2\x02\n$95ddaa55-4cef-11f0-9552-ac50deed1590\x12$95ddaa56-4cef-11f0-8c52-ac50deed1590\x1a\x13d-8d8b4768-ns6aoiho"$95ddaa57-4cef-11f0-a753-ac50deed1590*\x13p-0c947c67-8ghjjvw32\x12uub197c66706beq0qcB\r192.168.0.200J\x08test_wykR\x06UTC+08r\x0edefault_socVerz\x0edefault_mcuVer\x82\x01\x13default_wirelessVer\x8a\x01\x02CN\x92\x01\x13default_serviceArea\x10\xbf\x95\x8e\xbc\xf82\x1a\x0fdefault_authKey"\nrequestId='
INFO    2025-06-19 17:27:14,522d:\PytestAutoApi\logs\info-2025-06-19.log:device.py:109 [d-8d8b4768-ns6aoiho] Received message on topic: plat/general_plat_to_dev/devices/d-8d8b4768-ns6aoiho/send/requestId= 
type: "StoreBucket"
buff: "ChNkLThkOGI0NzY4LW5zNmFvaWhvEgNwaWMaA2F3cyIUQUtJQVpPV0xCWldMV1hDTkpNNzUqKHgwNE9VZElMdGFhZktxNFU2WHlwTWNyM1lJUG9zR1FjVTBNL0NxWXg6GnMzLnVzLXdlc3QtMS5hbWF6b25hd3MuY29tQgl1cy13ZXN0LTFKCXVzdmlkZW8zMA=="
time: 1750325235753
requestId: "753-f3d75368-jjxa22j"

INFO    2025-06-19 17:27:14,605d:\PytestAutoApi\logs\info-2025-06-19.log:device.py:109 [d-8d8b4768-ns6aoiho] Received message on topic: plat/general_plat_to_dev/devices/d-8d8b4768-ns6aoiho/send/requestId= 
type: "CloudPackage"
buff: "ChNkLThkOGI0NzY4LW5zNmFvaWhvEgExIOugjrz4MijssImQgjMwATgeQhRBS0lBWk9XTEJaV0xXWENOSk03NUooeDA0T1VkSUx0YWFmS3E0VTZYeXBNY3IzWUlQb3NHUWNVME0vQ3FZeFIaczMudXMtd2VzdC0xLmFtYXpvbmF3cy5jb21aCXVzLXdlc3QtMWIJdXN2aWRlbzMwagNhd3M="
time: 1750325235839
requestId: "839-f3d75368-rf0w8sj"

INFO    2025-06-19 17:27:14,605d:\PytestAutoApi\logs\info-2025-06-19.log:device.py:114 [d-8d8b4768-ns6aoiho] 收到云端下发数据: b'\n\x13d-8d8b4768-ns6aoiho\x12\x011 \xeb\xa0\x8e\xbc\xf82(\xec\xb0\x89\x90\x8230\x018\x1eB\x14AKIAZOWLBZWLWXCNJM75J(x04OUdILtaafKq4U6XypMcr3YIPosGQcU0M/CqYxR\x1as3.us-west-1.amazonaws.comZ\tus-west-1b\tusvideo30j\x03aws'
INFO    2025-06-19 17:27:14,605d:\PytestAutoApi\logs\info-2025-06-19.log:device.py:117 [d-8d8b4768-ns6aoiho] Received message on topic: plat/general_plat_to_dev/devices/d-8d8b4768-ns6aoiho/send/requestId= 
objDevId: "d-8d8b4768-ns6aoiho"
eventId: "1"
zeroTm: 30
TmZone: "AKIAZOWLBZWLWXCNJM75"
encryptKey: "s3.us-west-1.amazonaws.com"

INFO    2025-06-19 17:27:14,664d:\PytestAutoApi\logs\info-2025-06-19.log:device.py:81 [d-8d8b4768-ns6aoiho] 网络激活响应: result: true

INFO    2025-06-19 17:34:03,170d:\PytestAutoApi\logs\info-2025-06-19.log:device.py:94 [d-8d8b4768-ns6aoiho] Received message on topic: device/general_dev_to_plat/devices/d-8d8b4768-ns6aoiho/response/requestId= 
type: "ShadowGet"
buff: "EhNkLThkOGI0NzY4LW5zNmFvaWhv"
time: 1750325644418
requestId: "d-8d8b4768-ns6aoiho"

INFO    2025-06-19 17:34:03,171d:\PytestAutoApi\logs\info-2025-06-19.log:device.py:101 [d-8d8b4768-ns6aoiho] 收到平台获取影子数据响应: 
objDevId: "d-8d8b4768-ns6aoiho"

INFO    2025-06-19 17:34:03,689d:\PytestAutoApi\logs\info-2025-06-19.log:device.py:162 服务器响ntp反序列化后数据:{'deviceSendTime': 1750354444161, 'serverRecvTime': 1750325644172, 'serverSendTime': 1750325644916}
INFO    2025-06-19 17:34:03,690d:\PytestAutoApi\logs\info-2025-06-19.log:device.py:163 服务端unix时间: 1750311244308.0
INFO    2025-06-19 17:35:21,947d:\PytestAutoApi\logs\info-2025-06-19.log:mqtt_main.py:22 初始化device
INFO    2025-06-19 17:35:22,002d:\PytestAutoApi\logs\info-2025-06-19.log:mqtt_main.py:46 激活所有设备...
INFO    2025-06-19 17:35:22,005d:\PytestAutoApi\logs\info-2025-06-19.log:device.py:220 [d-8d8b4768-ns6aoiho] Activating...
INFO    2025-06-19 17:35:22,008d:\PytestAutoApi\logs\info-2025-06-19.log:mqtt_client.py:39 Publishing to device/network/devices/d-8d8b4768-ns6aoiho/send/requestId=: b'\n\xa2\x02\n$b884f5f6-4cf0-11f0-a1e6-ac50deed1590\x12$b884f5f7-4cf0-11f0-8be7-ac50deed1590\x1a\x13d-8d8b4768-ns6aoiho"$b884f5f8-4cf0-11f0-b8e5-ac50deed1590*\x13p-0c947c67-8ghjjvw32\x12uub197c66706beq0qcB\r192.168.0.200J\x08test_wykR\x06UTC+08r\x0edefault_socVerz\x0edefault_mcuVer\x82\x01\x13default_wirelessVer\x8a\x01\x02CN\x92\x01\x13default_serviceArea\x10\x95\xf7\xab\xbc\xf82\x1a\x0fdefault_authKey"\nrequestId='
INFO    2025-06-19 17:35:22,161d:\PytestAutoApi\logs\info-2025-06-19.log:device.py:109 [d-8d8b4768-ns6aoiho] Received message on topic: plat/general_plat_to_dev/devices/d-8d8b4768-ns6aoiho/send/requestId= 
type: "StoreBucket"
buff: "ChNkLThkOGI0NzY4LW5zNmFvaWhvEgNwaWMaA2F3cyIUQUtJQVpPV0xCWldMV1hDTkpNNzUqKHgwNE9VZElMdGFhZktxNFU2WHlwTWNyM1lJUG9zR1FjVTBNL0NxWXg6GnMzLnVzLXdlc3QtMS5hbWF6b25hd3MuY29tQgl1cy13ZXN0LTFKCXVzdmlkZW8zMA=="
time: 1750325723403
requestId: "403-dbd95368-8eb3rx3"

INFO    2025-06-19 17:35:22,162d:\PytestAutoApi\logs\info-2025-06-19.log:device.py:130 [d-8d8b4768-ns6aoiho] 收到平台下发开始播放指令: b'\n\x13d-8d8b4768-ns6aoiho\x12\x03pic\x1a\x03aws"\x14AKIAZOWLBZWLWXCNJM75*(x04OUdILtaafKq4U6XypMcr3YIPosGQcU0M/CqYx:\x1as3.us-west-1.amazonaws.comB\tus-west-1J\tusvideo30'
INFO    2025-06-19 17:35:22,162d:\PytestAutoApi\logs\info-2025-06-19.log:device.py:133 [d-8d8b4768-ns6aoiho] Received message on topic: plat/general_plat_to_dev/devices/d-8d8b4768-ns6aoiho/send/requestId= 
objDevId: "d-8d8b4768-ns6aoiho"
authKey: "aws"

INFO    2025-06-19 17:35:22,310d:\PytestAutoApi\logs\info-2025-06-19.log:device.py:81 [d-8d8b4768-ns6aoiho] 网络激活响应: result: true

INFO    2025-06-19 17:44:30,344d:\PytestAutoApi\logs\info-2025-06-19.log:device.py:94 [d-8d8b4768-ns6aoiho] Received message on topic: device/general_dev_to_plat/devices/d-8d8b4768-ns6aoiho/response/requestId= 
type: "ShadowGet"
buff: "EhNkLThkOGI0NzY4LW5zNmFvaWhv"
time: 1750326271613
requestId: "d-8d8b4768-ns6aoiho"

INFO    2025-06-19 17:44:30,345d:\PytestAutoApi\logs\info-2025-06-19.log:device.py:101 [d-8d8b4768-ns6aoiho] 收到平台获取影子数据响应: 
objDevId: "d-8d8b4768-ns6aoiho"

INFO    2025-06-19 17:44:30,361d:\PytestAutoApi\logs\info-2025-06-19.log:device.py:109 [d-8d8b4768-ns6aoiho] Received message on topic: plat/general_plat_to_dev/devices/d-8d8b4768-ns6aoiho/send/requestId= 
type: "CloudPackage"
buff: "ChNkLThkOGI0NzY4LW5zNmFvaWhvEgExIMyCrLz4MijNkqeQgjMwATgeQhRBS0lBWk9XTEJaV0xXWENOSk03NUooeDA0T1VkSUx0YWFmS3E0VTZYeXBNY3IzWUlQb3NHUWNVME0vQ3FZeFIaczMudXMtd2VzdC0xLmFtYXpvbmF3cy5jb21aCXVzLXdlc3QtMWIJdXN2aWRlbzMwagNhd3M="
time: 1750326271629
requestId: "629-ffdb5368-s6zldyg"

INFO    2025-06-19 17:44:30,362d:\PytestAutoApi\logs\info-2025-06-19.log:device.py:114 [d-8d8b4768-ns6aoiho] 收到云端下发数据: b'\n\x13d-8d8b4768-ns6aoiho\x12\x011 \xcc\x82\xac\xbc\xf82(\xcd\x92\xa7\x90\x8230\x018\x1eB\x14AKIAZOWLBZWLWXCNJM75J(x04OUdILtaafKq4U6XypMcr3YIPosGQcU0M/CqYxR\x1as3.us-west-1.amazonaws.comZ\tus-west-1b\tusvideo30j\x03aws'
INFO    2025-06-19 17:44:30,362d:\PytestAutoApi\logs\info-2025-06-19.log:device.py:117 [d-8d8b4768-ns6aoiho] Received message on topic: plat/general_plat_to_dev/devices/d-8d8b4768-ns6aoiho/send/requestId= 
objDevId: "d-8d8b4768-ns6aoiho"
eventId: "1"
zeroTm: 30
TmZone: "AKIAZOWLBZWLWXCNJM75"
encryptKey: "s3.us-west-1.amazonaws.com"

INFO    2025-06-19 17:44:30,739d:\PytestAutoApi\logs\info-2025-06-19.log:device.py:170 服务器响ntp反序列化后数据:{'deviceSendTime': 1750355071785, 'serverRecvTime': 1750326271314, 'serverSendTime': 1750326272002}
INFO    2025-06-19 17:44:30,739d:\PytestAutoApi\logs\info-2025-06-19.log:device.py:171 服务端unix时间: 1750311871135.0
INFO    2025-06-19 17:54:36,799d:\PytestAutoApi\logs\info-2025-06-19.log:device.py:170 服务器响ntp反序列化后数据:{'deviceSendTime': 1750355678521, 'serverRecvTime': 1750326878080, 'serverSendTime': 1750326878093}
INFO    2025-06-19 17:54:36,799d:\PytestAutoApi\logs\info-2025-06-19.log:device.py:171 服务端unix时间: 1750312477225.5
INFO    2025-06-19 17:54:37,017d:\PytestAutoApi\logs\info-2025-06-19.log:device.py:94 [d-8d8b4768-ns6aoiho] Received message on topic: device/general_dev_to_plat/devices/d-8d8b4768-ns6aoiho/response/requestId= 
type: "ShadowGet"
buff: "EhNkLThkOGI0NzY4LW5zNmFvaWhv"
time: 1750326878305
requestId: "d-8d8b4768-ns6aoiho"

INFO    2025-06-19 17:54:37,017d:\PytestAutoApi\logs\info-2025-06-19.log:device.py:101 [d-8d8b4768-ns6aoiho] 收到平台获取影子数据响应: 
objDevId: "d-8d8b4768-ns6aoiho"

INFO    2025-06-19 17:59:28,839d:\PytestAutoApi\logs\info-2025-06-19.log:device.py:170 服务器响ntp反序列化后数据:{'deviceSendTime': 1750355970351, 'serverRecvTime': 1750327169928, 'serverSendTime': 1750327170136}
INFO    2025-06-19 17:59:28,839d:\PytestAutoApi\logs\info-2025-06-19.log:device.py:171 服务端unix时间: 1750312769276.0
INFO    2025-06-19 17:59:29,089d:\PytestAutoApi\logs\info-2025-06-19.log:device.py:94 [d-8d8b4768-ns6aoiho] Received message on topic: device/general_dev_to_plat/devices/d-8d8b4768-ns6aoiho/response/requestId= 
type: "ShadowGet"
buff: "EhNkLThkOGI0NzY4LW5zNmFvaWhv"
time: 1750327170395
requestId: "d-8d8b4768-ns6aoiho"

INFO    2025-06-19 17:59:29,089d:\PytestAutoApi\logs\info-2025-06-19.log:device.py:101 [d-8d8b4768-ns6aoiho] 收到平台获取影子数据响应: 
objDevId: "d-8d8b4768-ns6aoiho"

INFO    2025-06-19 18:00:08,625d:\PytestAutoApi\logs\info-2025-06-19.log:device.py:94 [d-8d8b4768-ns6aoiho] Received message on topic: device/general_dev_to_plat/devices/d-8d8b4768-ns6aoiho/response/requestId= 
type: "ShadowGet"
buff: "EhNkLThkOGI0NzY4LW5zNmFvaWhv"
time: 1750327209923
requestId: "d-8d8b4768-ns6aoiho"

INFO    2025-06-19 18:00:08,625d:\PytestAutoApi\logs\info-2025-06-19.log:device.py:101 [d-8d8b4768-ns6aoiho] 收到平台获取影子数据响应: 
objDevId: "d-8d8b4768-ns6aoiho"

INFO    2025-06-19 18:00:08,842d:\PytestAutoApi\logs\info-2025-06-19.log:device.py:170 服务器响ntp反序列化后数据:{'deviceSendTime': 1750356009676, 'serverRecvTime': 1750327209872, 'serverSendTime': 1750327210141}
INFO    2025-06-19 18:00:08,842d:\PytestAutoApi\logs\info-2025-06-19.log:device.py:171 服务端unix时间: 1750312809589.5
INFO    2025-06-19 18:17:25,761d:\PytestAutoApi\logs\info-2025-06-19.log:device.py:94 [d-8d8b4768-ns6aoiho] Received message on topic: device/general_dev_to_plat/devices/d-8d8b4768-ns6aoiho/response/requestId= 
type: "ShadowGet"
buff: "CAESE2QtOGQ4YjQ3NjgtbnM2YW9paG8qlgF7Imxpc3QiOlt7ImNvZGUiOiJhbnRpX2ZsaWNrZXIiLCJ0eXBlIjoxLCJ2YWx1ZSI6IjUwIn0seyJjb2RlIjoiYmFzaWNfb3NkIiwidHlwZSI6MCwidmFsdWUiOiIwIn0seyJjb2RlIjoidGVtcGVyYXR1cmVfbWFya19zdyIsInR5cGUiOjAsInZhbHVlIjoiMSJ9XX0="
time: 1750328247095
requestId: "d-8d8b4768-ns6aoiho"

INFO    2025-06-19 18:17:25,762d:\PytestAutoApi\logs\info-2025-06-19.log:device.py:101 [d-8d8b4768-ns6aoiho] 收到平台获取影子数据响应: 
result: true
objDevId: "d-8d8b4768-ns6aoiho"
jsonData: "{\"list\":[{\"code\":\"anti_flicker\",\"type\":1,\"value\":\"50\"},{\"code\":\"basic_osd\",\"type\":0,\"value\":\"0\"},{\"code\":\"temperature_mark_sw\",\"type\":0,\"value\":\"1\"}]}"

INFO    2025-06-19 18:17:26,175d:\PytestAutoApi\logs\info-2025-06-19.log:device.py:170 服务器响ntp反序列化后数据:{'deviceSendTime': 1750357044952, 'serverRecvTime': 1750328246796, 'serverSendTime': 1750328247509}
INFO    2025-06-19 18:17:26,175d:\PytestAutoApi\logs\info-2025-06-19.log:device.py:171 服务端unix时间: 1750313847764.0
INFO    2025-06-19 18:23:29,613d:\PytestAutoApi\logs\info-2025-06-19.log:device.py:170 服务器响ntp反序列化后数据:{'deviceSendTime': 1750357400812, 'serverRecvTime': 1750328603509, 'serverSendTime': 1750328610902}
INFO    2025-06-19 18:23:29,614d:\PytestAutoApi\logs\info-2025-06-19.log:device.py:171 服务端unix时间: 1750314211606.0
INFO    2025-06-19 18:23:30,221d:\PytestAutoApi\logs\info-2025-06-19.log:device.py:94 [d-8d8b4768-ns6aoiho] Received message on topic: device/general_dev_to_plat/devices/d-8d8b4768-ns6aoiho/response/requestId= 
type: "ShadowGet"
buff: "EhNkLThkOGI0NzY4LW5zNmFvaWhv"
time: 1750328611563
requestId: "d-8d8b4768-ns6aoiho"

INFO    2025-06-19 18:23:30,223d:\PytestAutoApi\logs\info-2025-06-19.log:device.py:101 [d-8d8b4768-ns6aoiho] 收到平台获取影子数据响应: 
objDevId: "d-8d8b4768-ns6aoiho"

INFO    2025-06-19 18:23:38,110d:\PytestAutoApi\logs\info-2025-06-19.log:device.py:94 [d-8d8b4768-ns6aoiho] Received message on topic: device/general_dev_to_plat/devices/d-8d8b4768-ns6aoiho/response/requestId= 
type: "ShadowGet"
buff: "EhNkLThkOGI0NzY4LW5zNmFvaWhv"
time: 1750328619457
requestId: "d-8d8b4768-ns6aoiho"

INFO    2025-06-19 18:23:38,111d:\PytestAutoApi\logs\info-2025-06-19.log:device.py:101 [d-8d8b4768-ns6aoiho] 收到平台获取影子数据响应: 
objDevId: "d-8d8b4768-ns6aoiho"

INFO    2025-06-19 18:23:38,548d:\PytestAutoApi\logs\info-2025-06-19.log:device.py:170 服务器响ntp反序列化后数据:{'deviceSendTime': 1750357417130, 'serverRecvTime': 1750328619119, 'serverSendTime': 1750328619895}
INFO    2025-06-19 18:23:38,549d:\PytestAutoApi\logs\info-2025-06-19.log:device.py:171 服务端unix时间: 1750314220216.0
INFO    2025-06-19 18:26:38,173d:\PytestAutoApi\logs\info-2025-06-19.log:device.py:94 [d-8d8b4768-ns6aoiho] Received message on topic: device/general_dev_to_plat/devices/d-8d8b4768-ns6aoiho/response/requestId= 
type: "ShadowGet"
buff: "EhNkLThkOGI0NzY4LW5zNmFvaWhv"
time: 1750328799526
requestId: "d-8d8b4768-ns6aoiho"

INFO    2025-06-19 18:26:38,173d:\PytestAutoApi\logs\info-2025-06-19.log:device.py:101 [d-8d8b4768-ns6aoiho] 收到平台获取影子数据响应: 
objDevId: "d-8d8b4768-ns6aoiho"

INFO    2025-06-19 18:26:38,584d:\PytestAutoApi\logs\info-2025-06-19.log:device.py:170 服务器响ntp反序列化后数据:{'deviceSendTime': 1750357596389, 'serverRecvTime': 1750328799088, 'serverSendTime': 1750328799934}
INFO    2025-06-19 18:26:38,585d:\PytestAutoApi\logs\info-2025-06-19.log:device.py:171 服务端unix时间: 1750314400607.5
INFO    2025-06-19 18:28:28,593d:\PytestAutoApi\logs\info-2025-06-19.log:device.py:170 服务器响ntp反序列化后数据:{'deviceSendTime': 1750357707199, 'serverRecvTime': 1750328909629, 'serverSendTime': 1750328909950}
INFO    2025-06-19 18:28:28,594d:\PytestAutoApi\logs\info-2025-06-19.log:device.py:171 服务端unix时间: 1750314510486.5
INFO    2025-06-19 18:28:28,707d:\PytestAutoApi\logs\info-2025-06-19.log:device.py:94 [d-8d8b4768-ns6aoiho] Received message on topic: device/general_dev_to_plat/devices/d-8d8b4768-ns6aoiho/response/requestId= 
type: "ShadowGet"
buff: "EhNkLThkOGI0NzY4LW5zNmFvaWhv"
time: 1750328910063
requestId: "d-8d8b4768-ns6aoiho"

INFO    2025-06-19 18:28:28,708d:\PytestAutoApi\logs\info-2025-06-19.log:device.py:101 [d-8d8b4768-ns6aoiho] 收到平台获取影子数据响应: 
objDevId: "d-8d8b4768-ns6aoiho"

INFO    2025-06-19 18:28:35,211d:\PytestAutoApi\logs\info-2025-06-19.log:device.py:94 [d-8d8b4768-ns6aoiho] Received message on topic: device/general_dev_to_plat/devices/d-8d8b4768-ns6aoiho/response/requestId= 
type: "ShadowGet"
buff: "EhNkLThkOGI0NzY4LW5zNmFvaWhv"
time: 1750328916567
requestId: "d-8d8b4768-ns6aoiho"

INFO    2025-06-19 18:28:35,211d:\PytestAutoApi\logs\info-2025-06-19.log:device.py:101 [d-8d8b4768-ns6aoiho] 收到平台获取影子数据响应: 
objDevId: "d-8d8b4768-ns6aoiho"

INFO    2025-06-19 18:28:35,596d:\PytestAutoApi\logs\info-2025-06-19.log:device.py:170 服务器响ntp反序列化后数据:{'deviceSendTime': 1750357713650, 'serverRecvTime': 1750328916147, 'serverSendTime': 1750328916953}
INFO    2025-06-19 18:28:35,596d:\PytestAutoApi\logs\info-2025-06-19.log:device.py:171 服务端unix时间: 1750314517523.0
INFO    2025-06-19 18:29:40,224d:\PytestAutoApi\logs\info-2025-06-19.log:device.py:94 [d-8d8b4768-ns6aoiho] Received message on topic: device/general_dev_to_plat/devices/d-8d8b4768-ns6aoiho/response/requestId= 
type: "ShadowGet"
buff: "EhNkLThkOGI0NzY4LW5zNmFvaWhv"
time: 1750328981583
requestId: "d-8d8b4768-ns6aoiho"

INFO    2025-06-19 18:29:40,225d:\PytestAutoApi\logs\info-2025-06-19.log:device.py:101 [d-8d8b4768-ns6aoiho] 收到平台获取影子数据响应: 
objDevId: "d-8d8b4768-ns6aoiho"

INFO    2025-06-19 18:29:40,602d:\PytestAutoApi\logs\info-2025-06-19.log:device.py:170 服务器响ntp反序列化后数据:{'deviceSendTime': 1750357779405, 'serverRecvTime': 1750328981404, 'serverSendTime': 1750328981961}
INFO    2025-06-19 18:29:40,602d:\PytestAutoApi\logs\info-2025-06-19.log:device.py:171 服务端unix时间: 1750314582281.0
INFO    2025-06-19 18:30:24,232d:\PytestAutoApi\logs\info-2025-06-19.log:device.py:94 [d-8d8b4768-ns6aoiho] Received message on topic: device/general_dev_to_plat/devices/d-8d8b4768-ns6aoiho/response/requestId= 
type: "ShadowGet"
buff: "EhNkLThkOGI0NzY4LW5zNmFvaWhv"
time: 1750329025593
requestId: "d-8d8b4768-ns6aoiho"

INFO    2025-06-19 18:30:24,233d:\PytestAutoApi\logs\info-2025-06-19.log:device.py:101 [d-8d8b4768-ns6aoiho] 收到平台获取影子数据响应: 
objDevId: "d-8d8b4768-ns6aoiho"

INFO    2025-06-19 18:30:24,605d:\PytestAutoApi\logs\info-2025-06-19.log:device.py:170 服务器响ntp反序列化后数据:{'deviceSendTime': 1750357823085, 'serverRecvTime': 1750329025425, 'serverSendTime': 1750329025966}
INFO    2025-06-19 18:30:24,606d:\PytestAutoApi\logs\info-2025-06-19.log:device.py:171 服务端unix时间: 1750314626455.5
INFO    2025-06-19 18:32:08,616d:\PytestAutoApi\logs\info-2025-06-19.log:device.py:170 服务器响ntp反序列化后数据:{'deviceSendTime': 1750357928094, 'serverRecvTime': 1750329129845, 'serverSendTime': 1750329129978}
INFO    2025-06-19 18:32:08,616d:\PytestAutoApi\logs\info-2025-06-19.log:device.py:171 服务端unix时间: 1750314730172.5
INFO    2025-06-19 18:32:08,765d:\PytestAutoApi\logs\info-2025-06-19.log:device.py:94 [d-8d8b4768-ns6aoiho] Received message on topic: device/general_dev_to_plat/devices/d-8d8b4768-ns6aoiho/response/requestId= 
type: "ShadowGet"
buff: "EhNkLThkOGI0NzY4LW5zNmFvaWhv"
time: 1750329130129
requestId: "d-8d8b4768-ns6aoiho"

INFO    2025-06-19 18:32:08,765d:\PytestAutoApi\logs\info-2025-06-19.log:device.py:101 [d-8d8b4768-ns6aoiho] 收到平台获取影子数据响应: 
objDevId: "d-8d8b4768-ns6aoiho"

INFO    2025-06-19 18:33:00,783d:\PytestAutoApi\logs\info-2025-06-19.log:device.py:94 [d-8d8b4768-ns6aoiho] Received message on topic: device/general_dev_to_plat/devices/d-8d8b4768-ns6aoiho/response/requestId= 
type: "ShadowGet"
buff: "EhNkLThkOGI0NzY4LW5zNmFvaWhv"
time: 1750329182145
requestId: "d-8d8b4768-ns6aoiho"

INFO    2025-06-19 18:33:00,783d:\PytestAutoApi\logs\info-2025-06-19.log:device.py:101 [d-8d8b4768-ns6aoiho] 收到平台获取影子数据响应: 
objDevId: "d-8d8b4768-ns6aoiho"

INFO    2025-06-19 18:33:01,617d:\PytestAutoApi\logs\info-2025-06-19.log:device.py:170 服务器响ntp反序列化后数据:{'deviceSendTime': 1750357980303, 'serverRecvTime': 1750329182112, 'serverSendTime': 1750329182982}
INFO    2025-06-19 18:33:01,618d:\PytestAutoApi\logs\info-2025-06-19.log:device.py:171 服务端unix时间: 1750314783204.0
INFO    2025-06-19 18:33:28,292d:\PytestAutoApi\logs\info-2025-06-19.log:device.py:94 [d-8d8b4768-ns6aoiho] Received message on topic: device/general_dev_to_plat/devices/d-8d8b4768-ns6aoiho/response/requestId= 
type: "ShadowGet"
buff: "EhNkLThkOGI0NzY4LW5zNmFvaWhv"
time: 1750329209659
requestId: "d-8d8b4768-ns6aoiho"

INFO    2025-06-19 18:33:28,293d:\PytestAutoApi\logs\info-2025-06-19.log:device.py:101 [d-8d8b4768-ns6aoiho] 收到平台获取影子数据响应: 
objDevId: "d-8d8b4768-ns6aoiho"

INFO    2025-06-19 18:33:28,619d:\PytestAutoApi\logs\info-2025-06-19.log:device.py:170 服务器响ntp反序列化后数据:{'deviceSendTime': 1750358006743, 'serverRecvTime': 1750329209349, 'serverSendTime': 1750329209986}
INFO    2025-06-19 18:33:28,620d:\PytestAutoApi\logs\info-2025-06-19.log:device.py:171 服务端unix时间: 1750314810605.5
INFO    2025-06-19 18:33:56,298d:\PytestAutoApi\logs\info-2025-06-19.log:device.py:94 [d-8d8b4768-ns6aoiho] Received message on topic: device/general_dev_to_plat/devices/d-8d8b4768-ns6aoiho/response/requestId= 
type: "ShadowGet"
buff: "EhNkLThkOGI0NzY4LW5zNmFvaWhv"
time: 1750329237666
requestId: "d-8d8b4768-ns6aoiho"

INFO    2025-06-19 18:33:56,299d:\PytestAutoApi\logs\info-2025-06-19.log:device.py:101 [d-8d8b4768-ns6aoiho] 收到平台获取影子数据响应: 
objDevId: "d-8d8b4768-ns6aoiho"

INFO    2025-06-19 18:33:56,623d:\PytestAutoApi\logs\info-2025-06-19.log:device.py:170 服务器响ntp反序列化后数据:{'deviceSendTime': 1750358034769, 'serverRecvTime': 1750329237380, 'serverSendTime': 1750329237990}
INFO    2025-06-19 18:33:56,624d:\PytestAutoApi\logs\info-2025-06-19.log:device.py:171 服务端unix时间: 1750314838612.0
INFO    2025-06-19 18:34:43,315d:\PytestAutoApi\logs\info-2025-06-19.log:device.py:94 [d-8d8b4768-ns6aoiho] Received message on topic: device/general_dev_to_plat/devices/d-8d8b4768-ns6aoiho/response/requestId= 
type: "ShadowGet"
buff: "EhNkLThkOGI0NzY4LW5zNmFvaWhv"
time: 1750329284684
requestId: "d-8d8b4768-ns6aoiho"

INFO    2025-06-19 18:34:43,315d:\PytestAutoApi\logs\info-2025-06-19.log:device.py:101 [d-8d8b4768-ns6aoiho] 收到平台获取影子数据响应: 
objDevId: "d-8d8b4768-ns6aoiho"

INFO    2025-06-19 18:34:43,630d:\PytestAutoApi\logs\info-2025-06-19.log:device.py:170 服务器响ntp反序列化后数据:{'deviceSendTime': 1750358081797, 'serverRecvTime': 1750329284485, 'serverSendTime': 1750329284999}
INFO    2025-06-19 18:34:43,630d:\PytestAutoApi\logs\info-2025-06-19.log:device.py:171 服务端unix时间: 1750314885658.5
