INFO    2025-05-21 09:29:09,667d:\PytestAutoApi\logs\info-2025-05-21.log:mqtt.py:171 当前subscribe主题:plat/general_plat_to_dev/devices/d-f5701968-jmgm9cqp/send/+
INFO    2025-05-21 09:29:09,667d:\PytestAutoApi\logs\info-2025-05-21.log:mqtt.py:171 当前subscribe主题:device/network/devices/d-f5701968-jmgm9cqp/response/+
INFO    2025-05-21 09:29:09,667d:\PytestAutoApi\logs\info-2025-05-21.log:mqtt.py:174 add topic: device/network/devices/d-f5701968-jmgm9cqp/response/+
INFO    2025-05-21 09:29:09,667d:\PytestAutoApi\logs\info-2025-05-21.log:mqtt.py:171 当前subscribe主题:device/ntp/devices/d-f5701968-jmgm9cqp/response/+
INFO    2025-05-21 09:29:09,667d:\PytestAutoApi\logs\info-2025-05-21.log:mqtt.py:171 当前subscribe主题:plat/commands/home/+/devices/d-f5701968-jmgm9cqp/send/+
INFO    2025-05-21 09:29:09,669d:\PytestAutoApi\logs\info-2025-05-21.log:mqtt.py:171 当前subscribe主题:plat/properties_get/home/+/devices/d-f5701968-jmgm9cqp/send/+
INFO    2025-05-21 09:29:52,194d:\PytestAutoApi\logs\info-2025-05-21.log:mqtt.py:171 当前subscribe主题:plat/general_plat_to_dev/devices/d-f5701968-jmgm9cqp/send/+
INFO    2025-05-21 09:29:52,194d:\PytestAutoApi\logs\info-2025-05-21.log:mqtt.py:171 当前subscribe主题:device/network/devices/d-f5701968-jmgm9cqp/response/+
INFO    2025-05-21 09:29:52,194d:\PytestAutoApi\logs\info-2025-05-21.log:mqtt.py:174 add topic: device/network/devices/d-f5701968-jmgm9cqp/response/+
INFO    2025-05-21 09:29:52,194d:\PytestAutoApi\logs\info-2025-05-21.log:mqtt.py:171 当前subscribe主题:device/ntp/devices/d-f5701968-jmgm9cqp/response/+
INFO    2025-05-21 09:29:52,198d:\PytestAutoApi\logs\info-2025-05-21.log:mqtt.py:171 当前subscribe主题:plat/commands/home/+/devices/d-f5701968-jmgm9cqp/send/+
INFO    2025-05-21 09:29:52,198d:\PytestAutoApi\logs\info-2025-05-21.log:mqtt.py:171 当前subscribe主题:plat/properties_get/home/+/devices/d-f5701968-jmgm9cqp/send/+
INFO    2025-05-21 09:39:17,892d:\PytestAutoApi\logs\info-2025-05-21.log:mqtt.py:171 当前subscribe主题:plat/general_plat_to_dev/devices/d-f5701968-jmgm9cqp/send/+
INFO    2025-05-21 09:39:17,893d:\PytestAutoApi\logs\info-2025-05-21.log:mqtt.py:171 当前subscribe主题:device/network/devices/d-f5701968-jmgm9cqp/response/+
INFO    2025-05-21 09:39:17,893d:\PytestAutoApi\logs\info-2025-05-21.log:mqtt.py:174 add topic: device/network/devices/d-f5701968-jmgm9cqp/response/+
INFO    2025-05-21 09:39:17,893d:\PytestAutoApi\logs\info-2025-05-21.log:mqtt.py:171 当前subscribe主题:device/ntp/devices/d-f5701968-jmgm9cqp/response/+
INFO    2025-05-21 09:39:17,893d:\PytestAutoApi\logs\info-2025-05-21.log:mqtt.py:171 当前subscribe主题:plat/commands/home/+/devices/d-f5701968-jmgm9cqp/send/+
INFO    2025-05-21 09:39:17,893d:\PytestAutoApi\logs\info-2025-05-21.log:mqtt.py:171 当前subscribe主题:plat/properties_get/home/+/devices/d-f5701968-jmgm9cqp/send/+
INFO    2025-05-21 09:39:17,896d:\PytestAutoApi\logs\info-2025-05-21.log:mqtt.py:99 Connected Success
INFO    2025-05-21 09:39:17,901d:\PytestAutoApi\logs\info-2025-05-21.log:mqtt.py:99 Connected Success
INFO    2025-05-21 09:41:00,882d:\PytestAutoApi\logs\info-2025-05-21.log:mqtt.py:107 Received message: b'\x08\x9e\xf9\xde\x91\xef2\x10\x84\x9b\x81\x84\xef2\x18\xfc\x9e\x81\x84\xef2' on topic device/ntp/devices/d-f5701968-jmgm9cqp/response/requestId=
INFO    2025-05-21 09:41:00,882d:\PytestAutoApi\logs\info-2025-05-21.log:mqtt.py:107 Received message: b'\x08\x9e\xf9\xde\x91\xef2\x10\x84\x9b\x81\x84\xef2\x18\xfc\x9e\x81\x84\xef2' on topic device/ntp/devices/d-f5701968-jmgm9cqp/response/requestId=
INFO    2025-05-21 09:42:33,966d:\PytestAutoApi\logs\info-2025-05-21.log:mqtt.py:99 Connected Success
INFO    2025-05-21 09:42:34,934d:\PytestAutoApi\logs\info-2025-05-21.log:mqtt.py:99 Connected Success
INFO    2025-05-21 09:42:35,936d:\PytestAutoApi\logs\info-2025-05-21.log:mqtt.py:99 Connected Success
INFO    2025-05-21 09:42:36,936d:\PytestAutoApi\logs\info-2025-05-21.log:mqtt.py:99 Connected Success
INFO    2025-05-21 09:42:37,956d:\PytestAutoApi\logs\info-2025-05-21.log:mqtt.py:99 Connected Success
INFO    2025-05-21 09:42:38,958d:\PytestAutoApi\logs\info-2025-05-21.log:mqtt.py:99 Connected Success
INFO    2025-05-21 09:42:39,946d:\PytestAutoApi\logs\info-2025-05-21.log:mqtt.py:99 Connected Success
INFO    2025-05-21 09:42:40,946d:\PytestAutoApi\logs\info-2025-05-21.log:mqtt.py:99 Connected Success
INFO    2025-05-21 09:42:41,947d:\PytestAutoApi\logs\info-2025-05-21.log:mqtt.py:99 Connected Success
INFO    2025-05-21 09:42:42,944d:\PytestAutoApi\logs\info-2025-05-21.log:mqtt.py:99 Connected Success
INFO    2025-05-21 09:42:43,945d:\PytestAutoApi\logs\info-2025-05-21.log:mqtt.py:99 Connected Success
INFO    2025-05-21 09:42:44,947d:\PytestAutoApi\logs\info-2025-05-21.log:mqtt.py:99 Connected Success
INFO    2025-05-21 09:42:45,962d:\PytestAutoApi\logs\info-2025-05-21.log:mqtt.py:99 Connected Success
INFO    2025-05-21 09:42:46,959d:\PytestAutoApi\logs\info-2025-05-21.log:mqtt.py:99 Connected Success
INFO    2025-05-21 09:42:47,960d:\PytestAutoApi\logs\info-2025-05-21.log:mqtt.py:99 Connected Success
INFO    2025-05-21 09:42:48,960d:\PytestAutoApi\logs\info-2025-05-21.log:mqtt.py:99 Connected Success
INFO    2025-05-21 09:42:49,948d:\PytestAutoApi\logs\info-2025-05-21.log:mqtt.py:99 Connected Success
INFO    2025-05-21 09:42:50,958d:\PytestAutoApi\logs\info-2025-05-21.log:mqtt.py:99 Connected Success
INFO    2025-05-21 09:42:51,971d:\PytestAutoApi\logs\info-2025-05-21.log:mqtt.py:99 Connected Success
INFO    2025-05-21 09:42:52,959d:\PytestAutoApi\logs\info-2025-05-21.log:mqtt.py:99 Connected Success
INFO    2025-05-21 09:42:53,963d:\PytestAutoApi\logs\info-2025-05-21.log:mqtt.py:99 Connected Success
INFO    2025-05-21 09:42:54,975d:\PytestAutoApi\logs\info-2025-05-21.log:mqtt.py:99 Connected Success
INFO    2025-05-21 09:42:55,966d:\PytestAutoApi\logs\info-2025-05-21.log:mqtt.py:99 Connected Success
INFO    2025-05-21 09:42:56,984d:\PytestAutoApi\logs\info-2025-05-21.log:mqtt.py:99 Connected Success
INFO    2025-05-21 09:42:57,972d:\PytestAutoApi\logs\info-2025-05-21.log:mqtt.py:99 Connected Success
INFO    2025-05-21 09:42:58,958d:\PytestAutoApi\logs\info-2025-05-21.log:mqtt.py:99 Connected Success
INFO    2025-05-21 09:42:59,959d:\PytestAutoApi\logs\info-2025-05-21.log:mqtt.py:99 Connected Success
INFO    2025-05-21 09:43:00,951d:\PytestAutoApi\logs\info-2025-05-21.log:mqtt.py:99 Connected Success
INFO    2025-05-21 09:43:01,975d:\PytestAutoApi\logs\info-2025-05-21.log:mqtt.py:99 Connected Success
INFO    2025-05-21 09:43:02,959d:\PytestAutoApi\logs\info-2025-05-21.log:mqtt.py:99 Connected Success
INFO    2025-05-21 09:43:03,985d:\PytestAutoApi\logs\info-2025-05-21.log:mqtt.py:99 Connected Success
INFO    2025-05-21 09:43:04,974d:\PytestAutoApi\logs\info-2025-05-21.log:mqtt.py:99 Connected Success
INFO    2025-05-21 09:43:05,950d:\PytestAutoApi\logs\info-2025-05-21.log:mqtt.py:99 Connected Success
INFO    2025-05-21 09:43:06,958d:\PytestAutoApi\logs\info-2025-05-21.log:mqtt.py:99 Connected Success
INFO    2025-05-21 09:43:07,967d:\PytestAutoApi\logs\info-2025-05-21.log:mqtt.py:99 Connected Success
INFO    2025-05-21 09:43:08,991d:\PytestAutoApi\logs\info-2025-05-21.log:mqtt.py:99 Connected Success
INFO    2025-05-21 09:43:09,986d:\PytestAutoApi\logs\info-2025-05-21.log:mqtt.py:99 Connected Success
INFO    2025-05-21 09:43:10,961d:\PytestAutoApi\logs\info-2025-05-21.log:mqtt.py:99 Connected Success
INFO    2025-05-21 09:43:11,977d:\PytestAutoApi\logs\info-2025-05-21.log:mqtt.py:99 Connected Success
INFO    2025-05-21 09:43:12,976d:\PytestAutoApi\logs\info-2025-05-21.log:mqtt.py:99 Connected Success
INFO    2025-05-21 09:43:13,977d:\PytestAutoApi\logs\info-2025-05-21.log:mqtt.py:99 Connected Success
INFO    2025-05-21 09:43:14,960d:\PytestAutoApi\logs\info-2025-05-21.log:mqtt.py:99 Connected Success
INFO    2025-05-21 09:43:15,973d:\PytestAutoApi\logs\info-2025-05-21.log:mqtt.py:99 Connected Success
INFO    2025-05-21 09:43:16,965d:\PytestAutoApi\logs\info-2025-05-21.log:mqtt.py:99 Connected Success
INFO    2025-05-21 09:43:17,981d:\PytestAutoApi\logs\info-2025-05-21.log:mqtt.py:99 Connected Success
INFO    2025-05-21 09:43:18,966d:\PytestAutoApi\logs\info-2025-05-21.log:mqtt.py:99 Connected Success
INFO    2025-05-21 09:43:19,983d:\PytestAutoApi\logs\info-2025-05-21.log:mqtt.py:99 Connected Success
INFO    2025-05-21 09:43:20,984d:\PytestAutoApi\logs\info-2025-05-21.log:mqtt.py:99 Connected Success
INFO    2025-05-21 09:43:21,977d:\PytestAutoApi\logs\info-2025-05-21.log:mqtt.py:99 Connected Success
INFO    2025-05-21 09:43:22,977d:\PytestAutoApi\logs\info-2025-05-21.log:mqtt.py:99 Connected Success
INFO    2025-05-21 09:43:23,971d:\PytestAutoApi\logs\info-2025-05-21.log:mqtt.py:99 Connected Success
INFO    2025-05-21 09:43:24,974d:\PytestAutoApi\logs\info-2025-05-21.log:mqtt.py:99 Connected Success
INFO    2025-05-21 09:43:25,963d:\PytestAutoApi\logs\info-2025-05-21.log:mqtt.py:99 Connected Success
INFO    2025-05-21 09:43:26,975d:\PytestAutoApi\logs\info-2025-05-21.log:mqtt.py:99 Connected Success
INFO    2025-05-21 09:43:27,975d:\PytestAutoApi\logs\info-2025-05-21.log:mqtt.py:99 Connected Success
INFO    2025-05-21 09:43:28,977d:\PytestAutoApi\logs\info-2025-05-21.log:mqtt.py:99 Connected Success
INFO    2025-05-21 09:43:29,995d:\PytestAutoApi\logs\info-2025-05-21.log:mqtt.py:99 Connected Success
INFO    2025-05-21 09:43:30,978d:\PytestAutoApi\logs\info-2025-05-21.log:mqtt.py:99 Connected Success
INFO    2025-05-21 09:43:31,976d:\PytestAutoApi\logs\info-2025-05-21.log:mqtt.py:99 Connected Success
INFO    2025-05-21 09:43:32,981d:\PytestAutoApi\logs\info-2025-05-21.log:mqtt.py:99 Connected Success
INFO    2025-05-21 09:43:33,979d:\PytestAutoApi\logs\info-2025-05-21.log:mqtt.py:99 Connected Success
INFO    2025-05-21 09:43:34,977d:\PytestAutoApi\logs\info-2025-05-21.log:mqtt.py:99 Connected Success
INFO    2025-05-21 09:43:35,984d:\PytestAutoApi\logs\info-2025-05-21.log:mqtt.py:99 Connected Success
INFO    2025-05-21 09:43:36,975d:\PytestAutoApi\logs\info-2025-05-21.log:mqtt.py:99 Connected Success
INFO    2025-05-21 09:43:37,977d:\PytestAutoApi\logs\info-2025-05-21.log:mqtt.py:99 Connected Success
INFO    2025-05-21 09:43:38,978d:\PytestAutoApi\logs\info-2025-05-21.log:mqtt.py:99 Connected Success
INFO    2025-05-21 09:43:39,995d:\PytestAutoApi\logs\info-2025-05-21.log:mqtt.py:99 Connected Success
INFO    2025-05-21 09:43:40,979d:\PytestAutoApi\logs\info-2025-05-21.log:mqtt.py:99 Connected Success
INFO    2025-05-21 09:43:41,979d:\PytestAutoApi\logs\info-2025-05-21.log:mqtt.py:99 Connected Success
INFO    2025-05-21 09:43:42,991d:\PytestAutoApi\logs\info-2025-05-21.log:mqtt.py:99 Connected Success
INFO    2025-05-21 09:43:43,984d:\PytestAutoApi\logs\info-2025-05-21.log:mqtt.py:99 Connected Success
INFO    2025-05-21 09:43:44,981d:\PytestAutoApi\logs\info-2025-05-21.log:mqtt.py:99 Connected Success
INFO    2025-05-21 09:43:45,980d:\PytestAutoApi\logs\info-2025-05-21.log:mqtt.py:99 Connected Success
INFO    2025-05-21 09:43:46,991d:\PytestAutoApi\logs\info-2025-05-21.log:mqtt.py:99 Connected Success
INFO    2025-05-21 09:43:47,997d:\PytestAutoApi\logs\info-2025-05-21.log:mqtt.py:99 Connected Success
INFO    2025-05-21 09:43:48,991d:\PytestAutoApi\logs\info-2025-05-21.log:mqtt.py:99 Connected Success
INFO    2025-05-21 09:43:49,991d:\PytestAutoApi\logs\info-2025-05-21.log:mqtt.py:99 Connected Success
INFO    2025-05-21 09:43:50,993d:\PytestAutoApi\logs\info-2025-05-21.log:mqtt.py:99 Connected Success
INFO    2025-05-21 09:43:51,993d:\PytestAutoApi\logs\info-2025-05-21.log:mqtt.py:99 Connected Success
INFO    2025-05-21 09:43:52,991d:\PytestAutoApi\logs\info-2025-05-21.log:mqtt.py:99 Connected Success
INFO    2025-05-21 09:43:53,991d:\PytestAutoApi\logs\info-2025-05-21.log:mqtt.py:99 Connected Success
INFO    2025-05-21 09:43:55,016d:\PytestAutoApi\logs\info-2025-05-21.log:mqtt.py:99 Connected Success
INFO    2025-05-21 09:43:55,991d:\PytestAutoApi\logs\info-2025-05-21.log:mqtt.py:99 Connected Success
INFO    2025-05-21 09:43:56,990d:\PytestAutoApi\logs\info-2025-05-21.log:mqtt.py:99 Connected Success
INFO    2025-05-21 09:43:57,991d:\PytestAutoApi\logs\info-2025-05-21.log:mqtt.py:99 Connected Success
INFO    2025-05-21 09:43:59,007d:\PytestAutoApi\logs\info-2025-05-21.log:mqtt.py:99 Connected Success
INFO    2025-05-21 09:44:00,020d:\PytestAutoApi\logs\info-2025-05-21.log:mqtt.py:99 Connected Success
INFO    2025-05-21 09:44:01,000d:\PytestAutoApi\logs\info-2025-05-21.log:mqtt.py:99 Connected Success
INFO    2025-05-21 09:44:01,993d:\PytestAutoApi\logs\info-2025-05-21.log:mqtt.py:99 Connected Success
INFO    2025-05-21 09:44:03,021d:\PytestAutoApi\logs\info-2025-05-21.log:mqtt.py:99 Connected Success
INFO    2025-05-21 09:44:04,008d:\PytestAutoApi\logs\info-2025-05-21.log:mqtt.py:99 Connected Success
INFO    2025-05-21 09:44:04,996d:\PytestAutoApi\logs\info-2025-05-21.log:mqtt.py:99 Connected Success
INFO    2025-05-21 09:44:06,006d:\PytestAutoApi\logs\info-2025-05-21.log:mqtt.py:99 Connected Success
INFO    2025-05-21 09:44:06,994d:\PytestAutoApi\logs\info-2025-05-21.log:mqtt.py:99 Connected Success
INFO    2025-05-21 09:44:08,022d:\PytestAutoApi\logs\info-2025-05-21.log:mqtt.py:99 Connected Success
INFO    2025-05-21 09:44:08,999d:\PytestAutoApi\logs\info-2025-05-21.log:mqtt.py:99 Connected Success
INFO    2025-05-21 09:44:10,011d:\PytestAutoApi\logs\info-2025-05-21.log:mqtt.py:99 Connected Success
INFO    2025-05-21 09:44:11,011d:\PytestAutoApi\logs\info-2025-05-21.log:mqtt.py:99 Connected Success
INFO    2025-05-21 09:44:12,016d:\PytestAutoApi\logs\info-2025-05-21.log:mqtt.py:99 Connected Success
INFO    2025-05-21 09:44:13,021d:\PytestAutoApi\logs\info-2025-05-21.log:mqtt.py:99 Connected Success
INFO    2025-05-21 09:44:14,012d:\PytestAutoApi\logs\info-2025-05-21.log:mqtt.py:99 Connected Success
INFO    2025-05-21 09:44:15,031d:\PytestAutoApi\logs\info-2025-05-21.log:mqtt.py:99 Connected Success
INFO    2025-05-21 09:44:15,993d:\PytestAutoApi\logs\info-2025-05-21.log:mqtt.py:99 Connected Success
INFO    2025-05-21 09:44:17,011d:\PytestAutoApi\logs\info-2025-05-21.log:mqtt.py:99 Connected Success
INFO    2025-05-21 09:44:18,018d:\PytestAutoApi\logs\info-2025-05-21.log:mqtt.py:99 Connected Success
INFO    2025-05-21 09:44:19,018d:\PytestAutoApi\logs\info-2025-05-21.log:mqtt.py:99 Connected Success
INFO    2025-05-21 09:44:20,033d:\PytestAutoApi\logs\info-2025-05-21.log:mqtt.py:99 Connected Success
INFO    2025-05-21 09:44:21,003d:\PytestAutoApi\logs\info-2025-05-21.log:mqtt.py:99 Connected Success
INFO    2025-05-21 09:44:22,024d:\PytestAutoApi\logs\info-2025-05-21.log:mqtt.py:99 Connected Success
INFO    2025-05-21 09:44:23,007d:\PytestAutoApi\logs\info-2025-05-21.log:mqtt.py:99 Connected Success
INFO    2025-05-21 09:44:24,010d:\PytestAutoApi\logs\info-2025-05-21.log:mqtt.py:99 Connected Success
INFO    2025-05-21 09:44:25,013d:\PytestAutoApi\logs\info-2025-05-21.log:mqtt.py:99 Connected Success
INFO    2025-05-21 09:44:26,022d:\PytestAutoApi\logs\info-2025-05-21.log:mqtt.py:99 Connected Success
INFO    2025-05-21 09:44:27,017d:\PytestAutoApi\logs\info-2025-05-21.log:mqtt.py:99 Connected Success
INFO    2025-05-21 09:44:28,027d:\PytestAutoApi\logs\info-2025-05-21.log:mqtt.py:99 Connected Success
INFO    2025-05-21 09:44:29,031d:\PytestAutoApi\logs\info-2025-05-21.log:mqtt.py:99 Connected Success
INFO    2025-05-21 09:44:30,028d:\PytestAutoApi\logs\info-2025-05-21.log:mqtt.py:99 Connected Success
INFO    2025-05-21 09:44:31,021d:\PytestAutoApi\logs\info-2025-05-21.log:mqtt.py:99 Connected Success
INFO    2025-05-21 09:44:32,033d:\PytestAutoApi\logs\info-2025-05-21.log:mqtt.py:99 Connected Success
INFO    2025-05-21 09:44:33,022d:\PytestAutoApi\logs\info-2025-05-21.log:mqtt.py:99 Connected Success
INFO    2025-05-21 09:44:34,042d:\PytestAutoApi\logs\info-2025-05-21.log:mqtt.py:99 Connected Success
INFO    2025-05-21 09:44:35,012d:\PytestAutoApi\logs\info-2025-05-21.log:mqtt.py:99 Connected Success
INFO    2025-05-21 09:44:36,037d:\PytestAutoApi\logs\info-2025-05-21.log:mqtt.py:99 Connected Success
INFO    2025-05-21 09:44:37,032d:\PytestAutoApi\logs\info-2025-05-21.log:mqtt.py:99 Connected Success
INFO    2025-05-21 09:44:38,027d:\PytestAutoApi\logs\info-2025-05-21.log:mqtt.py:99 Connected Success
INFO    2025-05-21 09:44:39,021d:\PytestAutoApi\logs\info-2025-05-21.log:mqtt.py:99 Connected Success
INFO    2025-05-21 09:44:40,027d:\PytestAutoApi\logs\info-2025-05-21.log:mqtt.py:99 Connected Success
INFO    2025-05-21 09:44:41,022d:\PytestAutoApi\logs\info-2025-05-21.log:mqtt.py:99 Connected Success
INFO    2025-05-21 09:44:42,023d:\PytestAutoApi\logs\info-2025-05-21.log:mqtt.py:99 Connected Success
INFO    2025-05-21 09:44:43,027d:\PytestAutoApi\logs\info-2025-05-21.log:mqtt.py:99 Connected Success
INFO    2025-05-21 09:44:44,045d:\PytestAutoApi\logs\info-2025-05-21.log:mqtt.py:99 Connected Success
INFO    2025-05-21 09:44:45,041d:\PytestAutoApi\logs\info-2025-05-21.log:mqtt.py:99 Connected Success
INFO    2025-05-21 09:44:46,022d:\PytestAutoApi\logs\info-2025-05-21.log:mqtt.py:99 Connected Success
INFO    2025-05-21 09:44:47,034d:\PytestAutoApi\logs\info-2025-05-21.log:mqtt.py:99 Connected Success
INFO    2025-05-21 09:44:48,048d:\PytestAutoApi\logs\info-2025-05-21.log:mqtt.py:99 Connected Success
INFO    2025-05-21 09:44:49,032d:\PytestAutoApi\logs\info-2025-05-21.log:mqtt.py:99 Connected Success
INFO    2025-05-21 09:44:50,046d:\PytestAutoApi\logs\info-2025-05-21.log:mqtt.py:99 Connected Success
INFO    2025-05-21 09:44:51,036d:\PytestAutoApi\logs\info-2025-05-21.log:mqtt.py:99 Connected Success
INFO    2025-05-21 09:44:52,027d:\PytestAutoApi\logs\info-2025-05-21.log:mqtt.py:99 Connected Success
INFO    2025-05-21 09:44:53,038d:\PytestAutoApi\logs\info-2025-05-21.log:mqtt.py:99 Connected Success
INFO    2025-05-21 09:44:54,054d:\PytestAutoApi\logs\info-2025-05-21.log:mqtt.py:99 Connected Success
INFO    2025-05-21 09:44:55,036d:\PytestAutoApi\logs\info-2025-05-21.log:mqtt.py:99 Connected Success
INFO    2025-05-21 09:44:56,042d:\PytestAutoApi\logs\info-2025-05-21.log:mqtt.py:99 Connected Success
INFO    2025-05-21 09:44:57,030d:\PytestAutoApi\logs\info-2025-05-21.log:mqtt.py:99 Connected Success
INFO    2025-05-21 09:44:58,025d:\PytestAutoApi\logs\info-2025-05-21.log:mqtt.py:99 Connected Success
INFO    2025-05-21 09:44:59,041d:\PytestAutoApi\logs\info-2025-05-21.log:mqtt.py:99 Connected Success
INFO    2025-05-21 09:45:00,044d:\PytestAutoApi\logs\info-2025-05-21.log:mqtt.py:99 Connected Success
INFO    2025-05-21 09:45:01,045d:\PytestAutoApi\logs\info-2025-05-21.log:mqtt.py:99 Connected Success
INFO    2025-05-21 09:45:02,037d:\PytestAutoApi\logs\info-2025-05-21.log:mqtt.py:99 Connected Success
INFO    2025-05-21 09:45:03,042d:\PytestAutoApi\logs\info-2025-05-21.log:mqtt.py:99 Connected Success
INFO    2025-05-21 09:45:04,038d:\PytestAutoApi\logs\info-2025-05-21.log:mqtt.py:99 Connected Success
INFO    2025-05-21 09:45:05,043d:\PytestAutoApi\logs\info-2025-05-21.log:mqtt.py:99 Connected Success
INFO    2025-05-21 09:45:06,045d:\PytestAutoApi\logs\info-2025-05-21.log:mqtt.py:99 Connected Success
INFO    2025-05-21 09:45:07,066d:\PytestAutoApi\logs\info-2025-05-21.log:mqtt.py:99 Connected Success
INFO    2025-05-21 09:45:08,031d:\PytestAutoApi\logs\info-2025-05-21.log:mqtt.py:99 Connected Success
INFO    2025-05-21 09:45:09,038d:\PytestAutoApi\logs\info-2025-05-21.log:mqtt.py:99 Connected Success
INFO    2025-05-21 09:45:10,037d:\PytestAutoApi\logs\info-2025-05-21.log:mqtt.py:99 Connected Success
INFO    2025-05-21 09:45:11,055d:\PytestAutoApi\logs\info-2025-05-21.log:mqtt.py:99 Connected Success
INFO    2025-05-21 09:45:12,060d:\PytestAutoApi\logs\info-2025-05-21.log:mqtt.py:99 Connected Success
INFO    2025-05-21 09:45:13,039d:\PytestAutoApi\logs\info-2025-05-21.log:mqtt.py:99 Connected Success
INFO    2025-05-21 09:45:14,044d:\PytestAutoApi\logs\info-2025-05-21.log:mqtt.py:99 Connected Success
INFO    2025-05-21 09:45:15,045d:\PytestAutoApi\logs\info-2025-05-21.log:mqtt.py:99 Connected Success
INFO    2025-05-21 09:45:16,052d:\PytestAutoApi\logs\info-2025-05-21.log:mqtt.py:99 Connected Success
INFO    2025-05-21 09:45:17,057d:\PytestAutoApi\logs\info-2025-05-21.log:mqtt.py:99 Connected Success
INFO    2025-05-21 09:45:18,073d:\PytestAutoApi\logs\info-2025-05-21.log:mqtt.py:99 Connected Success
INFO    2025-05-21 09:45:19,043d:\PytestAutoApi\logs\info-2025-05-21.log:mqtt.py:99 Connected Success
INFO    2025-05-21 09:45:20,044d:\PytestAutoApi\logs\info-2025-05-21.log:mqtt.py:99 Connected Success
INFO    2025-05-21 09:45:21,054d:\PytestAutoApi\logs\info-2025-05-21.log:mqtt.py:99 Connected Success
INFO    2025-05-21 09:45:22,048d:\PytestAutoApi\logs\info-2025-05-21.log:mqtt.py:99 Connected Success
INFO    2025-05-21 09:45:23,067d:\PytestAutoApi\logs\info-2025-05-21.log:mqtt.py:99 Connected Success
INFO    2025-05-21 09:45:24,052d:\PytestAutoApi\logs\info-2025-05-21.log:mqtt.py:99 Connected Success
INFO    2025-05-21 09:45:25,058d:\PytestAutoApi\logs\info-2025-05-21.log:mqtt.py:99 Connected Success
INFO    2025-05-21 09:45:26,057d:\PytestAutoApi\logs\info-2025-05-21.log:mqtt.py:99 Connected Success
INFO    2025-05-21 09:45:27,073d:\PytestAutoApi\logs\info-2025-05-21.log:mqtt.py:99 Connected Success
INFO    2025-05-21 09:45:28,053d:\PytestAutoApi\logs\info-2025-05-21.log:mqtt.py:99 Connected Success
INFO    2025-05-21 09:45:29,053d:\PytestAutoApi\logs\info-2025-05-21.log:mqtt.py:99 Connected Success
INFO    2025-05-21 09:45:30,056d:\PytestAutoApi\logs\info-2025-05-21.log:mqtt.py:99 Connected Success
INFO    2025-05-21 09:45:31,061d:\PytestAutoApi\logs\info-2025-05-21.log:mqtt.py:99 Connected Success
INFO    2025-05-21 09:45:32,053d:\PytestAutoApi\logs\info-2025-05-21.log:mqtt.py:99 Connected Success
INFO    2025-05-21 09:45:33,059d:\PytestAutoApi\logs\info-2025-05-21.log:mqtt.py:99 Connected Success
INFO    2025-05-21 09:45:34,055d:\PytestAutoApi\logs\info-2025-05-21.log:mqtt.py:99 Connected Success
INFO    2025-05-21 09:45:35,068d:\PytestAutoApi\logs\info-2025-05-21.log:mqtt.py:99 Connected Success
INFO    2025-05-21 09:45:36,083d:\PytestAutoApi\logs\info-2025-05-21.log:mqtt.py:99 Connected Success
INFO    2025-05-21 09:45:37,056d:\PytestAutoApi\logs\info-2025-05-21.log:mqtt.py:99 Connected Success
INFO    2025-05-21 09:45:38,081d:\PytestAutoApi\logs\info-2025-05-21.log:mqtt.py:99 Connected Success
INFO    2025-05-21 09:45:39,068d:\PytestAutoApi\logs\info-2025-05-21.log:mqtt.py:99 Connected Success
INFO    2025-05-21 09:45:40,072d:\PytestAutoApi\logs\info-2025-05-21.log:mqtt.py:99 Connected Success
INFO    2025-05-21 09:45:41,097d:\PytestAutoApi\logs\info-2025-05-21.log:mqtt.py:99 Connected Success
INFO    2025-05-21 09:45:42,080d:\PytestAutoApi\logs\info-2025-05-21.log:mqtt.py:99 Connected Success
INFO    2025-05-21 09:45:43,100d:\PytestAutoApi\logs\info-2025-05-21.log:mqtt.py:99 Connected Success
INFO    2025-05-21 09:45:44,101d:\PytestAutoApi\logs\info-2025-05-21.log:mqtt.py:99 Connected Success
INFO    2025-05-21 09:45:45,072d:\PytestAutoApi\logs\info-2025-05-21.log:mqtt.py:99 Connected Success
INFO    2025-05-21 09:45:46,084d:\PytestAutoApi\logs\info-2025-05-21.log:mqtt.py:99 Connected Success
INFO    2025-05-21 09:45:47,085d:\PytestAutoApi\logs\info-2025-05-21.log:mqtt.py:99 Connected Success
INFO    2025-05-21 09:45:48,088d:\PytestAutoApi\logs\info-2025-05-21.log:mqtt.py:99 Connected Success
INFO    2025-05-21 09:45:49,075d:\PytestAutoApi\logs\info-2025-05-21.log:mqtt.py:99 Connected Success
INFO    2025-05-21 09:45:50,079d:\PytestAutoApi\logs\info-2025-05-21.log:mqtt.py:99 Connected Success
INFO    2025-05-21 09:45:51,090d:\PytestAutoApi\logs\info-2025-05-21.log:mqtt.py:99 Connected Success
INFO    2025-05-21 09:45:52,103d:\PytestAutoApi\logs\info-2025-05-21.log:mqtt.py:99 Connected Success
INFO    2025-05-21 09:45:53,100d:\PytestAutoApi\logs\info-2025-05-21.log:mqtt.py:99 Connected Success
INFO    2025-05-21 09:45:54,090d:\PytestAutoApi\logs\info-2025-05-21.log:mqtt.py:99 Connected Success
INFO    2025-05-21 09:45:55,094d:\PytestAutoApi\logs\info-2025-05-21.log:mqtt.py:99 Connected Success
INFO    2025-05-21 09:45:56,084d:\PytestAutoApi\logs\info-2025-05-21.log:mqtt.py:99 Connected Success
INFO    2025-05-21 09:45:57,090d:\PytestAutoApi\logs\info-2025-05-21.log:mqtt.py:99 Connected Success
INFO    2025-05-21 09:45:58,088d:\PytestAutoApi\logs\info-2025-05-21.log:mqtt.py:99 Connected Success
INFO    2025-05-21 09:45:59,102d:\PytestAutoApi\logs\info-2025-05-21.log:mqtt.py:99 Connected Success
INFO    2025-05-21 09:46:00,089d:\PytestAutoApi\logs\info-2025-05-21.log:mqtt.py:99 Connected Success
INFO    2025-05-21 09:46:01,093d:\PytestAutoApi\logs\info-2025-05-21.log:mqtt.py:99 Connected Success
INFO    2025-05-21 09:46:02,095d:\PytestAutoApi\logs\info-2025-05-21.log:mqtt.py:99 Connected Success
INFO    2025-05-21 09:46:03,116d:\PytestAutoApi\logs\info-2025-05-21.log:mqtt.py:99 Connected Success
INFO    2025-05-21 09:46:04,084d:\PytestAutoApi\logs\info-2025-05-21.log:mqtt.py:99 Connected Success
INFO    2025-05-21 09:46:05,105d:\PytestAutoApi\logs\info-2025-05-21.log:mqtt.py:99 Connected Success
INFO    2025-05-21 09:46:06,115d:\PytestAutoApi\logs\info-2025-05-21.log:mqtt.py:99 Connected Success
INFO    2025-05-21 09:46:07,113d:\PytestAutoApi\logs\info-2025-05-21.log:mqtt.py:99 Connected Success
INFO    2025-05-21 09:46:08,100d:\PytestAutoApi\logs\info-2025-05-21.log:mqtt.py:99 Connected Success
INFO    2025-05-21 09:46:09,116d:\PytestAutoApi\logs\info-2025-05-21.log:mqtt.py:99 Connected Success
INFO    2025-05-21 09:46:10,097d:\PytestAutoApi\logs\info-2025-05-21.log:mqtt.py:99 Connected Success
INFO    2025-05-21 09:46:11,117d:\PytestAutoApi\logs\info-2025-05-21.log:mqtt.py:99 Connected Success
INFO    2025-05-21 09:46:12,114d:\PytestAutoApi\logs\info-2025-05-21.log:mqtt.py:99 Connected Success
INFO    2025-05-21 09:46:13,114d:\PytestAutoApi\logs\info-2025-05-21.log:mqtt.py:99 Connected Success
INFO    2025-05-21 09:46:14,109d:\PytestAutoApi\logs\info-2025-05-21.log:mqtt.py:99 Connected Success
INFO    2025-05-21 09:46:15,093d:\PytestAutoApi\logs\info-2025-05-21.log:mqtt.py:99 Connected Success
INFO    2025-05-21 09:46:16,108d:\PytestAutoApi\logs\info-2025-05-21.log:mqtt.py:99 Connected Success
INFO    2025-05-21 09:46:17,102d:\PytestAutoApi\logs\info-2025-05-21.log:mqtt.py:99 Connected Success
INFO    2025-05-21 09:46:18,115d:\PytestAutoApi\logs\info-2025-05-21.log:mqtt.py:99 Connected Success
INFO    2025-05-21 09:46:19,117d:\PytestAutoApi\logs\info-2025-05-21.log:mqtt.py:99 Connected Success
INFO    2025-05-21 09:46:20,114d:\PytestAutoApi\logs\info-2025-05-21.log:mqtt.py:99 Connected Success
INFO    2025-05-21 09:46:21,099d:\PytestAutoApi\logs\info-2025-05-21.log:mqtt.py:99 Connected Success
INFO    2025-05-21 09:46:22,099d:\PytestAutoApi\logs\info-2025-05-21.log:mqtt.py:99 Connected Success
INFO    2025-05-21 09:46:23,117d:\PytestAutoApi\logs\info-2025-05-21.log:mqtt.py:99 Connected Success
INFO    2025-05-21 09:46:24,117d:\PytestAutoApi\logs\info-2025-05-21.log:mqtt.py:99 Connected Success
INFO    2025-05-21 09:46:25,101d:\PytestAutoApi\logs\info-2025-05-21.log:mqtt.py:99 Connected Success
INFO    2025-05-21 09:46:26,101d:\PytestAutoApi\logs\info-2025-05-21.log:mqtt.py:99 Connected Success
INFO    2025-05-21 09:46:27,102d:\PytestAutoApi\logs\info-2025-05-21.log:mqtt.py:99 Connected Success
INFO    2025-05-21 09:46:28,131d:\PytestAutoApi\logs\info-2025-05-21.log:mqtt.py:99 Connected Success
INFO    2025-05-21 09:46:29,116d:\PytestAutoApi\logs\info-2025-05-21.log:mqtt.py:99 Connected Success
INFO    2025-05-21 09:46:30,105d:\PytestAutoApi\logs\info-2025-05-21.log:mqtt.py:99 Connected Success
INFO    2025-05-21 09:46:31,108d:\PytestAutoApi\logs\info-2025-05-21.log:mqtt.py:99 Connected Success
INFO    2025-05-21 09:46:32,128d:\PytestAutoApi\logs\info-2025-05-21.log:mqtt.py:99 Connected Success
INFO    2025-05-21 09:46:33,098d:\PytestAutoApi\logs\info-2025-05-21.log:mqtt.py:99 Connected Success
INFO    2025-05-21 09:46:34,102d:\PytestAutoApi\logs\info-2025-05-21.log:mqtt.py:99 Connected Success
INFO    2025-05-21 09:46:35,103d:\PytestAutoApi\logs\info-2025-05-21.log:mqtt.py:99 Connected Success
INFO    2025-05-21 09:46:36,106d:\PytestAutoApi\logs\info-2025-05-21.log:mqtt.py:99 Connected Success
INFO    2025-05-21 09:46:37,107d:\PytestAutoApi\logs\info-2025-05-21.log:mqtt.py:99 Connected Success
INFO    2025-05-21 09:46:38,127d:\PytestAutoApi\logs\info-2025-05-21.log:mqtt.py:99 Connected Success
INFO    2025-05-21 09:46:39,116d:\PytestAutoApi\logs\info-2025-05-21.log:mqtt.py:99 Connected Success
INFO    2025-05-21 09:46:40,116d:\PytestAutoApi\logs\info-2025-05-21.log:mqtt.py:99 Connected Success
INFO    2025-05-21 09:46:41,115d:\PytestAutoApi\logs\info-2025-05-21.log:mqtt.py:99 Connected Success
INFO    2025-05-21 09:46:42,115d:\PytestAutoApi\logs\info-2025-05-21.log:mqtt.py:99 Connected Success
INFO    2025-05-21 09:46:43,131d:\PytestAutoApi\logs\info-2025-05-21.log:mqtt.py:99 Connected Success
INFO    2025-05-21 09:46:44,116d:\PytestAutoApi\logs\info-2025-05-21.log:mqtt.py:99 Connected Success
INFO    2025-05-21 09:46:45,119d:\PytestAutoApi\logs\info-2025-05-21.log:mqtt.py:99 Connected Success
INFO    2025-05-21 09:46:46,121d:\PytestAutoApi\logs\info-2025-05-21.log:mqtt.py:99 Connected Success
INFO    2025-05-21 09:46:47,121d:\PytestAutoApi\logs\info-2025-05-21.log:mqtt.py:99 Connected Success
INFO    2025-05-21 09:46:48,125d:\PytestAutoApi\logs\info-2025-05-21.log:mqtt.py:99 Connected Success
INFO    2025-05-21 09:46:49,119d:\PytestAutoApi\logs\info-2025-05-21.log:mqtt.py:99 Connected Success
INFO    2025-05-21 09:46:50,115d:\PytestAutoApi\logs\info-2025-05-21.log:mqtt.py:99 Connected Success
INFO    2025-05-21 09:46:51,119d:\PytestAutoApi\logs\info-2025-05-21.log:mqtt.py:99 Connected Success
INFO    2025-05-21 09:46:52,127d:\PytestAutoApi\logs\info-2025-05-21.log:mqtt.py:99 Connected Success
INFO    2025-05-21 09:46:53,125d:\PytestAutoApi\logs\info-2025-05-21.log:mqtt.py:99 Connected Success
INFO    2025-05-21 09:46:54,127d:\PytestAutoApi\logs\info-2025-05-21.log:mqtt.py:99 Connected Success
INFO    2025-05-21 09:46:55,115d:\PytestAutoApi\logs\info-2025-05-21.log:mqtt.py:99 Connected Success
INFO    2025-05-21 09:46:56,132d:\PytestAutoApi\logs\info-2025-05-21.log:mqtt.py:99 Connected Success
INFO    2025-05-21 09:46:57,120d:\PytestAutoApi\logs\info-2025-05-21.log:mqtt.py:99 Connected Success
INFO    2025-05-21 09:46:58,136d:\PytestAutoApi\logs\info-2025-05-21.log:mqtt.py:99 Connected Success
INFO    2025-05-21 09:46:59,146d:\PytestAutoApi\logs\info-2025-05-21.log:mqtt.py:99 Connected Success
INFO    2025-05-21 09:47:00,139d:\PytestAutoApi\logs\info-2025-05-21.log:mqtt.py:99 Connected Success
INFO    2025-05-21 09:47:01,124d:\PytestAutoApi\logs\info-2025-05-21.log:mqtt.py:99 Connected Success
INFO    2025-05-21 09:47:02,143d:\PytestAutoApi\logs\info-2025-05-21.log:mqtt.py:99 Connected Success
INFO    2025-05-21 09:47:03,155d:\PytestAutoApi\logs\info-2025-05-21.log:mqtt.py:99 Connected Success
INFO    2025-05-21 09:47:04,147d:\PytestAutoApi\logs\info-2025-05-21.log:mqtt.py:99 Connected Success
INFO    2025-05-21 09:47:05,132d:\PytestAutoApi\logs\info-2025-05-21.log:mqtt.py:99 Connected Success
INFO    2025-05-21 09:47:06,133d:\PytestAutoApi\logs\info-2025-05-21.log:mqtt.py:99 Connected Success
INFO    2025-05-21 09:47:07,134d:\PytestAutoApi\logs\info-2025-05-21.log:mqtt.py:99 Connected Success
INFO    2025-05-21 09:47:08,130d:\PytestAutoApi\logs\info-2025-05-21.log:mqtt.py:99 Connected Success
INFO    2025-05-21 09:47:09,132d:\PytestAutoApi\logs\info-2025-05-21.log:mqtt.py:99 Connected Success
INFO    2025-05-21 09:47:10,139d:\PytestAutoApi\logs\info-2025-05-21.log:mqtt.py:99 Connected Success
INFO    2025-05-21 09:47:11,133d:\PytestAutoApi\logs\info-2025-05-21.log:mqtt.py:99 Connected Success
INFO    2025-05-21 09:47:12,138d:\PytestAutoApi\logs\info-2025-05-21.log:mqtt.py:99 Connected Success
INFO    2025-05-21 09:47:13,138d:\PytestAutoApi\logs\info-2025-05-21.log:mqtt.py:99 Connected Success
INFO    2025-05-21 09:47:14,137d:\PytestAutoApi\logs\info-2025-05-21.log:mqtt.py:99 Connected Success
INFO    2025-05-21 09:47:15,131d:\PytestAutoApi\logs\info-2025-05-21.log:mqtt.py:99 Connected Success
INFO    2025-05-21 09:47:16,134d:\PytestAutoApi\logs\info-2025-05-21.log:mqtt.py:99 Connected Success
INFO    2025-05-21 09:47:17,132d:\PytestAutoApi\logs\info-2025-05-21.log:mqtt.py:99 Connected Success
INFO    2025-05-21 09:47:18,133d:\PytestAutoApi\logs\info-2025-05-21.log:mqtt.py:99 Connected Success
INFO    2025-05-21 09:47:19,147d:\PytestAutoApi\logs\info-2025-05-21.log:mqtt.py:99 Connected Success
INFO    2025-05-21 09:47:20,140d:\PytestAutoApi\logs\info-2025-05-21.log:mqtt.py:99 Connected Success
INFO    2025-05-21 09:47:21,142d:\PytestAutoApi\logs\info-2025-05-21.log:mqtt.py:99 Connected Success
INFO    2025-05-21 09:47:22,161d:\PytestAutoApi\logs\info-2025-05-21.log:mqtt.py:99 Connected Success
INFO    2025-05-21 09:47:23,150d:\PytestAutoApi\logs\info-2025-05-21.log:mqtt.py:99 Connected Success
INFO    2025-05-21 09:47:24,135d:\PytestAutoApi\logs\info-2025-05-21.log:mqtt.py:99 Connected Success
INFO    2025-05-21 09:47:25,131d:\PytestAutoApi\logs\info-2025-05-21.log:mqtt.py:99 Connected Success
INFO    2025-05-21 09:47:26,156d:\PytestAutoApi\logs\info-2025-05-21.log:mqtt.py:99 Connected Success
INFO    2025-05-21 09:47:27,146d:\PytestAutoApi\logs\info-2025-05-21.log:mqtt.py:99 Connected Success
INFO    2025-05-21 09:47:28,138d:\PytestAutoApi\logs\info-2025-05-21.log:mqtt.py:99 Connected Success
INFO    2025-05-21 09:47:29,149d:\PytestAutoApi\logs\info-2025-05-21.log:mqtt.py:99 Connected Success
INFO    2025-05-21 09:47:30,159d:\PytestAutoApi\logs\info-2025-05-21.log:mqtt.py:99 Connected Success
INFO    2025-05-21 09:47:31,141d:\PytestAutoApi\logs\info-2025-05-21.log:mqtt.py:99 Connected Success
INFO    2025-05-21 09:47:32,147d:\PytestAutoApi\logs\info-2025-05-21.log:mqtt.py:99 Connected Success
INFO    2025-05-21 09:47:33,160d:\PytestAutoApi\logs\info-2025-05-21.log:mqtt.py:99 Connected Success
INFO    2025-05-21 09:47:34,151d:\PytestAutoApi\logs\info-2025-05-21.log:mqtt.py:99 Connected Success
INFO    2025-05-21 09:47:35,154d:\PytestAutoApi\logs\info-2025-05-21.log:mqtt.py:99 Connected Success
INFO    2025-05-21 09:47:36,143d:\PytestAutoApi\logs\info-2025-05-21.log:mqtt.py:99 Connected Success
INFO    2025-05-21 09:47:37,163d:\PytestAutoApi\logs\info-2025-05-21.log:mqtt.py:99 Connected Success
INFO    2025-05-21 09:47:38,140d:\PytestAutoApi\logs\info-2025-05-21.log:mqtt.py:99 Connected Success
INFO    2025-05-21 09:47:39,140d:\PytestAutoApi\logs\info-2025-05-21.log:mqtt.py:99 Connected Success
INFO    2025-05-21 09:47:40,146d:\PytestAutoApi\logs\info-2025-05-21.log:mqtt.py:99 Connected Success
INFO    2025-05-21 09:47:41,156d:\PytestAutoApi\logs\info-2025-05-21.log:mqtt.py:99 Connected Success
INFO    2025-05-21 09:47:42,148d:\PytestAutoApi\logs\info-2025-05-21.log:mqtt.py:99 Connected Success
INFO    2025-05-21 09:47:43,132d:\PytestAutoApi\logs\info-2025-05-21.log:mqtt.py:99 Connected Success
INFO    2025-05-21 09:47:44,154d:\PytestAutoApi\logs\info-2025-05-21.log:mqtt.py:99 Connected Success
INFO    2025-05-21 09:47:45,162d:\PytestAutoApi\logs\info-2025-05-21.log:mqtt.py:99 Connected Success
INFO    2025-05-21 09:47:46,150d:\PytestAutoApi\logs\info-2025-05-21.log:mqtt.py:99 Connected Success
INFO    2025-05-21 09:47:47,165d:\PytestAutoApi\logs\info-2025-05-21.log:mqtt.py:99 Connected Success
INFO    2025-05-21 09:47:48,152d:\PytestAutoApi\logs\info-2025-05-21.log:mqtt.py:99 Connected Success
INFO    2025-05-21 09:47:49,154d:\PytestAutoApi\logs\info-2025-05-21.log:mqtt.py:99 Connected Success
INFO    2025-05-21 09:47:50,148d:\PytestAutoApi\logs\info-2025-05-21.log:mqtt.py:99 Connected Success
INFO    2025-05-21 09:47:51,163d:\PytestAutoApi\logs\info-2025-05-21.log:mqtt.py:99 Connected Success
INFO    2025-05-21 09:47:52,150d:\PytestAutoApi\logs\info-2025-05-21.log:mqtt.py:99 Connected Success
INFO    2025-05-21 09:47:53,147d:\PytestAutoApi\logs\info-2025-05-21.log:mqtt.py:99 Connected Success
INFO    2025-05-21 09:47:54,165d:\PytestAutoApi\logs\info-2025-05-21.log:mqtt.py:99 Connected Success
INFO    2025-05-21 09:47:55,149d:\PytestAutoApi\logs\info-2025-05-21.log:mqtt.py:99 Connected Success
INFO    2025-05-21 09:47:56,148d:\PytestAutoApi\logs\info-2025-05-21.log:mqtt.py:99 Connected Success
INFO    2025-05-21 09:47:57,153d:\PytestAutoApi\logs\info-2025-05-21.log:mqtt.py:99 Connected Success
INFO    2025-05-21 09:47:58,152d:\PytestAutoApi\logs\info-2025-05-21.log:mqtt.py:99 Connected Success
INFO    2025-05-21 09:47:59,150d:\PytestAutoApi\logs\info-2025-05-21.log:mqtt.py:99 Connected Success
INFO    2025-05-21 09:48:00,164d:\PytestAutoApi\logs\info-2025-05-21.log:mqtt.py:99 Connected Success
INFO    2025-05-21 09:48:01,166d:\PytestAutoApi\logs\info-2025-05-21.log:mqtt.py:99 Connected Success
INFO    2025-05-21 09:48:02,163d:\PytestAutoApi\logs\info-2025-05-21.log:mqtt.py:99 Connected Success
INFO    2025-05-21 09:48:03,177d:\PytestAutoApi\logs\info-2025-05-21.log:mqtt.py:99 Connected Success
INFO    2025-05-21 09:48:04,164d:\PytestAutoApi\logs\info-2025-05-21.log:mqtt.py:99 Connected Success
INFO    2025-05-21 09:48:05,147d:\PytestAutoApi\logs\info-2025-05-21.log:mqtt.py:99 Connected Success
INFO    2025-05-21 09:48:06,163d:\PytestAutoApi\logs\info-2025-05-21.log:mqtt.py:99 Connected Success
INFO    2025-05-21 09:48:07,156d:\PytestAutoApi\logs\info-2025-05-21.log:mqtt.py:99 Connected Success
INFO    2025-05-21 09:48:08,193d:\PytestAutoApi\logs\info-2025-05-21.log:mqtt.py:99 Connected Success
INFO    2025-05-21 09:48:09,157d:\PytestAutoApi\logs\info-2025-05-21.log:mqtt.py:99 Connected Success
INFO    2025-05-21 09:48:10,161d:\PytestAutoApi\logs\info-2025-05-21.log:mqtt.py:99 Connected Success
INFO    2025-05-21 09:48:11,178d:\PytestAutoApi\logs\info-2025-05-21.log:mqtt.py:99 Connected Success
INFO    2025-05-21 09:48:22,664d:\PytestAutoApi\logs\info-2025-05-21.log:mqtt.py:171 当前subscribe主题:plat/general_plat_to_dev/devices/d-f5701968-jmgm9cqp/send/+
INFO    2025-05-21 09:48:22,664d:\PytestAutoApi\logs\info-2025-05-21.log:mqtt.py:171 当前subscribe主题:device/network/devices/d-f5701968-jmgm9cqp/response/+
INFO    2025-05-21 09:48:22,664d:\PytestAutoApi\logs\info-2025-05-21.log:mqtt.py:174 add topic: device/network/devices/d-f5701968-jmgm9cqp/response/+
INFO    2025-05-21 09:48:22,664d:\PytestAutoApi\logs\info-2025-05-21.log:mqtt.py:171 当前subscribe主题:device/ntp/devices/d-f5701968-jmgm9cqp/response/+
INFO    2025-05-21 09:48:22,665d:\PytestAutoApi\logs\info-2025-05-21.log:mqtt.py:171 当前subscribe主题:plat/commands/home/+/devices/d-f5701968-jmgm9cqp/send/+
INFO    2025-05-21 09:48:22,665d:\PytestAutoApi\logs\info-2025-05-21.log:mqtt.py:171 当前subscribe主题:plat/properties_get/home/+/devices/d-f5701968-jmgm9cqp/send/+
INFO    2025-05-21 09:48:22,665d:\PytestAutoApi\logs\info-2025-05-21.log:mqtt.py:99 Connected Success
INFO    2025-05-21 09:48:22,665d:\PytestAutoApi\logs\info-2025-05-21.log:mqtt.py:99 Connected Success
INFO    2025-05-21 09:48:23,698d:\PytestAutoApi\logs\info-2025-05-21.log:mqtt.py:99 Connected Success
INFO    2025-05-21 09:48:24,685d:\PytestAutoApi\logs\info-2025-05-21.log:mqtt.py:99 Connected Success
INFO    2025-05-21 09:48:25,696d:\PytestAutoApi\logs\info-2025-05-21.log:mqtt.py:99 Connected Success
INFO    2025-05-21 09:48:26,709d:\PytestAutoApi\logs\info-2025-05-21.log:mqtt.py:99 Connected Success
INFO    2025-05-21 09:48:27,694d:\PytestAutoApi\logs\info-2025-05-21.log:mqtt.py:99 Connected Success
INFO    2025-05-21 09:48:28,696d:\PytestAutoApi\logs\info-2025-05-21.log:mqtt.py:99 Connected Success
INFO    2025-05-21 09:48:29,694d:\PytestAutoApi\logs\info-2025-05-21.log:mqtt.py:99 Connected Success
INFO    2025-05-21 09:48:30,694d:\PytestAutoApi\logs\info-2025-05-21.log:mqtt.py:99 Connected Success
INFO    2025-05-21 09:48:31,694d:\PytestAutoApi\logs\info-2025-05-21.log:mqtt.py:99 Connected Success
INFO    2025-05-21 09:48:32,703d:\PytestAutoApi\logs\info-2025-05-21.log:mqtt.py:99 Connected Success
INFO    2025-05-21 09:48:33,700d:\PytestAutoApi\logs\info-2025-05-21.log:mqtt.py:99 Connected Success
INFO    2025-05-21 09:48:34,702d:\PytestAutoApi\logs\info-2025-05-21.log:mqtt.py:99 Connected Success
INFO    2025-05-21 09:48:35,700d:\PytestAutoApi\logs\info-2025-05-21.log:mqtt.py:99 Connected Success
INFO    2025-05-21 09:48:36,712d:\PytestAutoApi\logs\info-2025-05-21.log:mqtt.py:99 Connected Success
INFO    2025-05-21 09:48:37,699d:\PytestAutoApi\logs\info-2025-05-21.log:mqtt.py:99 Connected Success
INFO    2025-05-21 09:48:38,702d:\PytestAutoApi\logs\info-2025-05-21.log:mqtt.py:99 Connected Success
INFO    2025-05-21 09:48:39,704d:\PytestAutoApi\logs\info-2025-05-21.log:mqtt.py:99 Connected Success
INFO    2025-05-21 09:48:40,724d:\PytestAutoApi\logs\info-2025-05-21.log:mqtt.py:99 Connected Success
INFO    2025-05-21 09:48:41,709d:\PytestAutoApi\logs\info-2025-05-21.log:mqtt.py:99 Connected Success
INFO    2025-05-21 09:48:42,709d:\PytestAutoApi\logs\info-2025-05-21.log:mqtt.py:99 Connected Success
INFO    2025-05-21 09:48:43,714d:\PytestAutoApi\logs\info-2025-05-21.log:mqtt.py:99 Connected Success
INFO    2025-05-21 09:48:44,700d:\PytestAutoApi\logs\info-2025-05-21.log:mqtt.py:99 Connected Success
INFO    2025-05-21 09:48:45,711d:\PytestAutoApi\logs\info-2025-05-21.log:mqtt.py:99 Connected Success
INFO    2025-05-21 09:48:46,709d:\PytestAutoApi\logs\info-2025-05-21.log:mqtt.py:99 Connected Success
INFO    2025-05-21 09:48:47,704d:\PytestAutoApi\logs\info-2025-05-21.log:mqtt.py:99 Connected Success
INFO    2025-05-21 09:48:48,709d:\PytestAutoApi\logs\info-2025-05-21.log:mqtt.py:99 Connected Success
INFO    2025-05-21 09:48:49,709d:\PytestAutoApi\logs\info-2025-05-21.log:mqtt.py:99 Connected Success
INFO    2025-05-21 09:48:50,709d:\PytestAutoApi\logs\info-2025-05-21.log:mqtt.py:99 Connected Success
INFO    2025-05-21 09:48:51,710d:\PytestAutoApi\logs\info-2025-05-21.log:mqtt.py:99 Connected Success
INFO    2025-05-21 09:48:52,711d:\PytestAutoApi\logs\info-2025-05-21.log:mqtt.py:99 Connected Success
INFO    2025-05-21 09:48:53,711d:\PytestAutoApi\logs\info-2025-05-21.log:mqtt.py:99 Connected Success
INFO    2025-05-21 09:48:54,712d:\PytestAutoApi\logs\info-2025-05-21.log:mqtt.py:99 Connected Success
INFO    2025-05-21 09:48:55,716d:\PytestAutoApi\logs\info-2025-05-21.log:mqtt.py:99 Connected Success
INFO    2025-05-21 09:48:56,725d:\PytestAutoApi\logs\info-2025-05-21.log:mqtt.py:99 Connected Success
INFO    2025-05-21 09:48:57,709d:\PytestAutoApi\logs\info-2025-05-21.log:mqtt.py:99 Connected Success
INFO    2025-05-21 09:48:58,734d:\PytestAutoApi\logs\info-2025-05-21.log:mqtt.py:99 Connected Success
INFO    2025-05-21 09:48:59,712d:\PytestAutoApi\logs\info-2025-05-21.log:mqtt.py:99 Connected Success
INFO    2025-05-21 09:49:00,716d:\PytestAutoApi\logs\info-2025-05-21.log:mqtt.py:99 Connected Success
INFO    2025-05-21 09:49:01,732d:\PytestAutoApi\logs\info-2025-05-21.log:mqtt.py:99 Connected Success
INFO    2025-05-21 09:49:02,716d:\PytestAutoApi\logs\info-2025-05-21.log:mqtt.py:99 Connected Success
INFO    2025-05-21 09:49:03,731d:\PytestAutoApi\logs\info-2025-05-21.log:mqtt.py:99 Connected Success
INFO    2025-05-21 09:49:04,722d:\PytestAutoApi\logs\info-2025-05-21.log:mqtt.py:99 Connected Success
INFO    2025-05-21 09:49:05,721d:\PytestAutoApi\logs\info-2025-05-21.log:mqtt.py:99 Connected Success
INFO    2025-05-21 09:49:06,723d:\PytestAutoApi\logs\info-2025-05-21.log:mqtt.py:99 Connected Success
INFO    2025-05-21 09:49:07,726d:\PytestAutoApi\logs\info-2025-05-21.log:mqtt.py:99 Connected Success
INFO    2025-05-21 09:49:08,729d:\PytestAutoApi\logs\info-2025-05-21.log:mqtt.py:99 Connected Success
INFO    2025-05-21 09:49:09,740d:\PytestAutoApi\logs\info-2025-05-21.log:mqtt.py:99 Connected Success
INFO    2025-05-21 09:49:10,725d:\PytestAutoApi\logs\info-2025-05-21.log:mqtt.py:99 Connected Success
INFO    2025-05-21 09:49:11,727d:\PytestAutoApi\logs\info-2025-05-21.log:mqtt.py:99 Connected Success
INFO    2025-05-21 09:49:12,727d:\PytestAutoApi\logs\info-2025-05-21.log:mqtt.py:99 Connected Success
INFO    2025-05-21 09:49:13,727d:\PytestAutoApi\logs\info-2025-05-21.log:mqtt.py:99 Connected Success
INFO    2025-05-21 09:49:14,726d:\PytestAutoApi\logs\info-2025-05-21.log:mqtt.py:99 Connected Success
INFO    2025-05-21 09:49:15,727d:\PytestAutoApi\logs\info-2025-05-21.log:mqtt.py:99 Connected Success
INFO    2025-05-21 09:49:16,725d:\PytestAutoApi\logs\info-2025-05-21.log:mqtt.py:99 Connected Success
INFO    2025-05-21 09:49:17,726d:\PytestAutoApi\logs\info-2025-05-21.log:mqtt.py:99 Connected Success
INFO    2025-05-21 09:49:18,726d:\PytestAutoApi\logs\info-2025-05-21.log:mqtt.py:99 Connected Success
INFO    2025-05-21 09:49:19,728d:\PytestAutoApi\logs\info-2025-05-21.log:mqtt.py:99 Connected Success
INFO    2025-05-21 09:49:20,731d:\PytestAutoApi\logs\info-2025-05-21.log:mqtt.py:99 Connected Success
INFO    2025-05-21 09:49:21,750d:\PytestAutoApi\logs\info-2025-05-21.log:mqtt.py:99 Connected Success
INFO    2025-05-21 09:49:22,736d:\PytestAutoApi\logs\info-2025-05-21.log:mqtt.py:99 Connected Success
INFO    2025-05-21 09:49:23,727d:\PytestAutoApi\logs\info-2025-05-21.log:mqtt.py:99 Connected Success
INFO    2025-05-21 09:49:24,733d:\PytestAutoApi\logs\info-2025-05-21.log:mqtt.py:99 Connected Success
INFO    2025-05-21 09:49:25,734d:\PytestAutoApi\logs\info-2025-05-21.log:mqtt.py:99 Connected Success
INFO    2025-05-21 09:49:26,740d:\PytestAutoApi\logs\info-2025-05-21.log:mqtt.py:99 Connected Success
INFO    2025-05-21 09:49:27,740d:\PytestAutoApi\logs\info-2025-05-21.log:mqtt.py:99 Connected Success
INFO    2025-05-21 09:49:28,741d:\PytestAutoApi\logs\info-2025-05-21.log:mqtt.py:99 Connected Success
INFO    2025-05-21 09:49:29,743d:\PytestAutoApi\logs\info-2025-05-21.log:mqtt.py:99 Connected Success
INFO    2025-05-21 09:49:30,740d:\PytestAutoApi\logs\info-2025-05-21.log:mqtt.py:99 Connected Success
INFO    2025-05-21 09:49:31,742d:\PytestAutoApi\logs\info-2025-05-21.log:mqtt.py:99 Connected Success
INFO    2025-05-21 09:49:32,732d:\PytestAutoApi\logs\info-2025-05-21.log:mqtt.py:99 Connected Success
INFO    2025-05-21 09:49:33,746d:\PytestAutoApi\logs\info-2025-05-21.log:mqtt.py:99 Connected Success
INFO    2025-05-21 09:49:34,747d:\PytestAutoApi\logs\info-2025-05-21.log:mqtt.py:99 Connected Success
INFO    2025-05-21 09:49:35,738d:\PytestAutoApi\logs\info-2025-05-21.log:mqtt.py:99 Connected Success
INFO    2025-05-21 09:49:36,746d:\PytestAutoApi\logs\info-2025-05-21.log:mqtt.py:99 Connected Success
INFO    2025-05-21 09:49:37,745d:\PytestAutoApi\logs\info-2025-05-21.log:mqtt.py:99 Connected Success
INFO    2025-05-21 09:49:38,727d:\PytestAutoApi\logs\info-2025-05-21.log:mqtt.py:99 Connected Success
INFO    2025-05-21 09:49:39,744d:\PytestAutoApi\logs\info-2025-05-21.log:mqtt.py:99 Connected Success
INFO    2025-05-21 09:49:40,759d:\PytestAutoApi\logs\info-2025-05-21.log:mqtt.py:99 Connected Success
INFO    2025-05-21 09:49:41,750d:\PytestAutoApi\logs\info-2025-05-21.log:mqtt.py:99 Connected Success
INFO    2025-05-21 09:49:42,735d:\PytestAutoApi\logs\info-2025-05-21.log:mqtt.py:99 Connected Success
INFO    2025-05-21 09:49:43,760d:\PytestAutoApi\logs\info-2025-05-21.log:mqtt.py:99 Connected Success
INFO    2025-05-21 09:49:44,760d:\PytestAutoApi\logs\info-2025-05-21.log:mqtt.py:99 Connected Success
INFO    2025-05-21 09:49:45,746d:\PytestAutoApi\logs\info-2025-05-21.log:mqtt.py:99 Connected Success
INFO    2025-05-21 09:49:46,771d:\PytestAutoApi\logs\info-2025-05-21.log:mqtt.py:99 Connected Success
INFO    2025-05-21 09:49:47,765d:\PytestAutoApi\logs\info-2025-05-21.log:mqtt.py:99 Connected Success
INFO    2025-05-21 09:49:48,766d:\PytestAutoApi\logs\info-2025-05-21.log:mqtt.py:99 Connected Success
INFO    2025-05-21 09:49:49,759d:\PytestAutoApi\logs\info-2025-05-21.log:mqtt.py:99 Connected Success
INFO    2025-05-21 09:49:50,779d:\PytestAutoApi\logs\info-2025-05-21.log:mqtt.py:99 Connected Success
INFO    2025-05-21 09:49:51,759d:\PytestAutoApi\logs\info-2025-05-21.log:mqtt.py:99 Connected Success
INFO    2025-05-21 09:49:52,744d:\PytestAutoApi\logs\info-2025-05-21.log:mqtt.py:99 Connected Success
INFO    2025-05-21 09:49:53,769d:\PytestAutoApi\logs\info-2025-05-21.log:mqtt.py:99 Connected Success
INFO    2025-05-21 09:49:54,762d:\PytestAutoApi\logs\info-2025-05-21.log:mqtt.py:99 Connected Success
INFO    2025-05-21 09:49:55,774d:\PytestAutoApi\logs\info-2025-05-21.log:mqtt.py:99 Connected Success
INFO    2025-05-21 09:49:56,758d:\PytestAutoApi\logs\info-2025-05-21.log:mqtt.py:99 Connected Success
INFO    2025-05-21 09:49:57,771d:\PytestAutoApi\logs\info-2025-05-21.log:mqtt.py:99 Connected Success
INFO    2025-05-21 09:49:58,749d:\PytestAutoApi\logs\info-2025-05-21.log:mqtt.py:99 Connected Success
INFO    2025-05-21 09:49:59,773d:\PytestAutoApi\logs\info-2025-05-21.log:mqtt.py:99 Connected Success
INFO    2025-05-21 09:50:00,756d:\PytestAutoApi\logs\info-2025-05-21.log:mqtt.py:99 Connected Success
INFO    2025-05-21 09:50:01,757d:\PytestAutoApi\logs\info-2025-05-21.log:mqtt.py:99 Connected Success
INFO    2025-05-21 09:50:02,779d:\PytestAutoApi\logs\info-2025-05-21.log:mqtt.py:99 Connected Success
INFO    2025-05-21 09:50:03,744d:\PytestAutoApi\logs\info-2025-05-21.log:mqtt.py:99 Connected Success
INFO    2025-05-21 09:50:04,757d:\PytestAutoApi\logs\info-2025-05-21.log:mqtt.py:99 Connected Success
INFO    2025-05-21 09:50:05,779d:\PytestAutoApi\logs\info-2025-05-21.log:mqtt.py:99 Connected Success
INFO    2025-05-21 09:50:06,765d:\PytestAutoApi\logs\info-2025-05-21.log:mqtt.py:99 Connected Success
INFO    2025-05-21 09:50:07,773d:\PytestAutoApi\logs\info-2025-05-21.log:mqtt.py:99 Connected Success
INFO    2025-05-21 09:50:08,756d:\PytestAutoApi\logs\info-2025-05-21.log:mqtt.py:99 Connected Success
INFO    2025-05-21 09:50:09,758d:\PytestAutoApi\logs\info-2025-05-21.log:mqtt.py:99 Connected Success
INFO    2025-05-21 09:50:10,762d:\PytestAutoApi\logs\info-2025-05-21.log:mqtt.py:99 Connected Success
INFO    2025-05-21 09:50:11,759d:\PytestAutoApi\logs\info-2025-05-21.log:mqtt.py:99 Connected Success
INFO    2025-05-21 09:50:12,758d:\PytestAutoApi\logs\info-2025-05-21.log:mqtt.py:99 Connected Success
INFO    2025-05-21 09:50:13,761d:\PytestAutoApi\logs\info-2025-05-21.log:mqtt.py:99 Connected Success
INFO    2025-05-21 09:50:14,762d:\PytestAutoApi\logs\info-2025-05-21.log:mqtt.py:99 Connected Success
INFO    2025-05-21 09:50:15,764d:\PytestAutoApi\logs\info-2025-05-21.log:mqtt.py:99 Connected Success
INFO    2025-05-21 09:50:16,757d:\PytestAutoApi\logs\info-2025-05-21.log:mqtt.py:99 Connected Success
INFO    2025-05-21 09:50:17,758d:\PytestAutoApi\logs\info-2025-05-21.log:mqtt.py:99 Connected Success
INFO    2025-05-21 09:50:18,772d:\PytestAutoApi\logs\info-2025-05-21.log:mqtt.py:99 Connected Success
INFO    2025-05-21 09:50:19,768d:\PytestAutoApi\logs\info-2025-05-21.log:mqtt.py:99 Connected Success
INFO    2025-05-21 09:50:20,767d:\PytestAutoApi\logs\info-2025-05-21.log:mqtt.py:99 Connected Success
INFO    2025-05-21 09:50:21,766d:\PytestAutoApi\logs\info-2025-05-21.log:mqtt.py:99 Connected Success
INFO    2025-05-21 09:50:22,772d:\PytestAutoApi\logs\info-2025-05-21.log:mqtt.py:99 Connected Success
INFO    2025-05-21 09:50:23,773d:\PytestAutoApi\logs\info-2025-05-21.log:mqtt.py:99 Connected Success
INFO    2025-05-21 09:50:24,765d:\PytestAutoApi\logs\info-2025-05-21.log:mqtt.py:99 Connected Success
INFO    2025-05-21 09:50:25,773d:\PytestAutoApi\logs\info-2025-05-21.log:mqtt.py:99 Connected Success
INFO    2025-05-21 09:50:26,766d:\PytestAutoApi\logs\info-2025-05-21.log:mqtt.py:99 Connected Success
INFO    2025-05-21 09:50:27,771d:\PytestAutoApi\logs\info-2025-05-21.log:mqtt.py:99 Connected Success
INFO    2025-05-21 09:50:28,772d:\PytestAutoApi\logs\info-2025-05-21.log:mqtt.py:99 Connected Success
INFO    2025-05-21 09:50:29,772d:\PytestAutoApi\logs\info-2025-05-21.log:mqtt.py:99 Connected Success
INFO    2025-05-21 09:50:30,773d:\PytestAutoApi\logs\info-2025-05-21.log:mqtt.py:99 Connected Success
INFO    2025-05-21 09:50:31,787d:\PytestAutoApi\logs\info-2025-05-21.log:mqtt.py:99 Connected Success
INFO    2025-05-21 09:50:32,790d:\PytestAutoApi\logs\info-2025-05-21.log:mqtt.py:99 Connected Success
INFO    2025-05-21 09:50:33,772d:\PytestAutoApi\logs\info-2025-05-21.log:mqtt.py:99 Connected Success
INFO    2025-05-21 09:50:34,783d:\PytestAutoApi\logs\info-2025-05-21.log:mqtt.py:99 Connected Success
INFO    2025-05-21 09:50:35,789d:\PytestAutoApi\logs\info-2025-05-21.log:mqtt.py:99 Connected Success
INFO    2025-05-21 09:50:36,772d:\PytestAutoApi\logs\info-2025-05-21.log:mqtt.py:99 Connected Success
INFO    2025-05-21 09:50:37,777d:\PytestAutoApi\logs\info-2025-05-21.log:mqtt.py:99 Connected Success
INFO    2025-05-21 09:50:38,778d:\PytestAutoApi\logs\info-2025-05-21.log:mqtt.py:99 Connected Success
INFO    2025-05-21 09:50:39,795d:\PytestAutoApi\logs\info-2025-05-21.log:mqtt.py:99 Connected Success
INFO    2025-05-21 09:50:40,787d:\PytestAutoApi\logs\info-2025-05-21.log:mqtt.py:99 Connected Success
INFO    2025-05-21 09:50:41,773d:\PytestAutoApi\logs\info-2025-05-21.log:mqtt.py:99 Connected Success
INFO    2025-05-21 09:50:42,776d:\PytestAutoApi\logs\info-2025-05-21.log:mqtt.py:99 Connected Success
INFO    2025-05-21 09:50:43,783d:\PytestAutoApi\logs\info-2025-05-21.log:mqtt.py:99 Connected Success
INFO    2025-05-21 09:50:44,802d:\PytestAutoApi\logs\info-2025-05-21.log:mqtt.py:99 Connected Success
INFO    2025-05-21 09:50:45,797d:\PytestAutoApi\logs\info-2025-05-21.log:mqtt.py:99 Connected Success
INFO    2025-05-21 09:50:46,797d:\PytestAutoApi\logs\info-2025-05-21.log:mqtt.py:99 Connected Success
INFO    2025-05-21 09:50:47,781d:\PytestAutoApi\logs\info-2025-05-21.log:mqtt.py:99 Connected Success
INFO    2025-05-21 09:50:48,804d:\PytestAutoApi\logs\info-2025-05-21.log:mqtt.py:99 Connected Success
INFO    2025-05-21 09:50:49,788d:\PytestAutoApi\logs\info-2025-05-21.log:mqtt.py:99 Connected Success
INFO    2025-05-21 09:50:50,789d:\PytestAutoApi\logs\info-2025-05-21.log:mqtt.py:99 Connected Success
INFO    2025-05-21 09:50:51,789d:\PytestAutoApi\logs\info-2025-05-21.log:mqtt.py:99 Connected Success
INFO    2025-05-21 09:50:52,788d:\PytestAutoApi\logs\info-2025-05-21.log:mqtt.py:99 Connected Success
INFO    2025-05-21 09:50:53,789d:\PytestAutoApi\logs\info-2025-05-21.log:mqtt.py:99 Connected Success
INFO    2025-05-21 09:50:54,808d:\PytestAutoApi\logs\info-2025-05-21.log:mqtt.py:99 Connected Success
INFO    2025-05-21 09:50:55,792d:\PytestAutoApi\logs\info-2025-05-21.log:mqtt.py:99 Connected Success
INFO    2025-05-21 09:50:56,792d:\PytestAutoApi\logs\info-2025-05-21.log:mqtt.py:99 Connected Success
INFO    2025-05-21 09:50:57,794d:\PytestAutoApi\logs\info-2025-05-21.log:mqtt.py:99 Connected Success
INFO    2025-05-21 09:50:58,793d:\PytestAutoApi\logs\info-2025-05-21.log:mqtt.py:99 Connected Success
INFO    2025-05-21 09:50:59,794d:\PytestAutoApi\logs\info-2025-05-21.log:mqtt.py:99 Connected Success
INFO    2025-05-21 09:51:00,803d:\PytestAutoApi\logs\info-2025-05-21.log:mqtt.py:99 Connected Success
INFO    2025-05-21 09:51:01,813d:\PytestAutoApi\logs\info-2025-05-21.log:mqtt.py:99 Connected Success
INFO    2025-05-21 09:51:02,803d:\PytestAutoApi\logs\info-2025-05-21.log:mqtt.py:99 Connected Success
INFO    2025-05-21 09:51:03,812d:\PytestAutoApi\logs\info-2025-05-21.log:mqtt.py:99 Connected Success
INFO    2025-05-21 09:51:04,796d:\PytestAutoApi\logs\info-2025-05-21.log:mqtt.py:99 Connected Success
INFO    2025-05-21 09:51:05,805d:\PytestAutoApi\logs\info-2025-05-21.log:mqtt.py:99 Connected Success
INFO    2025-05-21 09:51:06,808d:\PytestAutoApi\logs\info-2025-05-21.log:mqtt.py:99 Connected Success
INFO    2025-05-21 09:51:07,788d:\PytestAutoApi\logs\info-2025-05-21.log:mqtt.py:99 Connected Success
INFO    2025-05-21 09:51:08,804d:\PytestAutoApi\logs\info-2025-05-21.log:mqtt.py:99 Connected Success
INFO    2025-05-21 09:51:09,814d:\PytestAutoApi\logs\info-2025-05-21.log:mqtt.py:99 Connected Success
INFO    2025-05-21 09:51:10,805d:\PytestAutoApi\logs\info-2025-05-21.log:mqtt.py:99 Connected Success
INFO    2025-05-21 09:51:11,819d:\PytestAutoApi\logs\info-2025-05-21.log:mqtt.py:99 Connected Success
INFO    2025-05-21 09:51:12,804d:\PytestAutoApi\logs\info-2025-05-21.log:mqtt.py:99 Connected Success
INFO    2025-05-21 09:51:13,788d:\PytestAutoApi\logs\info-2025-05-21.log:mqtt.py:99 Connected Success
INFO    2025-05-21 09:51:14,803d:\PytestAutoApi\logs\info-2025-05-21.log:mqtt.py:99 Connected Success
INFO    2025-05-21 09:51:15,805d:\PytestAutoApi\logs\info-2025-05-21.log:mqtt.py:99 Connected Success
INFO    2025-05-21 09:51:16,805d:\PytestAutoApi\logs\info-2025-05-21.log:mqtt.py:99 Connected Success
INFO    2025-05-21 09:51:17,805d:\PytestAutoApi\logs\info-2025-05-21.log:mqtt.py:99 Connected Success
INFO    2025-05-21 09:51:18,806d:\PytestAutoApi\logs\info-2025-05-21.log:mqtt.py:99 Connected Success
INFO    2025-05-21 09:51:19,806d:\PytestAutoApi\logs\info-2025-05-21.log:mqtt.py:99 Connected Success
INFO    2025-05-21 09:51:20,806d:\PytestAutoApi\logs\info-2025-05-21.log:mqtt.py:99 Connected Success
INFO    2025-05-21 09:51:21,829d:\PytestAutoApi\logs\info-2025-05-21.log:mqtt.py:99 Connected Success
INFO    2025-05-21 09:51:22,810d:\PytestAutoApi\logs\info-2025-05-21.log:mqtt.py:99 Connected Success
INFO    2025-05-21 09:51:23,810d:\PytestAutoApi\logs\info-2025-05-21.log:mqtt.py:99 Connected Success
INFO    2025-05-21 09:51:24,822d:\PytestAutoApi\logs\info-2025-05-21.log:mqtt.py:99 Connected Success
INFO    2025-05-21 09:51:25,818d:\PytestAutoApi\logs\info-2025-05-21.log:mqtt.py:99 Connected Success
INFO    2025-05-21 09:51:26,810d:\PytestAutoApi\logs\info-2025-05-21.log:mqtt.py:99 Connected Success
INFO    2025-05-21 09:51:27,802d:\PytestAutoApi\logs\info-2025-05-21.log:mqtt.py:99 Connected Success
INFO    2025-05-21 09:51:28,819d:\PytestAutoApi\logs\info-2025-05-21.log:mqtt.py:99 Connected Success
INFO    2025-05-21 09:51:29,816d:\PytestAutoApi\logs\info-2025-05-21.log:mqtt.py:99 Connected Success
INFO    2025-05-21 09:51:30,819d:\PytestAutoApi\logs\info-2025-05-21.log:mqtt.py:99 Connected Success
INFO    2025-05-21 09:51:31,802d:\PytestAutoApi\logs\info-2025-05-21.log:mqtt.py:99 Connected Success
INFO    2025-05-21 09:51:32,818d:\PytestAutoApi\logs\info-2025-05-21.log:mqtt.py:99 Connected Success
INFO    2025-05-21 09:51:33,815d:\PytestAutoApi\logs\info-2025-05-21.log:mqtt.py:99 Connected Success
INFO    2025-05-21 09:51:34,822d:\PytestAutoApi\logs\info-2025-05-21.log:mqtt.py:99 Connected Success
INFO    2025-05-21 09:51:35,819d:\PytestAutoApi\logs\info-2025-05-21.log:mqtt.py:99 Connected Success
INFO    2025-05-21 09:51:36,843d:\PytestAutoApi\logs\info-2025-05-21.log:mqtt.py:99 Connected Success
INFO    2025-05-21 09:51:37,822d:\PytestAutoApi\logs\info-2025-05-21.log:mqtt.py:99 Connected Success
INFO    2025-05-21 09:51:38,823d:\PytestAutoApi\logs\info-2025-05-21.log:mqtt.py:99 Connected Success
INFO    2025-05-21 09:51:39,811d:\PytestAutoApi\logs\info-2025-05-21.log:mqtt.py:99 Connected Success
INFO    2025-05-21 09:51:40,808d:\PytestAutoApi\logs\info-2025-05-21.log:mqtt.py:99 Connected Success
INFO    2025-05-21 09:51:41,808d:\PytestAutoApi\logs\info-2025-05-21.log:mqtt.py:99 Connected Success
INFO    2025-05-21 09:51:42,819d:\PytestAutoApi\logs\info-2025-05-21.log:mqtt.py:99 Connected Success
INFO    2025-05-21 09:51:43,824d:\PytestAutoApi\logs\info-2025-05-21.log:mqtt.py:99 Connected Success
INFO    2025-05-21 09:51:44,825d:\PytestAutoApi\logs\info-2025-05-21.log:mqtt.py:99 Connected Success
INFO    2025-05-21 09:51:45,834d:\PytestAutoApi\logs\info-2025-05-21.log:mqtt.py:99 Connected Success
INFO    2025-05-21 09:51:46,845d:\PytestAutoApi\logs\info-2025-05-21.log:mqtt.py:99 Connected Success
INFO    2025-05-21 09:51:47,820d:\PytestAutoApi\logs\info-2025-05-21.log:mqtt.py:99 Connected Success
INFO    2025-05-21 09:51:48,819d:\PytestAutoApi\logs\info-2025-05-21.log:mqtt.py:99 Connected Success
INFO    2025-05-21 09:51:49,836d:\PytestAutoApi\logs\info-2025-05-21.log:mqtt.py:99 Connected Success
INFO    2025-05-21 09:51:50,838d:\PytestAutoApi\logs\info-2025-05-21.log:mqtt.py:99 Connected Success
INFO    2025-05-21 09:51:51,836d:\PytestAutoApi\logs\info-2025-05-21.log:mqtt.py:99 Connected Success
INFO    2025-05-21 09:51:52,834d:\PytestAutoApi\logs\info-2025-05-21.log:mqtt.py:99 Connected Success
INFO    2025-05-21 09:51:53,820d:\PytestAutoApi\logs\info-2025-05-21.log:mqtt.py:99 Connected Success
INFO    2025-05-21 09:51:54,819d:\PytestAutoApi\logs\info-2025-05-21.log:mqtt.py:99 Connected Success
INFO    2025-05-21 09:51:55,821d:\PytestAutoApi\logs\info-2025-05-21.log:mqtt.py:99 Connected Success
INFO    2025-05-21 09:51:56,822d:\PytestAutoApi\logs\info-2025-05-21.log:mqtt.py:99 Connected Success
INFO    2025-05-21 09:51:57,833d:\PytestAutoApi\logs\info-2025-05-21.log:mqtt.py:99 Connected Success
INFO    2025-05-21 09:51:58,837d:\PytestAutoApi\logs\info-2025-05-21.log:mqtt.py:99 Connected Success
INFO    2025-05-21 09:51:59,835d:\PytestAutoApi\logs\info-2025-05-21.log:mqtt.py:99 Connected Success
INFO    2025-05-21 09:52:00,826d:\PytestAutoApi\logs\info-2025-05-21.log:mqtt.py:99 Connected Success
INFO    2025-05-21 09:52:01,842d:\PytestAutoApi\logs\info-2025-05-21.log:mqtt.py:99 Connected Success
INFO    2025-05-21 09:52:02,840d:\PytestAutoApi\logs\info-2025-05-21.log:mqtt.py:99 Connected Success
INFO    2025-05-21 09:52:03,827d:\PytestAutoApi\logs\info-2025-05-21.log:mqtt.py:99 Connected Success
INFO    2025-05-21 09:52:04,835d:\PytestAutoApi\logs\info-2025-05-21.log:mqtt.py:99 Connected Success
INFO    2025-05-21 09:52:05,833d:\PytestAutoApi\logs\info-2025-05-21.log:mqtt.py:99 Connected Success
INFO    2025-05-21 09:52:06,851d:\PytestAutoApi\logs\info-2025-05-21.log:mqtt.py:99 Connected Success
INFO    2025-05-21 09:52:07,837d:\PytestAutoApi\logs\info-2025-05-21.log:mqtt.py:99 Connected Success
INFO    2025-05-21 09:52:08,836d:\PytestAutoApi\logs\info-2025-05-21.log:mqtt.py:99 Connected Success
INFO    2025-05-21 09:52:09,824d:\PytestAutoApi\logs\info-2025-05-21.log:mqtt.py:99 Connected Success
INFO    2025-05-21 09:52:10,852d:\PytestAutoApi\logs\info-2025-05-21.log:mqtt.py:99 Connected Success
INFO    2025-05-21 09:52:11,835d:\PytestAutoApi\logs\info-2025-05-21.log:mqtt.py:99 Connected Success
INFO    2025-05-21 09:52:12,858d:\PytestAutoApi\logs\info-2025-05-21.log:mqtt.py:99 Connected Success
INFO    2025-05-21 09:52:13,838d:\PytestAutoApi\logs\info-2025-05-21.log:mqtt.py:99 Connected Success
INFO    2025-05-21 09:52:14,851d:\PytestAutoApi\logs\info-2025-05-21.log:mqtt.py:99 Connected Success
INFO    2025-05-21 09:52:15,840d:\PytestAutoApi\logs\info-2025-05-21.log:mqtt.py:99 Connected Success
INFO    2025-05-21 09:52:16,843d:\PytestAutoApi\logs\info-2025-05-21.log:mqtt.py:99 Connected Success
INFO    2025-05-21 09:52:17,866d:\PytestAutoApi\logs\info-2025-05-21.log:mqtt.py:99 Connected Success
INFO    2025-05-21 09:52:18,837d:\PytestAutoApi\logs\info-2025-05-21.log:mqtt.py:99 Connected Success
INFO    2025-05-21 09:52:19,860d:\PytestAutoApi\logs\info-2025-05-21.log:mqtt.py:99 Connected Success
INFO    2025-05-21 09:52:20,842d:\PytestAutoApi\logs\info-2025-05-21.log:mqtt.py:99 Connected Success
INFO    2025-05-21 09:52:21,850d:\PytestAutoApi\logs\info-2025-05-21.log:mqtt.py:99 Connected Success
INFO    2025-05-21 09:52:22,842d:\PytestAutoApi\logs\info-2025-05-21.log:mqtt.py:99 Connected Success
INFO    2025-05-21 09:52:23,843d:\PytestAutoApi\logs\info-2025-05-21.log:mqtt.py:99 Connected Success
INFO    2025-05-21 09:52:24,861d:\PytestAutoApi\logs\info-2025-05-21.log:mqtt.py:99 Connected Success
INFO    2025-05-21 09:52:25,838d:\PytestAutoApi\logs\info-2025-05-21.log:mqtt.py:99 Connected Success
INFO    2025-05-21 09:52:26,865d:\PytestAutoApi\logs\info-2025-05-21.log:mqtt.py:99 Connected Success
INFO    2025-05-21 09:52:27,851d:\PytestAutoApi\logs\info-2025-05-21.log:mqtt.py:99 Connected Success
INFO    2025-05-21 09:52:28,850d:\PytestAutoApi\logs\info-2025-05-21.log:mqtt.py:99 Connected Success
INFO    2025-05-21 09:52:29,851d:\PytestAutoApi\logs\info-2025-05-21.log:mqtt.py:99 Connected Success
INFO    2025-05-21 09:52:30,850d:\PytestAutoApi\logs\info-2025-05-21.log:mqtt.py:99 Connected Success
INFO    2025-05-21 09:52:31,849d:\PytestAutoApi\logs\info-2025-05-21.log:mqtt.py:99 Connected Success
INFO    2025-05-21 09:52:32,848d:\PytestAutoApi\logs\info-2025-05-21.log:mqtt.py:99 Connected Success
INFO    2025-05-21 09:52:33,851d:\PytestAutoApi\logs\info-2025-05-21.log:mqtt.py:99 Connected Success
INFO    2025-05-21 09:52:34,881d:\PytestAutoApi\logs\info-2025-05-21.log:mqtt.py:99 Connected Success
INFO    2025-05-21 09:52:35,850d:\PytestAutoApi\logs\info-2025-05-21.log:mqtt.py:99 Connected Success
INFO    2025-05-21 09:52:36,851d:\PytestAutoApi\logs\info-2025-05-21.log:mqtt.py:99 Connected Success
INFO    2025-05-21 09:52:37,851d:\PytestAutoApi\logs\info-2025-05-21.log:mqtt.py:99 Connected Success
INFO    2025-05-21 09:52:38,837d:\PytestAutoApi\logs\info-2025-05-21.log:mqtt.py:99 Connected Success
INFO    2025-05-21 09:52:39,869d:\PytestAutoApi\logs\info-2025-05-21.log:mqtt.py:99 Connected Success
INFO    2025-05-21 09:52:40,852d:\PytestAutoApi\logs\info-2025-05-21.log:mqtt.py:99 Connected Success
INFO    2025-05-21 09:52:41,866d:\PytestAutoApi\logs\info-2025-05-21.log:mqtt.py:99 Connected Success
INFO    2025-05-21 09:52:42,850d:\PytestAutoApi\logs\info-2025-05-21.log:mqtt.py:99 Connected Success
INFO    2025-05-21 09:52:43,884d:\PytestAutoApi\logs\info-2025-05-21.log:mqtt.py:99 Connected Success
INFO    2025-05-21 09:52:44,854d:\PytestAutoApi\logs\info-2025-05-21.log:mqtt.py:99 Connected Success
INFO    2025-05-21 09:52:45,871d:\PytestAutoApi\logs\info-2025-05-21.log:mqtt.py:99 Connected Success
INFO    2025-05-21 09:52:46,869d:\PytestAutoApi\logs\info-2025-05-21.log:mqtt.py:99 Connected Success
INFO    2025-05-21 09:52:47,870d:\PytestAutoApi\logs\info-2025-05-21.log:mqtt.py:99 Connected Success
INFO    2025-05-21 09:52:48,854d:\PytestAutoApi\logs\info-2025-05-21.log:mqtt.py:99 Connected Success
INFO    2025-05-21 09:52:49,865d:\PytestAutoApi\logs\info-2025-05-21.log:mqtt.py:99 Connected Success
INFO    2025-05-21 09:52:50,866d:\PytestAutoApi\logs\info-2025-05-21.log:mqtt.py:99 Connected Success
INFO    2025-05-21 09:52:51,866d:\PytestAutoApi\logs\info-2025-05-21.log:mqtt.py:99 Connected Success
INFO    2025-05-21 09:52:52,876d:\PytestAutoApi\logs\info-2025-05-21.log:mqtt.py:99 Connected Success
INFO    2025-05-21 09:52:53,865d:\PytestAutoApi\logs\info-2025-05-21.log:mqtt.py:99 Connected Success
INFO    2025-05-21 09:52:54,897d:\PytestAutoApi\logs\info-2025-05-21.log:mqtt.py:99 Connected Success
INFO    2025-05-21 09:52:55,877d:\PytestAutoApi\logs\info-2025-05-21.log:mqtt.py:99 Connected Success
INFO    2025-05-21 09:52:56,874d:\PytestAutoApi\logs\info-2025-05-21.log:mqtt.py:99 Connected Success
INFO    2025-05-21 09:52:57,869d:\PytestAutoApi\logs\info-2025-05-21.log:mqtt.py:99 Connected Success
INFO    2025-05-21 09:52:58,890d:\PytestAutoApi\logs\info-2025-05-21.log:mqtt.py:99 Connected Success
INFO    2025-05-21 09:52:59,889d:\PytestAutoApi\logs\info-2025-05-21.log:mqtt.py:99 Connected Success
INFO    2025-05-21 09:53:00,888d:\PytestAutoApi\logs\info-2025-05-21.log:mqtt.py:99 Connected Success
INFO    2025-05-21 09:53:01,880d:\PytestAutoApi\logs\info-2025-05-21.log:mqtt.py:99 Connected Success
INFO    2025-05-21 09:53:02,899d:\PytestAutoApi\logs\info-2025-05-21.log:mqtt.py:99 Connected Success
INFO    2025-05-21 09:53:28,558d:\PytestAutoApi\logs\info-2025-05-21.log:mqtt.py:171 当前subscribe主题:plat/general_plat_to_dev/devices/d-f5701968-jmgm9cqp/send/+
INFO    2025-05-21 09:53:28,558d:\PytestAutoApi\logs\info-2025-05-21.log:mqtt.py:171 当前subscribe主题:device/network/devices/d-f5701968-jmgm9cqp/response/+
INFO    2025-05-21 09:53:28,558d:\PytestAutoApi\logs\info-2025-05-21.log:mqtt.py:174 add topic: device/network/devices/d-f5701968-jmgm9cqp/response/+
INFO    2025-05-21 09:53:28,558d:\PytestAutoApi\logs\info-2025-05-21.log:mqtt.py:171 当前subscribe主题:device/ntp/devices/d-f5701968-jmgm9cqp/response/+
INFO    2025-05-21 09:53:28,558d:\PytestAutoApi\logs\info-2025-05-21.log:mqtt.py:174 add topic: device/ntp/devices/d-f5701968-jmgm9cqp/response/+
INFO    2025-05-21 09:53:28,558d:\PytestAutoApi\logs\info-2025-05-21.log:mqtt.py:171 当前subscribe主题:plat/commands/home/+/devices/d-f5701968-jmgm9cqp/send/+
INFO    2025-05-21 09:53:28,558d:\PytestAutoApi\logs\info-2025-05-21.log:mqtt.py:171 当前subscribe主题:plat/properties_get/home/+/devices/d-f5701968-jmgm9cqp/send/+
INFO    2025-05-21 09:53:28,567d:\PytestAutoApi\logs\info-2025-05-21.log:mqtt.py:99 Connected Success
INFO    2025-05-21 09:53:28,567d:\PytestAutoApi\logs\info-2025-05-21.log:mqtt.py:99 Connected Success
INFO    2025-05-21 09:53:39,682d:\PytestAutoApi\logs\info-2025-05-21.log:mqtt.py:171 当前subscribe主题:plat/general_plat_to_dev/devices/d-f5701968-jmgm9cqp/send/+
INFO    2025-05-21 09:53:39,682d:\PytestAutoApi\logs\info-2025-05-21.log:mqtt.py:171 当前subscribe主题:device/network/devices/d-f5701968-jmgm9cqp/response/+
INFO    2025-05-21 09:53:39,685d:\PytestAutoApi\logs\info-2025-05-21.log:mqtt.py:174 add topic: device/network/devices/d-f5701968-jmgm9cqp/response/+
INFO    2025-05-21 09:53:39,685d:\PytestAutoApi\logs\info-2025-05-21.log:mqtt.py:171 当前subscribe主题:device/ntp/devices/d-f5701968-jmgm9cqp/response/+
INFO    2025-05-21 09:53:39,685d:\PytestAutoApi\logs\info-2025-05-21.log:mqtt.py:174 add topic: device/ntp/devices/d-f5701968-jmgm9cqp/response/+
INFO    2025-05-21 09:53:39,685d:\PytestAutoApi\logs\info-2025-05-21.log:mqtt.py:171 当前subscribe主题:plat/commands/home/+/devices/d-f5701968-jmgm9cqp/send/+
INFO    2025-05-21 09:53:39,686d:\PytestAutoApi\logs\info-2025-05-21.log:mqtt.py:171 当前subscribe主题:plat/properties_get/home/+/devices/d-f5701968-jmgm9cqp/send/+
INFO    2025-05-21 09:53:39,687d:\PytestAutoApi\logs\info-2025-05-21.log:mqtt.py:99 Connected Success
INFO    2025-05-21 09:53:39,687d:\PytestAutoApi\logs\info-2025-05-21.log:mqtt.py:99 Connected Success
INFO    2025-05-21 09:53:40,715d:\PytestAutoApi\logs\info-2025-05-21.log:mqtt.py:99 Connected Success
INFO    2025-05-21 09:53:41,741d:\PytestAutoApi\logs\info-2025-05-21.log:mqtt.py:99 Connected Success
INFO    2025-05-21 09:53:42,725d:\PytestAutoApi\logs\info-2025-05-21.log:mqtt.py:99 Connected Success
INFO    2025-05-21 09:53:43,740d:\PytestAutoApi\logs\info-2025-05-21.log:mqtt.py:99 Connected Success
INFO    2025-05-21 09:53:44,733d:\PytestAutoApi\logs\info-2025-05-21.log:mqtt.py:99 Connected Success
INFO    2025-05-21 09:53:45,740d:\PytestAutoApi\logs\info-2025-05-21.log:mqtt.py:99 Connected Success
INFO    2025-05-21 09:53:46,728d:\PytestAutoApi\logs\info-2025-05-21.log:mqtt.py:99 Connected Success
INFO    2025-05-21 09:53:47,729d:\PytestAutoApi\logs\info-2025-05-21.log:mqtt.py:99 Connected Success
INFO    2025-05-21 09:53:48,740d:\PytestAutoApi\logs\info-2025-05-21.log:mqtt.py:99 Connected Success
INFO    2025-05-21 09:53:49,734d:\PytestAutoApi\logs\info-2025-05-21.log:mqtt.py:99 Connected Success
INFO    2025-05-21 09:53:50,726d:\PytestAutoApi\logs\info-2025-05-21.log:mqtt.py:99 Connected Success
INFO    2025-05-21 09:53:51,739d:\PytestAutoApi\logs\info-2025-05-21.log:mqtt.py:99 Connected Success
INFO    2025-05-21 09:53:52,737d:\PytestAutoApi\logs\info-2025-05-21.log:mqtt.py:99 Connected Success
INFO    2025-05-21 09:53:53,718d:\PytestAutoApi\logs\info-2025-05-21.log:mqtt.py:99 Connected Success
INFO    2025-05-21 09:53:54,741d:\PytestAutoApi\logs\info-2025-05-21.log:mqtt.py:99 Connected Success
INFO    2025-05-21 09:53:55,773d:\PytestAutoApi\logs\info-2025-05-21.log:mqtt.py:99 Connected Success
INFO    2025-05-21 09:53:56,733d:\PytestAutoApi\logs\info-2025-05-21.log:mqtt.py:99 Connected Success
INFO    2025-05-21 09:53:57,727d:\PytestAutoApi\logs\info-2025-05-21.log:mqtt.py:99 Connected Success
INFO    2025-05-21 09:53:58,749d:\PytestAutoApi\logs\info-2025-05-21.log:mqtt.py:99 Connected Success
INFO    2025-05-21 09:53:59,748d:\PytestAutoApi\logs\info-2025-05-21.log:mqtt.py:99 Connected Success
INFO    2025-05-21 09:54:00,735d:\PytestAutoApi\logs\info-2025-05-21.log:mqtt.py:99 Connected Success
INFO    2025-05-21 09:54:01,758d:\PytestAutoApi\logs\info-2025-05-21.log:mqtt.py:99 Connected Success
INFO    2025-05-21 09:54:02,731d:\PytestAutoApi\logs\info-2025-05-21.log:mqtt.py:99 Connected Success
INFO    2025-05-21 09:54:03,750d:\PytestAutoApi\logs\info-2025-05-21.log:mqtt.py:99 Connected Success
INFO    2025-05-21 09:54:04,747d:\PytestAutoApi\logs\info-2025-05-21.log:mqtt.py:99 Connected Success
INFO    2025-05-21 09:54:05,761d:\PytestAutoApi\logs\info-2025-05-21.log:mqtt.py:99 Connected Success
INFO    2025-05-21 09:54:06,749d:\PytestAutoApi\logs\info-2025-05-21.log:mqtt.py:99 Connected Success
INFO    2025-05-21 09:54:07,726d:\PytestAutoApi\logs\info-2025-05-21.log:mqtt.py:99 Connected Success
INFO    2025-05-21 09:54:08,741d:\PytestAutoApi\logs\info-2025-05-21.log:mqtt.py:99 Connected Success
INFO    2025-05-21 09:54:09,772d:\PytestAutoApi\logs\info-2025-05-21.log:mqtt.py:99 Connected Success
INFO    2025-05-21 09:54:10,748d:\PytestAutoApi\logs\info-2025-05-21.log:mqtt.py:99 Connected Success
INFO    2025-05-21 09:54:11,740d:\PytestAutoApi\logs\info-2025-05-21.log:mqtt.py:99 Connected Success
INFO    2025-05-21 09:54:12,747d:\PytestAutoApi\logs\info-2025-05-21.log:mqtt.py:99 Connected Success
INFO    2025-05-21 09:54:13,748d:\PytestAutoApi\logs\info-2025-05-21.log:mqtt.py:99 Connected Success
INFO    2025-05-21 09:54:14,772d:\PytestAutoApi\logs\info-2025-05-21.log:mqtt.py:99 Connected Success
INFO    2025-05-21 09:54:15,771d:\PytestAutoApi\logs\info-2025-05-21.log:mqtt.py:99 Connected Success
INFO    2025-05-21 09:54:16,772d:\PytestAutoApi\logs\info-2025-05-21.log:mqtt.py:99 Connected Success
INFO    2025-05-21 09:54:17,744d:\PytestAutoApi\logs\info-2025-05-21.log:mqtt.py:99 Connected Success
INFO    2025-05-21 09:54:18,773d:\PytestAutoApi\logs\info-2025-05-21.log:mqtt.py:99 Connected Success
INFO    2025-05-21 09:54:19,772d:\PytestAutoApi\logs\info-2025-05-21.log:mqtt.py:99 Connected Success
INFO    2025-05-21 09:54:20,749d:\PytestAutoApi\logs\info-2025-05-21.log:mqtt.py:99 Connected Success
INFO    2025-05-21 09:54:21,743d:\PytestAutoApi\logs\info-2025-05-21.log:mqtt.py:99 Connected Success
INFO    2025-05-21 09:54:22,744d:\PytestAutoApi\logs\info-2025-05-21.log:mqtt.py:99 Connected Success
INFO    2025-05-21 09:54:23,749d:\PytestAutoApi\logs\info-2025-05-21.log:mqtt.py:99 Connected Success
INFO    2025-05-21 09:54:24,775d:\PytestAutoApi\logs\info-2025-05-21.log:mqtt.py:99 Connected Success
INFO    2025-05-21 09:54:25,749d:\PytestAutoApi\logs\info-2025-05-21.log:mqtt.py:99 Connected Success
INFO    2025-05-21 09:54:26,750d:\PytestAutoApi\logs\info-2025-05-21.log:mqtt.py:99 Connected Success
INFO    2025-05-21 09:54:27,748d:\PytestAutoApi\logs\info-2025-05-21.log:mqtt.py:99 Connected Success
INFO    2025-05-21 09:54:28,766d:\PytestAutoApi\logs\info-2025-05-21.log:mqtt.py:99 Connected Success
INFO    2025-05-21 09:54:29,751d:\PytestAutoApi\logs\info-2025-05-21.log:mqtt.py:99 Connected Success
INFO    2025-05-21 09:54:30,750d:\PytestAutoApi\logs\info-2025-05-21.log:mqtt.py:99 Connected Success
INFO    2025-05-21 09:54:31,775d:\PytestAutoApi\logs\info-2025-05-21.log:mqtt.py:99 Connected Success
INFO    2025-05-21 09:54:32,765d:\PytestAutoApi\logs\info-2025-05-21.log:mqtt.py:99 Connected Success
INFO    2025-05-21 09:54:33,771d:\PytestAutoApi\logs\info-2025-05-21.log:mqtt.py:99 Connected Success
INFO    2025-05-21 09:54:34,750d:\PytestAutoApi\logs\info-2025-05-21.log:mqtt.py:99 Connected Success
INFO    2025-05-21 09:54:35,772d:\PytestAutoApi\logs\info-2025-05-21.log:mqtt.py:99 Connected Success
INFO    2025-05-21 09:54:36,766d:\PytestAutoApi\logs\info-2025-05-21.log:mqtt.py:99 Connected Success
INFO    2025-05-21 09:54:37,749d:\PytestAutoApi\logs\info-2025-05-21.log:mqtt.py:99 Connected Success
INFO    2025-05-21 09:54:38,763d:\PytestAutoApi\logs\info-2025-05-21.log:mqtt.py:99 Connected Success
INFO    2025-05-21 09:54:39,773d:\PytestAutoApi\logs\info-2025-05-21.log:mqtt.py:99 Connected Success
INFO    2025-05-21 09:54:40,765d:\PytestAutoApi\logs\info-2025-05-21.log:mqtt.py:99 Connected Success
INFO    2025-05-21 09:54:41,762d:\PytestAutoApi\logs\info-2025-05-21.log:mqtt.py:99 Connected Success
INFO    2025-05-21 09:54:42,781d:\PytestAutoApi\logs\info-2025-05-21.log:mqtt.py:99 Connected Success
INFO    2025-05-21 09:54:43,759d:\PytestAutoApi\logs\info-2025-05-21.log:mqtt.py:99 Connected Success
INFO    2025-05-21 09:54:44,775d:\PytestAutoApi\logs\info-2025-05-21.log:mqtt.py:99 Connected Success
INFO    2025-05-21 09:54:45,759d:\PytestAutoApi\logs\info-2025-05-21.log:mqtt.py:99 Connected Success
INFO    2025-05-21 09:54:46,759d:\PytestAutoApi\logs\info-2025-05-21.log:mqtt.py:99 Connected Success
INFO    2025-05-21 09:54:47,771d:\PytestAutoApi\logs\info-2025-05-21.log:mqtt.py:99 Connected Success
INFO    2025-05-21 09:54:48,759d:\PytestAutoApi\logs\info-2025-05-21.log:mqtt.py:99 Connected Success
INFO    2025-05-21 09:54:49,760d:\PytestAutoApi\logs\info-2025-05-21.log:mqtt.py:99 Connected Success
INFO    2025-05-21 09:54:50,765d:\PytestAutoApi\logs\info-2025-05-21.log:mqtt.py:99 Connected Success
INFO    2025-05-21 09:54:51,760d:\PytestAutoApi\logs\info-2025-05-21.log:mqtt.py:99 Connected Success
INFO    2025-05-21 09:54:52,760d:\PytestAutoApi\logs\info-2025-05-21.log:mqtt.py:99 Connected Success
INFO    2025-05-21 09:54:53,761d:\PytestAutoApi\logs\info-2025-05-21.log:mqtt.py:99 Connected Success
INFO    2025-05-21 09:54:54,776d:\PytestAutoApi\logs\info-2025-05-21.log:mqtt.py:99 Connected Success
INFO    2025-05-21 09:54:55,772d:\PytestAutoApi\logs\info-2025-05-21.log:mqtt.py:99 Connected Success
INFO    2025-05-21 09:54:56,773d:\PytestAutoApi\logs\info-2025-05-21.log:mqtt.py:99 Connected Success
INFO    2025-05-21 09:54:57,789d:\PytestAutoApi\logs\info-2025-05-21.log:mqtt.py:99 Connected Success
INFO    2025-05-21 09:54:58,773d:\PytestAutoApi\logs\info-2025-05-21.log:mqtt.py:99 Connected Success
INFO    2025-05-21 09:54:59,776d:\PytestAutoApi\logs\info-2025-05-21.log:mqtt.py:99 Connected Success
INFO    2025-05-21 09:55:00,772d:\PytestAutoApi\logs\info-2025-05-21.log:mqtt.py:99 Connected Success
INFO    2025-05-21 09:55:01,773d:\PytestAutoApi\logs\info-2025-05-21.log:mqtt.py:99 Connected Success
INFO    2025-05-21 09:55:02,772d:\PytestAutoApi\logs\info-2025-05-21.log:mqtt.py:99 Connected Success
INFO    2025-05-21 09:55:03,774d:\PytestAutoApi\logs\info-2025-05-21.log:mqtt.py:99 Connected Success
INFO    2025-05-21 09:55:04,773d:\PytestAutoApi\logs\info-2025-05-21.log:mqtt.py:99 Connected Success
INFO    2025-05-21 09:55:05,773d:\PytestAutoApi\logs\info-2025-05-21.log:mqtt.py:99 Connected Success
INFO    2025-05-21 09:55:06,767d:\PytestAutoApi\logs\info-2025-05-21.log:mqtt.py:99 Connected Success
INFO    2025-05-21 09:55:07,774d:\PytestAutoApi\logs\info-2025-05-21.log:mqtt.py:99 Connected Success
INFO    2025-05-21 09:55:08,772d:\PytestAutoApi\logs\info-2025-05-21.log:mqtt.py:99 Connected Success
INFO    2025-05-21 09:55:09,772d:\PytestAutoApi\logs\info-2025-05-21.log:mqtt.py:99 Connected Success
INFO    2025-05-21 09:55:10,875d:\PytestAutoApi\logs\info-2025-05-21.log:mqtt.py:99 Connected Success
INFO    2025-05-21 09:55:11,870d:\PytestAutoApi\logs\info-2025-05-21.log:mqtt.py:99 Connected Success
INFO    2025-05-21 09:55:12,865d:\PytestAutoApi\logs\info-2025-05-21.log:mqtt.py:99 Connected Success
INFO    2025-05-21 09:55:13,872d:\PytestAutoApi\logs\info-2025-05-21.log:mqtt.py:99 Connected Success
INFO    2025-05-21 09:55:14,775d:\PytestAutoApi\logs\info-2025-05-21.log:mqtt.py:99 Connected Success
INFO    2025-05-21 09:55:15,780d:\PytestAutoApi\logs\info-2025-05-21.log:mqtt.py:99 Connected Success
INFO    2025-05-21 09:55:16,782d:\PytestAutoApi\logs\info-2025-05-21.log:mqtt.py:99 Connected Success
INFO    2025-05-21 09:55:17,788d:\PytestAutoApi\logs\info-2025-05-21.log:mqtt.py:99 Connected Success
INFO    2025-05-21 09:55:18,778d:\PytestAutoApi\logs\info-2025-05-21.log:mqtt.py:99 Connected Success
INFO    2025-05-21 09:55:19,789d:\PytestAutoApi\logs\info-2025-05-21.log:mqtt.py:99 Connected Success
INFO    2025-05-21 09:55:20,802d:\PytestAutoApi\logs\info-2025-05-21.log:mqtt.py:99 Connected Success
INFO    2025-05-21 09:55:21,783d:\PytestAutoApi\logs\info-2025-05-21.log:mqtt.py:99 Connected Success
INFO    2025-05-21 09:55:22,782d:\PytestAutoApi\logs\info-2025-05-21.log:mqtt.py:99 Connected Success
INFO    2025-05-21 09:55:23,860d:\PytestAutoApi\logs\info-2025-05-21.log:mqtt.py:99 Connected Success
INFO    2025-05-21 09:55:24,866d:\PytestAutoApi\logs\info-2025-05-21.log:mqtt.py:99 Connected Success
INFO    2025-05-21 09:55:25,832d:\PytestAutoApi\logs\info-2025-05-21.log:mqtt.py:99 Connected Success
INFO    2025-05-21 09:55:26,867d:\PytestAutoApi\logs\info-2025-05-21.log:mqtt.py:99 Connected Success
INFO    2025-05-21 09:55:27,781d:\PytestAutoApi\logs\info-2025-05-21.log:mqtt.py:99 Connected Success
INFO    2025-05-21 09:55:28,788d:\PytestAutoApi\logs\info-2025-05-21.log:mqtt.py:99 Connected Success
INFO    2025-05-21 09:55:29,786d:\PytestAutoApi\logs\info-2025-05-21.log:mqtt.py:99 Connected Success
INFO    2025-05-21 09:55:30,804d:\PytestAutoApi\logs\info-2025-05-21.log:mqtt.py:99 Connected Success
INFO    2025-05-21 09:55:31,798d:\PytestAutoApi\logs\info-2025-05-21.log:mqtt.py:99 Connected Success
INFO    2025-05-21 09:55:32,789d:\PytestAutoApi\logs\info-2025-05-21.log:mqtt.py:99 Connected Success
INFO    2025-05-21 09:55:33,833d:\PytestAutoApi\logs\info-2025-05-21.log:mqtt.py:99 Connected Success
INFO    2025-05-21 09:55:34,804d:\PytestAutoApi\logs\info-2025-05-21.log:mqtt.py:99 Connected Success
INFO    2025-05-21 09:55:35,800d:\PytestAutoApi\logs\info-2025-05-21.log:mqtt.py:99 Connected Success
INFO    2025-05-21 09:55:36,813d:\PytestAutoApi\logs\info-2025-05-21.log:mqtt.py:99 Connected Success
INFO    2025-05-21 09:55:37,781d:\PytestAutoApi\logs\info-2025-05-21.log:mqtt.py:99 Connected Success
INFO    2025-05-21 09:55:38,784d:\PytestAutoApi\logs\info-2025-05-21.log:mqtt.py:99 Connected Success
INFO    2025-05-21 09:55:39,788d:\PytestAutoApi\logs\info-2025-05-21.log:mqtt.py:99 Connected Success
INFO    2025-05-21 09:55:40,813d:\PytestAutoApi\logs\info-2025-05-21.log:mqtt.py:99 Connected Success
INFO    2025-05-21 09:55:41,796d:\PytestAutoApi\logs\info-2025-05-21.log:mqtt.py:99 Connected Success
INFO    2025-05-21 09:55:42,796d:\PytestAutoApi\logs\info-2025-05-21.log:mqtt.py:99 Connected Success
INFO    2025-05-21 09:55:43,808d:\PytestAutoApi\logs\info-2025-05-21.log:mqtt.py:99 Connected Success
INFO    2025-05-21 09:55:44,811d:\PytestAutoApi\logs\info-2025-05-21.log:mqtt.py:99 Connected Success
INFO    2025-05-21 09:55:45,815d:\PytestAutoApi\logs\info-2025-05-21.log:mqtt.py:99 Connected Success
INFO    2025-05-21 09:55:46,816d:\PytestAutoApi\logs\info-2025-05-21.log:mqtt.py:99 Connected Success
INFO    2025-05-21 09:55:47,818d:\PytestAutoApi\logs\info-2025-05-21.log:mqtt.py:99 Connected Success
INFO    2025-05-21 09:55:48,804d:\PytestAutoApi\logs\info-2025-05-21.log:mqtt.py:99 Connected Success
INFO    2025-05-21 09:55:49,811d:\PytestAutoApi\logs\info-2025-05-21.log:mqtt.py:99 Connected Success
INFO    2025-05-21 09:55:50,811d:\PytestAutoApi\logs\info-2025-05-21.log:mqtt.py:99 Connected Success
INFO    2025-05-21 09:55:51,803d:\PytestAutoApi\logs\info-2025-05-21.log:mqtt.py:99 Connected Success
INFO    2025-05-21 09:55:52,819d:\PytestAutoApi\logs\info-2025-05-21.log:mqtt.py:99 Connected Success
INFO    2025-05-21 09:55:53,818d:\PytestAutoApi\logs\info-2025-05-21.log:mqtt.py:99 Connected Success
INFO    2025-05-21 09:55:54,839d:\PytestAutoApi\logs\info-2025-05-21.log:mqtt.py:99 Connected Success
INFO    2025-05-21 09:55:55,809d:\PytestAutoApi\logs\info-2025-05-21.log:mqtt.py:99 Connected Success
INFO    2025-05-21 09:55:56,828d:\PytestAutoApi\logs\info-2025-05-21.log:mqtt.py:99 Connected Success
INFO    2025-05-21 09:55:57,837d:\PytestAutoApi\logs\info-2025-05-21.log:mqtt.py:99 Connected Success
INFO    2025-05-21 09:55:58,837d:\PytestAutoApi\logs\info-2025-05-21.log:mqtt.py:99 Connected Success
INFO    2025-05-21 09:55:59,819d:\PytestAutoApi\logs\info-2025-05-21.log:mqtt.py:99 Connected Success
INFO    2025-05-21 09:56:00,819d:\PytestAutoApi\logs\info-2025-05-21.log:mqtt.py:99 Connected Success
INFO    2025-05-21 09:56:01,809d:\PytestAutoApi\logs\info-2025-05-21.log:mqtt.py:99 Connected Success
INFO    2025-05-21 09:56:02,813d:\PytestAutoApi\logs\info-2025-05-21.log:mqtt.py:99 Connected Success
INFO    2025-05-21 09:56:03,817d:\PytestAutoApi\logs\info-2025-05-21.log:mqtt.py:99 Connected Success
INFO    2025-05-21 09:56:04,834d:\PytestAutoApi\logs\info-2025-05-21.log:mqtt.py:99 Connected Success
INFO    2025-05-21 09:56:05,813d:\PytestAutoApi\logs\info-2025-05-21.log:mqtt.py:99 Connected Success
INFO    2025-05-21 09:56:06,815d:\PytestAutoApi\logs\info-2025-05-21.log:mqtt.py:99 Connected Success
INFO    2025-05-21 09:56:07,813d:\PytestAutoApi\logs\info-2025-05-21.log:mqtt.py:99 Connected Success
INFO    2025-05-21 09:56:08,825d:\PytestAutoApi\logs\info-2025-05-21.log:mqtt.py:99 Connected Success
INFO    2025-05-21 09:56:09,809d:\PytestAutoApi\logs\info-2025-05-21.log:mqtt.py:99 Connected Success
INFO    2025-05-21 09:56:10,814d:\PytestAutoApi\logs\info-2025-05-21.log:mqtt.py:99 Connected Success
INFO    2025-05-21 09:56:11,805d:\PytestAutoApi\logs\info-2025-05-21.log:mqtt.py:99 Connected Success
INFO    2025-05-21 09:57:07,247d:\PytestAutoApi\logs\info-2025-05-21.log:mqtt.py:171 当前subscribe主题:plat/general_plat_to_dev/devices/d-f5701968-jmgm9cqp/send/+
INFO    2025-05-21 09:57:07,247d:\PytestAutoApi\logs\info-2025-05-21.log:mqtt.py:171 当前subscribe主题:device/network/devices/d-f5701968-jmgm9cqp/response/+
INFO    2025-05-21 09:57:07,247d:\PytestAutoApi\logs\info-2025-05-21.log:mqtt.py:174 add topic: device/network/devices/d-f5701968-jmgm9cqp/response/+
INFO    2025-05-21 09:57:07,247d:\PytestAutoApi\logs\info-2025-05-21.log:mqtt.py:171 当前subscribe主题:device/ntp/devices/d-f5701968-jmgm9cqp/response/+
INFO    2025-05-21 09:57:07,247d:\PytestAutoApi\logs\info-2025-05-21.log:mqtt.py:174 add topic: device/ntp/devices/d-f5701968-jmgm9cqp/response/+
INFO    2025-05-21 09:57:07,247d:\PytestAutoApi\logs\info-2025-05-21.log:mqtt.py:171 当前subscribe主题:plat/commands/home/+/devices/d-f5701968-jmgm9cqp/send/+
INFO    2025-05-21 09:57:07,247d:\PytestAutoApi\logs\info-2025-05-21.log:mqtt.py:171 当前subscribe主题:plat/properties_get/home/+/devices/d-f5701968-jmgm9cqp/send/+
INFO    2025-05-21 09:57:07,254d:\PytestAutoApi\logs\info-2025-05-21.log:mqtt.py:99 Connected Success
INFO    2025-05-21 10:03:29,235d:\PytestAutoApi\logs\info-2025-05-21.log:mqtt.py:113 接受设备ntp上报的消息: 'b'\x08\x8f\x9e\xb1\x92\xef2\x10\xe8\xc0\xd3\x84\xef2\x18\xa1\xc5\xd3\x84\xef2'' from topic: device/ntp/devices/d-f5701968-jmgm9cqp/response/requestId=
INFO    2025-05-21 10:03:29,273d:\PytestAutoApi\logs\info-2025-05-21.log:mqtt.py:135 服务器响ntp反序列化后数据:{'deviceSendTime': 1747821809423, 'serverRecvTime': 1747793010792, 'serverSendTime': 1747793011361}
INFO    2025-05-21 10:03:29,274d:\PytestAutoApi\logs\info-2025-05-21.log:mqtt.py:136 服务端unix时间: 1747778610982.5
INFO    2025-05-21 10:03:30,068d:\PytestAutoApi\logs\info-2025-05-21.log:mqtt.py:107 Received message: b'\n\tStartPlay\x12(ChNkLWY1NzAxOTY4LWptZ205Y3FwEOjL04TvMg==\x18\xe8\xcb\xd3\x84\xef2"\x14200-74342d68-p04fxvt' on topic plat/general_plat_to_dev/devices/d-f5701968-jmgm9cqp/send/requestId=
INFO    2025-05-21 10:09:21,293d:\PytestAutoApi\logs\info-2025-05-21.log:mqtt.py:113 接受设备ntp上报的消息: 'b'\x08\x9e\xdb\xc6\x92\xef2\x10\xbd\xfc\xe8\x84\xef2\x18\xea\x83\xe9\x84\xef2'' from topic: device/ntp/devices/d-f5701968-jmgm9cqp/response/requestId=
INFO    2025-05-21 10:09:21,293d:\PytestAutoApi\logs\info-2025-05-21.log:mqtt.py:135 服务器响ntp反序列化后数据:{'deviceSendTime': 1747822161310, 'serverRecvTime': 1747793362493, 'serverSendTime': 1747793363434}
INFO    2025-05-21 10:09:21,293d:\PytestAutoApi\logs\info-2025-05-21.log:mqtt.py:136 服务端unix时间: 1747778962955.0
INFO    2025-05-21 10:11:22,349d:\PytestAutoApi\logs\info-2025-05-21.log:mqtt.py:113 接受设备ntp上报的消息: 'b'\x08\xb5\x8d\xce\x92\xef2\x10\xdf\xb0\xf0\x84\xef2\x18\xc6\xb5\xf0\x84\xef2'' from topic: device/ntp/devices/d-f5701968-jmgm9cqp/response/requestId=
INFO    2025-05-21 10:11:22,350d:\PytestAutoApi\logs\info-2025-05-21.log:mqtt.py:135 服务器响ntp反序列化后数据:{'deviceSendTime': 1747822282421, 'serverRecvTime': 1747793483871, 'serverSendTime': 1747793484486}
INFO    2025-05-21 10:11:22,350d:\PytestAutoApi\logs\info-2025-05-21.log:mqtt.py:136 服务端unix时间: 1747779084143.0
INFO    2025-05-21 10:15:34,397d:\PytestAutoApi\logs\info-2025-05-21.log:mqtt.py:113 接受设备ntp上报的消息: 'b'\x08\xaf\xc1\xdd\x92\xef2\x10\xf8\xe2\xff\x84\xef2\x18\xe6\xe6\xff\x84\xef2'' from topic: device/ntp/devices/d-f5701968-jmgm9cqp/response/requestId=
INFO    2025-05-21 10:15:34,401d:\PytestAutoApi\logs\info-2025-05-21.log:mqtt.py:135 服务器响ntp反序列化后数据:{'deviceSendTime': 1747822534831, 'serverRecvTime': 1747793736056, 'serverSendTime': 1747793736550}
INFO    2025-05-21 10:15:34,401d:\PytestAutoApi\logs\info-2025-05-21.log:mqtt.py:136 服务端unix时间: 1747779336086.0
